[0.016s] Invoking command in '/home/ferradar/ros2_ws/build/robot_description': CMAKE_PREFIX_PATH=${CMAKE_PREFIX_PATH}:/opt/ros/humble /usr/bin/cmake --build /home/ferradar/ros2_ws/build/robot_description -- -j6 -l6
[0.041s] -- Found ament_cmake: 1.3.12 (/opt/ros/humble/share/ament_cmake/cmake)
[0.159s] -- Found rclpy: 3.3.19 (/opt/ros/humble/share/rclpy/cmake)
[0.160s] -- Found rviz2: 11.2.25 (/opt/ros/humble/share/rviz2/cmake)
[0.161s] -- Found tf2: 0.25.18 (/opt/ros/humble/share/tf2/cmake)
[0.204s] -- Found rosidl_generator_c: 3.1.8 (/opt/ros/humble/share/rosidl_generator_c/cmake)
[0.208s] -- Found rosidl_adapter: 3.1.8 (/opt/ros/humble/share/rosidl_adapter/cmake)
[0.220s] -- Found rosidl_generator_cpp: 3.1.8 (/opt/ros/humble/share/rosidl_generator_cpp/cmake)
[0.236s] -- Using all available rosidl_typesupport_c: rosidl_typesupport_fastrtps_c;rosidl_typesupport_introspection_c
[0.255s] -- Using all available rosidl_typesupport_cpp: rosidl_typesupport_fastrtps_cpp;rosidl_typesupport_introspection_cpp
[0.319s] -- Found ros_gz_sim: 0.244.20 (/opt/ros/humble/share/ros_gz_sim/cmake)
[0.371s] -- Found rmw_implementation_cmake: 6.1.2 (/opt/ros/humble/share/rmw_implementation_cmake/cmake)
[0.374s] -- Found rmw_fastrtps_cpp: 6.2.9 (/opt/ros/humble/share/rmw_fastrtps_cpp/cmake)
[0.551s] -- Using RMW implementation 'rmw_fastrtps_cpp' as default
[0.624s] -- Found ros_gz_bridge: 0.244.20 (/opt/ros/humble/share/ros_gz_bridge/cmake)
[0.698s] -- Found Protobuf: /usr/lib/x86_64-linux-gnu/libprotobuf.so (found suitable version "3.12.4", minimum required is "3") 
[0.768s] -- Found Protobuf: /usr/lib/x86_64-linux-gnu/libprotobuf.so (found version "3.12.4") 
[1.150s] -- Found ament_lint_auto: 0.12.14 (/opt/ros/humble/share/ament_lint_auto/cmake)
[1.225s] -- Added test 'flake8' to check Python code syntax and style conventions
[1.225s] -- Added test 'lint_cmake' to check CMake code style
[1.226s] -- Added test 'pep257' to check Python code against some of the docstring style conventions in PEP 257
[1.228s] -- Added test 'xmllint' to check XML markup files
[1.228s] -- Configuring done
[1.235s] -- Generating done
[1.238s] -- Build files have been written to: /home/ferradar/ros2_ws/build/robot_description
[1.264s] Invoked command in '/home/ferradar/ros2_ws/build/robot_description' returned '0': CMAKE_PREFIX_PATH=${CMAKE_PREFIX_PATH}:/opt/ros/humble /usr/bin/cmake --build /home/ferradar/ros2_ws/build/robot_description -- -j6 -l6
[1.266s] Invoking command in '/home/ferradar/ros2_ws/build/robot_description': CMAKE_PREFIX_PATH=${CMAKE_PREFIX_PATH}:/opt/ros/humble /usr/bin/cmake --install /home/ferradar/ros2_ws/build/robot_description
[1.272s] -- Install configuration: ""
[1.272s] -- Up-to-date: /home/ferradar/ros2_ws/install/robot_description/share/robot_description//config
[1.272s] -- Up-to-date: /home/ferradar/ros2_ws/install/robot_description/share/robot_description//config/ros_gz_bridge.yaml
[1.272s] -- Up-to-date: /home/ferradar/ros2_ws/install/robot_description/share/robot_description//launch
[1.272s] -- Up-to-date: /home/ferradar/ros2_ws/install/robot_description/share/robot_description//launch/robot.launch.py
[1.273s] -- Up-to-date: /home/ferradar/ros2_ws/install/robot_description/share/robot_description//models
[1.273s] -- Up-to-date: /home/ferradar/ros2_ws/install/robot_description/share/robot_description//models/nomeer_robot
[1.273s] -- Up-to-date: /home/ferradar/ros2_ws/install/robot_description/share/robot_description//models/nomeer_robot/robot.config
[1.273s] -- Up-to-date: /home/ferradar/ros2_ws/install/robot_description/share/robot_description//models/nomeer_robot/robot.sdf
[1.273s] -- Up-to-date: /home/ferradar/ros2_ws/install/robot_description/share/robot_description//worlds
[1.273s] -- Up-to-date: /home/ferradar/ros2_ws/install/robot_description/share/robot_description//worlds/industrial-warehouse.sdf
[1.273s] -- Up-to-date: /home/ferradar/ros2_ws/install/robot_description/share/robot_description//worlds/empty.sdf
[1.273s] -- Installing: /home/ferradar/ros2_ws/install/robot_description/share/robot_description//rviz
[1.273s] -- Installing: /home/ferradar/ros2_ws/install/robot_description/share/robot_description//rviz/.placeholder
[1.274s] -- Installing: /home/ferradar/ros2_ws/install/robot_description/share/robot_description//rviz/rviz.rviz
[1.274s] -- Up-to-date: /home/ferradar/ros2_ws/install/robot_description/share/ament_index/resource_index/package_run_dependencies/robot_description
[1.274s] -- Up-to-date: /home/ferradar/ros2_ws/install/robot_description/share/ament_index/resource_index/parent_prefix_path/robot_description
[1.274s] -- Up-to-date: /home/ferradar/ros2_ws/install/robot_description/share/robot_description/environment/ament_prefix_path.sh
[1.274s] -- Installing: /home/ferradar/ros2_ws/install/robot_description/share/robot_description/environment/ament_prefix_path.dsv
[1.274s] -- Up-to-date: /home/ferradar/ros2_ws/install/robot_description/share/robot_description/environment/path.sh
[1.274s] -- Installing: /home/ferradar/ros2_ws/install/robot_description/share/robot_description/environment/path.dsv
[1.274s] -- Up-to-date: /home/ferradar/ros2_ws/install/robot_description/share/robot_description/local_setup.bash
[1.274s] -- Up-to-date: /home/ferradar/ros2_ws/install/robot_description/share/robot_description/local_setup.sh
[1.274s] -- Up-to-date: /home/ferradar/ros2_ws/install/robot_description/share/robot_description/local_setup.zsh
[1.274s] -- Installing: /home/ferradar/ros2_ws/install/robot_description/share/robot_description/local_setup.dsv
[1.274s] -- Installing: /home/ferradar/ros2_ws/install/robot_description/share/robot_description/package.dsv
[1.275s] -- Up-to-date: /home/ferradar/ros2_ws/install/robot_description/share/ament_index/resource_index/packages/robot_description
[1.275s] -- Up-to-date: /home/ferradar/ros2_ws/install/robot_description/share/robot_description/cmake/robot_descriptionConfig.cmake
[1.275s] -- Up-to-date: /home/ferradar/ros2_ws/install/robot_description/share/robot_description/cmake/robot_descriptionConfig-version.cmake
[1.275s] -- Up-to-date: /home/ferradar/ros2_ws/install/robot_description/share/robot_description/package.xml
[1.276s] Invoked command in '/home/ferradar/ros2_ws/build/robot_description' returned '0': CMAKE_PREFIX_PATH=${CMAKE_PREFIX_PATH}:/opt/ros/humble /usr/bin/cmake --install /home/ferradar/ros2_ws/build/robot_description
