[0.471s] colcon DEBUG Command line arguments: ['/usr/bin/colcon', 'build', '--packages-select', 'mono_depth_onnx']
[0.471s] colcon DEBUG Parsed command line arguments: Namespace(log_base=None, log_level=None, verb_name='build', build_base='build', install_base='install', merge_install=False, symlink_install=False, test_result_base=None, continue_on_error=False, executor='parallel', parallel_workers=6, event_handlers=None, ignore_user_meta=False, metas=['./colcon.meta'], base_paths=['.'], packages_ignore=None, packages_ignore_regex=None, paths=None, packages_up_to=None, packages_up_to_regex=None, packages_above=None, packages_above_and_dependencies=None, packages_above_depth=None, packages_select_by_dep=None, packages_skip_by_dep=None, packages_skip_up_to=None, packages_select_build_failed=False, packages_skip_build_finished=False, packages_select_test_failures=False, packages_skip_test_passed=False, packages_select=['mono_depth_onnx'], packages_skip=None, packages_select_regex=None, packages_skip_regex=None, packages_start=None, packages_end=None, allow_overriding=[], cmake_args=None, cmake_target=None, cmake_target_skip_unavailable=False, cmake_clean_cache=False, cmake_clean_first=False, cmake_force_configure=False, ament_cmake_args=None, catkin_cmake_args=None, catkin_skip_building_tests=False, verb_parser=<colcon_defaults.argument_parser.defaults.DefaultArgumentsDecorator object at 0x790060407460>, verb_extension=<colcon_core.verb.build.BuildVerb object at 0x790060406f50>, main=<bound method BuildVerb.main of <colcon_core.verb.build.BuildVerb object at 0x790060406f50>>)
[0.961s] colcon.colcon_core.package_discovery Level 1 discover_packages(colcon_meta) check parameters
[0.961s] colcon.colcon_core.package_discovery Level 1 discover_packages(recursive) check parameters
[0.961s] colcon.colcon_core.package_discovery Level 1 discover_packages(ignore) check parameters
[0.961s] colcon.colcon_core.package_discovery Level 1 discover_packages(path) check parameters
[0.962s] colcon.colcon_core.package_discovery Level 1 discover_packages(colcon_meta) discover
[0.962s] colcon.colcon_core.package_discovery Level 1 discover_packages(recursive) discover
[0.962s] colcon.colcon_core.package_discovery INFO Crawling recursively for packages in '/home/ferradar/ros2_ws'
[0.962s] colcon.colcon_core.package_identification Level 1 _identify(.) by extensions ['ignore', 'ignore_ament_install']
[0.963s] colcon.colcon_core.package_identification Level 1 _identify(.) by extension 'ignore'
[0.963s] colcon.colcon_core.package_identification Level 1 _identify(.) by extension 'ignore_ament_install'
[0.963s] colcon.colcon_core.package_identification Level 1 _identify(.) by extensions ['colcon_pkg']
[0.964s] colcon.colcon_core.package_identification Level 1 _identify(.) by extension 'colcon_pkg'
[0.964s] colcon.colcon_core.package_identification Level 1 _identify(.) by extensions ['colcon_meta']
[0.964s] colcon.colcon_core.package_identification Level 1 _identify(.) by extension 'colcon_meta'
[0.964s] colcon.colcon_core.package_identification Level 1 _identify(.) by extensions ['ros']
[0.964s] colcon.colcon_core.package_identification Level 1 _identify(.) by extension 'ros'
[1.003s] colcon.colcon_core.package_identification Level 1 _identify(.) by extensions ['cmake', 'python']
[1.003s] colcon.colcon_core.package_identification Level 1 _identify(.) by extension 'cmake'
[1.003s] colcon.colcon_core.package_identification Level 1 _identify(.) by extension 'python'
[1.003s] colcon.colcon_core.package_identification Level 1 _identify(.) by extensions ['python_setup_py']
[1.003s] colcon.colcon_core.package_identification Level 1 _identify(.) by extension 'python_setup_py'
[1.004s] colcon.colcon_core.package_identification Level 1 _identify(build) by extensions ['ignore', 'ignore_ament_install']
[1.004s] colcon.colcon_core.package_identification Level 1 _identify(build) by extension 'ignore'
[1.004s] colcon.colcon_core.package_identification Level 1 _identify(build) ignored
[1.004s] colcon.colcon_core.package_identification Level 1 _identify(data) by extensions ['ignore', 'ignore_ament_install']
[1.004s] colcon.colcon_core.package_identification Level 1 _identify(data) by extension 'ignore'
[1.004s] colcon.colcon_core.package_identification Level 1 _identify(data) by extension 'ignore_ament_install'
[1.004s] colcon.colcon_core.package_identification Level 1 _identify(data) by extensions ['colcon_pkg']
[1.004s] colcon.colcon_core.package_identification Level 1 _identify(data) by extension 'colcon_pkg'
[1.004s] colcon.colcon_core.package_identification Level 1 _identify(data) by extensions ['colcon_meta']
[1.006s] colcon.colcon_core.package_identification Level 1 _identify(data) by extension 'colcon_meta'
[1.006s] colcon.colcon_core.package_identification Level 1 _identify(data) by extensions ['ros']
[1.006s] colcon.colcon_core.package_identification Level 1 _identify(data) by extension 'ros'
[1.006s] colcon.colcon_core.package_identification Level 1 _identify(data) by extensions ['cmake', 'python']
[1.006s] colcon.colcon_core.package_identification Level 1 _identify(data) by extension 'cmake'
[1.006s] colcon.colcon_core.package_identification Level 1 _identify(data) by extension 'python'
[1.007s] colcon.colcon_core.package_identification Level 1 _identify(data) by extensions ['python_setup_py']
[1.007s] colcon.colcon_core.package_identification Level 1 _identify(data) by extension 'python_setup_py'
[1.007s] colcon.colcon_core.package_identification Level 1 _identify(install) by extensions ['ignore', 'ignore_ament_install']
[1.007s] colcon.colcon_core.package_identification Level 1 _identify(install) by extension 'ignore'
[1.007s] colcon.colcon_core.package_identification Level 1 _identify(install) ignored
[1.007s] colcon.colcon_core.package_identification Level 1 _identify(log) by extensions ['ignore', 'ignore_ament_install']
[1.007s] colcon.colcon_core.package_identification Level 1 _identify(log) by extension 'ignore'
[1.007s] colcon.colcon_core.package_identification Level 1 _identify(log) ignored
[1.007s] colcon.colcon_core.package_identification Level 1 _identify(results) by extensions ['ignore', 'ignore_ament_install']
[1.007s] colcon.colcon_core.package_identification Level 1 _identify(results) by extension 'ignore'
[1.007s] colcon.colcon_core.package_identification Level 1 _identify(results) by extension 'ignore_ament_install'
[1.007s] colcon.colcon_core.package_identification Level 1 _identify(results) by extensions ['colcon_pkg']
[1.007s] colcon.colcon_core.package_identification Level 1 _identify(results) by extension 'colcon_pkg'
[1.007s] colcon.colcon_core.package_identification Level 1 _identify(results) by extensions ['colcon_meta']
[1.007s] colcon.colcon_core.package_identification Level 1 _identify(results) by extension 'colcon_meta'
[1.008s] colcon.colcon_core.package_identification Level 1 _identify(results) by extensions ['ros']
[1.008s] colcon.colcon_core.package_identification Level 1 _identify(results) by extension 'ros'
[1.008s] colcon.colcon_core.package_identification Level 1 _identify(results) by extensions ['cmake', 'python']
[1.008s] colcon.colcon_core.package_identification Level 1 _identify(results) by extension 'cmake'
[1.008s] colcon.colcon_core.package_identification Level 1 _identify(results) by extension 'python'
[1.008s] colcon.colcon_core.package_identification Level 1 _identify(results) by extensions ['python_setup_py']
[1.008s] colcon.colcon_core.package_identification Level 1 _identify(results) by extension 'python_setup_py'
[1.008s] colcon.colcon_core.package_identification Level 1 _identify(src) by extensions ['ignore', 'ignore_ament_install']
[1.008s] colcon.colcon_core.package_identification Level 1 _identify(src) by extension 'ignore'
[1.008s] colcon.colcon_core.package_identification Level 1 _identify(src) by extension 'ignore_ament_install'
[1.008s] colcon.colcon_core.package_identification Level 1 _identify(src) by extensions ['colcon_pkg']
[1.008s] colcon.colcon_core.package_identification Level 1 _identify(src) by extension 'colcon_pkg'
[1.008s] colcon.colcon_core.package_identification Level 1 _identify(src) by extensions ['colcon_meta']
[1.008s] colcon.colcon_core.package_identification Level 1 _identify(src) by extension 'colcon_meta'
[1.008s] colcon.colcon_core.package_identification Level 1 _identify(src) by extensions ['ros']
[1.008s] colcon.colcon_core.package_identification Level 1 _identify(src) by extension 'ros'
[1.010s] colcon.colcon_core.package_identification Level 1 _identify(src) by extensions ['cmake', 'python']
[1.010s] colcon.colcon_core.package_identification Level 1 _identify(src) by extension 'cmake'
[1.010s] colcon.colcon_core.package_identification Level 1 _identify(src) by extension 'python'
[1.010s] colcon.colcon_core.package_identification Level 1 _identify(src) by extensions ['python_setup_py']
[1.010s] colcon.colcon_core.package_identification Level 1 _identify(src) by extension 'python_setup_py'
[1.010s] colcon.colcon_core.package_identification Level 1 _identify(src/nomeer_robot_ros2) by extensions ['ignore', 'ignore_ament_install']
[1.010s] colcon.colcon_core.package_identification Level 1 _identify(src/nomeer_robot_ros2) by extension 'ignore'
[1.010s] colcon.colcon_core.package_identification Level 1 _identify(src/nomeer_robot_ros2) by extension 'ignore_ament_install'
[1.010s] colcon.colcon_core.package_identification Level 1 _identify(src/nomeer_robot_ros2) by extensions ['colcon_pkg']
[1.010s] colcon.colcon_core.package_identification Level 1 _identify(src/nomeer_robot_ros2) by extension 'colcon_pkg'
[1.010s] colcon.colcon_core.package_identification Level 1 _identify(src/nomeer_robot_ros2) by extensions ['colcon_meta']
[1.010s] colcon.colcon_core.package_identification Level 1 _identify(src/nomeer_robot_ros2) by extension 'colcon_meta'
[1.010s] colcon.colcon_core.package_identification Level 1 _identify(src/nomeer_robot_ros2) by extensions ['ros']
[1.011s] colcon.colcon_core.package_identification Level 1 _identify(src/nomeer_robot_ros2) by extension 'ros'
[1.011s] colcon.colcon_core.package_identification Level 1 _identify(src/nomeer_robot_ros2) by extensions ['cmake', 'python']
[1.011s] colcon.colcon_core.package_identification Level 1 _identify(src/nomeer_robot_ros2) by extension 'cmake'
[1.011s] colcon.colcon_core.package_identification Level 1 _identify(src/nomeer_robot_ros2) by extension 'python'
[1.011s] colcon.colcon_core.package_identification Level 1 _identify(src/nomeer_robot_ros2) by extensions ['python_setup_py']
[1.011s] colcon.colcon_core.package_identification Level 1 _identify(src/nomeer_robot_ros2) by extension 'python_setup_py'
[1.012s] colcon.colcon_core.package_identification Level 1 _identify(src/nomeer_robot_ros2/Docs) by extensions ['ignore', 'ignore_ament_install']
[1.012s] colcon.colcon_core.package_identification Level 1 _identify(src/nomeer_robot_ros2/Docs) by extension 'ignore'
[1.012s] colcon.colcon_core.package_identification Level 1 _identify(src/nomeer_robot_ros2/Docs) by extension 'ignore_ament_install'
[1.012s] colcon.colcon_core.package_identification Level 1 _identify(src/nomeer_robot_ros2/Docs) by extensions ['colcon_pkg']
[1.012s] colcon.colcon_core.package_identification Level 1 _identify(src/nomeer_robot_ros2/Docs) by extension 'colcon_pkg'
[1.012s] colcon.colcon_core.package_identification Level 1 _identify(src/nomeer_robot_ros2/Docs) by extensions ['colcon_meta']
[1.012s] colcon.colcon_core.package_identification Level 1 _identify(src/nomeer_robot_ros2/Docs) by extension 'colcon_meta'
[1.012s] colcon.colcon_core.package_identification Level 1 _identify(src/nomeer_robot_ros2/Docs) by extensions ['ros']
[1.012s] colcon.colcon_core.package_identification Level 1 _identify(src/nomeer_robot_ros2/Docs) by extension 'ros'
[1.013s] colcon.colcon_core.package_identification Level 1 _identify(src/nomeer_robot_ros2/Docs) by extensions ['cmake', 'python']
[1.013s] colcon.colcon_core.package_identification Level 1 _identify(src/nomeer_robot_ros2/Docs) by extension 'cmake'
[1.013s] colcon.colcon_core.package_identification Level 1 _identify(src/nomeer_robot_ros2/Docs) by extension 'python'
[1.013s] colcon.colcon_core.package_identification Level 1 _identify(src/nomeer_robot_ros2/Docs) by extensions ['python_setup_py']
[1.013s] colcon.colcon_core.package_identification Level 1 _identify(src/nomeer_robot_ros2/Docs) by extension 'python_setup_py'
[1.013s] colcon.colcon_core.package_identification Level 1 _identify(src/nomeer_robot_ros2/src) by extensions ['ignore', 'ignore_ament_install']
[1.013s] colcon.colcon_core.package_identification Level 1 _identify(src/nomeer_robot_ros2/src) by extension 'ignore'
[1.013s] colcon.colcon_core.package_identification Level 1 _identify(src/nomeer_robot_ros2/src) by extension 'ignore_ament_install'
[1.013s] colcon.colcon_core.package_identification Level 1 _identify(src/nomeer_robot_ros2/src) by extensions ['colcon_pkg']
[1.013s] colcon.colcon_core.package_identification Level 1 _identify(src/nomeer_robot_ros2/src) by extension 'colcon_pkg'
[1.013s] colcon.colcon_core.package_identification Level 1 _identify(src/nomeer_robot_ros2/src) by extensions ['colcon_meta']
[1.013s] colcon.colcon_core.package_identification Level 1 _identify(src/nomeer_robot_ros2/src) by extension 'colcon_meta'
[1.013s] colcon.colcon_core.package_identification Level 1 _identify(src/nomeer_robot_ros2/src) by extensions ['ros']
[1.013s] colcon.colcon_core.package_identification Level 1 _identify(src/nomeer_robot_ros2/src) by extension 'ros'
[1.013s] colcon.colcon_core.package_identification Level 1 _identify(src/nomeer_robot_ros2/src) by extensions ['cmake', 'python']
[1.013s] colcon.colcon_core.package_identification Level 1 _identify(src/nomeer_robot_ros2/src) by extension 'cmake'
[1.013s] colcon.colcon_core.package_identification Level 1 _identify(src/nomeer_robot_ros2/src) by extension 'python'
[1.013s] colcon.colcon_core.package_identification Level 1 _identify(src/nomeer_robot_ros2/src) by extensions ['python_setup_py']
[1.013s] colcon.colcon_core.package_identification Level 1 _identify(src/nomeer_robot_ros2/src) by extension 'python_setup_py'
[1.013s] colcon.colcon_core.package_identification Level 1 _identify(src/nomeer_robot_ros2/src/autonomous_patrol) by extensions ['ignore', 'ignore_ament_install']
[1.014s] colcon.colcon_core.package_identification Level 1 _identify(src/nomeer_robot_ros2/src/autonomous_patrol) by extension 'ignore'
[1.014s] colcon.colcon_core.package_identification Level 1 _identify(src/nomeer_robot_ros2/src/autonomous_patrol) by extension 'ignore_ament_install'
[1.014s] colcon.colcon_core.package_identification Level 1 _identify(src/nomeer_robot_ros2/src/autonomous_patrol) by extensions ['colcon_pkg']
[1.014s] colcon.colcon_core.package_identification Level 1 _identify(src/nomeer_robot_ros2/src/autonomous_patrol) by extension 'colcon_pkg'
[1.014s] colcon.colcon_core.package_identification Level 1 _identify(src/nomeer_robot_ros2/src/autonomous_patrol) by extensions ['colcon_meta']
[1.014s] colcon.colcon_core.package_identification Level 1 _identify(src/nomeer_robot_ros2/src/autonomous_patrol) by extension 'colcon_meta'
[1.014s] colcon.colcon_core.package_identification Level 1 _identify(src/nomeer_robot_ros2/src/autonomous_patrol) by extensions ['ros']
[1.014s] colcon.colcon_core.package_identification Level 1 _identify(src/nomeer_robot_ros2/src/autonomous_patrol) by extension 'ros'
[1.026s] colcon.colcon_core.package_identification DEBUG Package 'src/nomeer_robot_ros2/src/autonomous_patrol' with type 'ros.ament_cmake' and name 'autonomous_patrol'
[1.026s] colcon.colcon_core.package_identification Level 1 _identify(src/nomeer_robot_ros2/src/mono_depth_onnx) by extensions ['ignore', 'ignore_ament_install']
[1.027s] colcon.colcon_core.package_identification Level 1 _identify(src/nomeer_robot_ros2/src/mono_depth_onnx) by extension 'ignore'
[1.027s] colcon.colcon_core.package_identification Level 1 _identify(src/nomeer_robot_ros2/src/mono_depth_onnx) by extension 'ignore_ament_install'
[1.027s] colcon.colcon_core.package_identification Level 1 _identify(src/nomeer_robot_ros2/src/mono_depth_onnx) by extensions ['colcon_pkg']
[1.027s] colcon.colcon_core.package_identification Level 1 _identify(src/nomeer_robot_ros2/src/mono_depth_onnx) by extension 'colcon_pkg'
[1.027s] colcon.colcon_core.package_identification Level 1 _identify(src/nomeer_robot_ros2/src/mono_depth_onnx) by extensions ['colcon_meta']
[1.027s] colcon.colcon_core.package_identification Level 1 _identify(src/nomeer_robot_ros2/src/mono_depth_onnx) by extension 'colcon_meta'
[1.027s] colcon.colcon_core.package_identification Level 1 _identify(src/nomeer_robot_ros2/src/mono_depth_onnx) by extensions ['ros']
[1.027s] colcon.colcon_core.package_identification Level 1 _identify(src/nomeer_robot_ros2/src/mono_depth_onnx) by extension 'ros'
[1.029s] colcon.colcon_core.package_identification DEBUG Package 'src/nomeer_robot_ros2/src/mono_depth_onnx' with type 'ros.ament_cmake' and name 'mono_depth_onnx'
[1.029s] colcon.colcon_core.package_identification Level 1 _identify(src/nomeer_robot_ros2/src/robot_description) by extensions ['ignore', 'ignore_ament_install']
[1.029s] colcon.colcon_core.package_identification Level 1 _identify(src/nomeer_robot_ros2/src/robot_description) by extension 'ignore'
[1.029s] colcon.colcon_core.package_identification Level 1 _identify(src/nomeer_robot_ros2/src/robot_description) by extension 'ignore_ament_install'
[1.029s] colcon.colcon_core.package_identification Level 1 _identify(src/nomeer_robot_ros2/src/robot_description) by extensions ['colcon_pkg']
[1.029s] colcon.colcon_core.package_identification Level 1 _identify(src/nomeer_robot_ros2/src/robot_description) by extension 'colcon_pkg'
[1.029s] colcon.colcon_core.package_identification Level 1 _identify(src/nomeer_robot_ros2/src/robot_description) by extensions ['colcon_meta']
[1.029s] colcon.colcon_core.package_identification Level 1 _identify(src/nomeer_robot_ros2/src/robot_description) by extension 'colcon_meta'
[1.029s] colcon.colcon_core.package_identification Level 1 _identify(src/nomeer_robot_ros2/src/robot_description) by extensions ['ros']
[1.029s] colcon.colcon_core.package_identification Level 1 _identify(src/nomeer_robot_ros2/src/robot_description) by extension 'ros'
[1.033s] colcon.colcon_core.package_identification DEBUG Package 'src/nomeer_robot_ros2/src/robot_description' with type 'ros.ament_cmake' and name 'robot_description'
[1.036s] colcon.colcon_core.package_identification Level 1 _identify(src/nomeer_robot_ros2/src/teleop_twist_keyboard) by extensions ['ignore', 'ignore_ament_install']
[1.036s] colcon.colcon_core.package_identification Level 1 _identify(src/nomeer_robot_ros2/src/teleop_twist_keyboard) by extension 'ignore'
[1.036s] colcon.colcon_core.package_identification Level 1 _identify(src/nomeer_robot_ros2/src/teleop_twist_keyboard) by extension 'ignore_ament_install'
[1.036s] colcon.colcon_core.package_identification Level 1 _identify(src/nomeer_robot_ros2/src/teleop_twist_keyboard) by extensions ['colcon_pkg']
[1.036s] colcon.colcon_core.package_identification Level 1 _identify(src/nomeer_robot_ros2/src/teleop_twist_keyboard) by extension 'colcon_pkg'
[1.036s] colcon.colcon_core.package_identification Level 1 _identify(src/nomeer_robot_ros2/src/teleop_twist_keyboard) by extensions ['colcon_meta']
[1.036s] colcon.colcon_core.package_identification Level 1 _identify(src/nomeer_robot_ros2/src/teleop_twist_keyboard) by extension 'colcon_meta'
[1.036s] colcon.colcon_core.package_identification Level 1 _identify(src/nomeer_robot_ros2/src/teleop_twist_keyboard) by extensions ['ros']
[1.036s] colcon.colcon_core.package_identification Level 1 _identify(src/nomeer_robot_ros2/src/teleop_twist_keyboard) by extension 'ros'
[1.037s] colcon.colcon_core.package_identification Level 1 _identify(src/nomeer_robot_ros2/src/teleop_twist_keyboard) by extensions ['cmake', 'python']
[1.037s] colcon.colcon_core.package_identification Level 1 _identify(src/nomeer_robot_ros2/src/teleop_twist_keyboard) by extension 'cmake'
[1.037s] colcon.colcon_core.package_identification Level 1 _identify(src/nomeer_robot_ros2/src/teleop_twist_keyboard) by extension 'python'
[1.037s] colcon.colcon_core.package_identification Level 1 _identify(src/nomeer_robot_ros2/src/teleop_twist_keyboard) by extensions ['python_setup_py']
[1.037s] colcon.colcon_core.package_identification Level 1 _identify(src/nomeer_robot_ros2/src/teleop_twist_keyboard) by extension 'python_setup_py'
[1.037s] colcon.colcon_core.package_discovery Level 1 discover_packages(recursive) using defaults
[1.037s] colcon.colcon_core.package_discovery Level 1 discover_packages(ignore) discover
[1.037s] colcon.colcon_core.package_discovery Level 1 discover_packages(ignore) using defaults
[1.037s] colcon.colcon_core.package_discovery Level 1 discover_packages(path) discover
[1.037s] colcon.colcon_core.package_discovery Level 1 discover_packages(path) using defaults
[1.154s] colcon.colcon_core.package_selection INFO Skipping not selected package 'autonomous_patrol' in 'src/nomeer_robot_ros2/src/autonomous_patrol'
[1.155s] colcon.colcon_core.package_selection INFO Skipping not selected package 'robot_description' in 'src/nomeer_robot_ros2/src/robot_description'
[1.157s] colcon.colcon_core.package_discovery Level 1 discover_packages(prefix_path) check parameters
[1.157s] colcon.colcon_core.package_discovery Level 1 discover_packages(prefix_path) discover
[1.162s] colcon.colcon_installed_package_information.package_discovery DEBUG Found 3 installed packages in /home/ferradar/ros2_ws/install
[1.172s] colcon.colcon_installed_package_information.package_discovery DEBUG Found 289 installed packages in /opt/ros/humble
[1.183s] colcon.colcon_core.package_discovery Level 1 discover_packages(prefix_path) using defaults
[1.392s] colcon.colcon_core.verb Level 5 set package 'mono_depth_onnx' build argument 'cmake_args' from command line to 'None'
[1.392s] colcon.colcon_core.verb Level 5 set package 'mono_depth_onnx' build argument 'cmake_target' from command line to 'None'
[1.393s] colcon.colcon_core.verb Level 5 set package 'mono_depth_onnx' build argument 'cmake_target_skip_unavailable' from command line to 'False'
[1.393s] colcon.colcon_core.verb Level 5 set package 'mono_depth_onnx' build argument 'cmake_clean_cache' from command line to 'False'
[1.393s] colcon.colcon_core.verb Level 5 set package 'mono_depth_onnx' build argument 'cmake_clean_first' from command line to 'False'
[1.393s] colcon.colcon_core.verb Level 5 set package 'mono_depth_onnx' build argument 'cmake_force_configure' from command line to 'False'
[1.393s] colcon.colcon_core.verb Level 5 set package 'mono_depth_onnx' build argument 'ament_cmake_args' from command line to 'None'
[1.393s] colcon.colcon_core.verb Level 5 set package 'mono_depth_onnx' build argument 'catkin_cmake_args' from command line to 'None'
[1.393s] colcon.colcon_core.verb Level 5 set package 'mono_depth_onnx' build argument 'catkin_skip_building_tests' from command line to 'False'
[1.393s] colcon.colcon_core.verb DEBUG Building package 'mono_depth_onnx' with the following arguments: {'ament_cmake_args': None, 'build_base': '/home/ferradar/ros2_ws/build/mono_depth_onnx', 'catkin_cmake_args': None, 'catkin_skip_building_tests': False, 'cmake_args': None, 'cmake_clean_cache': False, 'cmake_clean_first': False, 'cmake_force_configure': False, 'cmake_target': None, 'cmake_target_skip_unavailable': False, 'install_base': '/home/ferradar/ros2_ws/install/mono_depth_onnx', 'merge_install': False, 'path': '/home/ferradar/ros2_ws/src/nomeer_robot_ros2/src/mono_depth_onnx', 'symlink_install': False, 'test_result_base': None}
[1.393s] colcon.colcon_core.executor INFO Executing jobs using 'parallel' executor
[1.398s] colcon.colcon_parallel_executor.executor.parallel DEBUG run_until_complete
[1.408s] colcon.colcon_ros.task.ament_cmake.build INFO Building ROS package in '/home/ferradar/ros2_ws/src/nomeer_robot_ros2/src/mono_depth_onnx' with build type 'ament_cmake'
[1.408s] colcon.colcon_cmake.task.cmake.build INFO Building CMake package in '/home/ferradar/ros2_ws/src/nomeer_robot_ros2/src/mono_depth_onnx'
[1.410s] colcon.colcon_core.plugin_system INFO Skipping extension 'colcon_core.shell.bat': Not used on non-Windows systems
[1.410s] colcon.colcon_core.shell INFO Skip shell extension 'powershell' for command environment: Not usable outside of PowerShell
[1.410s] colcon.colcon_core.shell DEBUG Skip shell extension 'dsv' for command environment
[1.449s] colcon.colcon_core.event_handler.log_command DEBUG Invoking command in '/home/ferradar/ros2_ws/build/mono_depth_onnx': CMAKE_PREFIX_PATH=${CMAKE_PREFIX_PATH}:/opt/ros/humble /usr/bin/cmake --build /home/ferradar/ros2_ws/build/mono_depth_onnx -- -j6 -l6
[2.617s] colcon.colcon_core.event_handler.log_command DEBUG Invoked command in '/home/ferradar/ros2_ws/build/mono_depth_onnx' returned '0': CMAKE_PREFIX_PATH=${CMAKE_PREFIX_PATH}:/opt/ros/humble /usr/bin/cmake --build /home/ferradar/ros2_ws/build/mono_depth_onnx -- -j6 -l6
[2.648s] colcon.colcon_core.event_handler.log_command DEBUG Invoking command in '/home/ferradar/ros2_ws/build/mono_depth_onnx': CMAKE_PREFIX_PATH=${CMAKE_PREFIX_PATH}:/opt/ros/humble /usr/bin/cmake --install /home/ferradar/ros2_ws/build/mono_depth_onnx
[2.834s] colcon.colcon_core.environment Level 1 create_environment_scripts_only(mono_depth_onnx)
[2.835s] colcon.colcon_core.event_handler.log_command DEBUG Invoked command in '/home/ferradar/ros2_ws/build/mono_depth_onnx' returned '0': CMAKE_PREFIX_PATH=${CMAKE_PREFIX_PATH}:/opt/ros/humble /usr/bin/cmake --install /home/ferradar/ros2_ws/build/mono_depth_onnx
[2.852s] colcon.colcon_core.environment Level 1 checking '/home/ferradar/ros2_ws/install/mono_depth_onnx' for CMake module files
[2.852s] colcon.colcon_core.environment Level 1 checking '/home/ferradar/ros2_ws/install/mono_depth_onnx' for CMake config files
[2.853s] colcon.colcon_core.shell Level 1 create_environment_hook('mono_depth_onnx', 'cmake_prefix_path')
[2.853s] colcon.colcon_core.shell INFO Creating environment hook '/home/ferradar/ros2_ws/install/mono_depth_onnx/share/mono_depth_onnx/hook/cmake_prefix_path.ps1'
[2.854s] colcon.colcon_core.shell INFO Creating environment descriptor '/home/ferradar/ros2_ws/install/mono_depth_onnx/share/mono_depth_onnx/hook/cmake_prefix_path.dsv'
[2.867s] colcon.colcon_core.shell INFO Creating environment hook '/home/ferradar/ros2_ws/install/mono_depth_onnx/share/mono_depth_onnx/hook/cmake_prefix_path.sh'
[2.868s] colcon.colcon_core.environment Level 1 checking '/home/ferradar/ros2_ws/install/mono_depth_onnx/lib'
[2.868s] colcon.colcon_core.environment Level 1 checking '/home/ferradar/ros2_ws/install/mono_depth_onnx/bin'
[2.868s] colcon.colcon_core.environment Level 1 checking '/home/ferradar/ros2_ws/install/mono_depth_onnx/lib/pkgconfig/mono_depth_onnx.pc'
[2.869s] colcon.colcon_core.environment Level 1 checking '/home/ferradar/ros2_ws/install/mono_depth_onnx/lib/python3.10/site-packages'
[2.879s] colcon.colcon_core.environment Level 1 checking '/home/ferradar/ros2_ws/install/mono_depth_onnx/bin'
[2.879s] colcon.colcon_core.shell INFO Creating package script '/home/ferradar/ros2_ws/install/mono_depth_onnx/share/mono_depth_onnx/package.ps1'
[2.880s] colcon.colcon_core.shell INFO Creating package descriptor '/home/ferradar/ros2_ws/install/mono_depth_onnx/share/mono_depth_onnx/package.dsv'
[2.881s] colcon.colcon_core.shell INFO Creating package script '/home/ferradar/ros2_ws/install/mono_depth_onnx/share/mono_depth_onnx/package.sh'
[2.882s] colcon.colcon_core.shell INFO Creating package script '/home/ferradar/ros2_ws/install/mono_depth_onnx/share/mono_depth_onnx/package.bash'
[2.892s] colcon.colcon_core.shell INFO Creating package script '/home/ferradar/ros2_ws/install/mono_depth_onnx/share/mono_depth_onnx/package.zsh'
[2.893s] colcon.colcon_core.environment Level 1 create_file_with_runtime_dependencies(/home/ferradar/ros2_ws/install/mono_depth_onnx/share/colcon-core/packages/mono_depth_onnx)
[2.894s] colcon.colcon_core.environment Level 1 create_environment_scripts_only(mono_depth_onnx)
[2.894s] colcon.colcon_core.environment Level 1 checking '/home/ferradar/ros2_ws/install/mono_depth_onnx' for CMake module files
[2.904s] colcon.colcon_core.environment Level 1 checking '/home/ferradar/ros2_ws/install/mono_depth_onnx' for CMake config files
[2.904s] colcon.colcon_core.shell Level 1 create_environment_hook('mono_depth_onnx', 'cmake_prefix_path')
[2.904s] colcon.colcon_core.shell INFO Creating environment hook '/home/ferradar/ros2_ws/install/mono_depth_onnx/share/mono_depth_onnx/hook/cmake_prefix_path.ps1'
[2.905s] colcon.colcon_core.shell INFO Creating environment descriptor '/home/ferradar/ros2_ws/install/mono_depth_onnx/share/mono_depth_onnx/hook/cmake_prefix_path.dsv'
[2.905s] colcon.colcon_core.shell INFO Creating environment hook '/home/ferradar/ros2_ws/install/mono_depth_onnx/share/mono_depth_onnx/hook/cmake_prefix_path.sh'
[2.906s] colcon.colcon_core.environment Level 1 checking '/home/ferradar/ros2_ws/install/mono_depth_onnx/lib'
[2.906s] colcon.colcon_core.environment Level 1 checking '/home/ferradar/ros2_ws/install/mono_depth_onnx/bin'
[2.906s] colcon.colcon_core.environment Level 1 checking '/home/ferradar/ros2_ws/install/mono_depth_onnx/lib/pkgconfig/mono_depth_onnx.pc'
[2.916s] colcon.colcon_core.environment Level 1 checking '/home/ferradar/ros2_ws/install/mono_depth_onnx/lib/python3.10/site-packages'
[2.916s] colcon.colcon_core.environment Level 1 checking '/home/ferradar/ros2_ws/install/mono_depth_onnx/bin'
[2.916s] colcon.colcon_core.shell INFO Creating package script '/home/ferradar/ros2_ws/install/mono_depth_onnx/share/mono_depth_onnx/package.ps1'
[2.917s] colcon.colcon_core.shell INFO Creating package descriptor '/home/ferradar/ros2_ws/install/mono_depth_onnx/share/mono_depth_onnx/package.dsv'
[2.917s] colcon.colcon_core.shell INFO Creating package script '/home/ferradar/ros2_ws/install/mono_depth_onnx/share/mono_depth_onnx/package.sh'
[2.918s] colcon.colcon_core.shell INFO Creating package script '/home/ferradar/ros2_ws/install/mono_depth_onnx/share/mono_depth_onnx/package.bash'
[2.929s] colcon.colcon_core.shell INFO Creating package script '/home/ferradar/ros2_ws/install/mono_depth_onnx/share/mono_depth_onnx/package.zsh'
[2.929s] colcon.colcon_core.environment Level 1 create_file_with_runtime_dependencies(/home/ferradar/ros2_ws/install/mono_depth_onnx/share/colcon-core/packages/mono_depth_onnx)
[2.930s] colcon.colcon_parallel_executor.executor.parallel DEBUG closing loop
[2.930s] colcon.colcon_parallel_executor.executor.parallel DEBUG loop closed
[2.930s] colcon.colcon_parallel_executor.executor.parallel DEBUG run_until_complete finished with '0'
[2.930s] colcon.colcon_core.event_reactor DEBUG joining thread
[2.943s] colcon.colcon_core.plugin_system INFO Skipping extension 'colcon_notification.desktop_notification.terminal_notifier': Not used on non-Darwin systems
[2.944s] colcon.colcon_core.plugin_system INFO Skipping extension 'colcon_notification.desktop_notification.win32': Not used on non-Windows systems
[2.944s] colcon.colcon_notification.desktop_notification INFO Sending desktop notification using 'notify2'
[3.005s] colcon.colcon_core.event_reactor DEBUG joined thread
[3.005s] colcon.colcon_core.shell INFO Creating prefix script '/home/ferradar/ros2_ws/install/local_setup.ps1'
[3.011s] colcon.colcon_core.shell INFO Creating prefix util module '/home/ferradar/ros2_ws/install/_local_setup_util_ps1.py'
[3.016s] colcon.colcon_core.shell INFO Creating prefix chain script '/home/ferradar/ros2_ws/install/setup.ps1'
[3.017s] colcon.colcon_core.shell INFO Creating prefix script '/home/ferradar/ros2_ws/install/local_setup.sh'
[3.024s] colcon.colcon_core.shell INFO Creating prefix util module '/home/ferradar/ros2_ws/install/_local_setup_util_sh.py'
[3.025s] colcon.colcon_core.shell INFO Creating prefix chain script '/home/ferradar/ros2_ws/install/setup.sh'
[3.026s] colcon.colcon_core.shell INFO Creating prefix script '/home/ferradar/ros2_ws/install/local_setup.bash'
[3.032s] colcon.colcon_core.shell INFO Creating prefix chain script '/home/ferradar/ros2_ws/install/setup.bash'
[3.044s] colcon.colcon_core.shell INFO Creating prefix script '/home/ferradar/ros2_ws/install/local_setup.zsh'
[3.052s] colcon.colcon_core.shell INFO Creating prefix chain script '/home/ferradar/ros2_ws/install/setup.zsh'
