[0.038s] Invoking command in '/home/ferradar/ros2_ws/build/robot_description': CMAKE_PREFIX_PATH=${CMAKE_PREFIX_PATH}:/opt/ros/humble /usr/bin/cmake /home/ferradar/ros2_ws/src/nomeer_robot_ros2/src/robot_description -DCMAKE_INSTALL_PREFIX=/home/ferradar/ros2_ws/install/robot_description
[0.180s] -- The C compiler identification is GNU 11.4.0
[0.377s] -- The CXX compiler identification is GNU 11.4.0
[0.392s] -- Detecting C compiler ABI info
[0.526s] -- Detecting C compiler ABI info - done
[0.564s] -- Check for working C compiler: /usr/bin/cc - skipped
[0.564s] -- Detecting C compile features
[0.565s] -- Detecting C compile features - done
[0.575s] -- Detecting CXX compiler ABI info
[0.720s] -- Detecting CXX compiler ABI info - done
[0.750s] -- Check for working CXX compiler: /usr/bin/c++ - skipped
[0.750s] -- Detecting CXX compile features
[0.752s] -- Detecting CXX compile features - done
[0.758s] -- Found ament_cmake: 1.3.12 (/opt/ros/humble/share/ament_cmake/cmake)
[1.000s] -- Found Python3: /usr/bin/python3 (found version "3.10.12") found components: Interpreter 
[1.104s] -- Found rclpy: 3.3.19 (/opt/ros/humble/share/rclpy/cmake)
[1.108s] -- Found rviz2: 11.2.25 (/opt/ros/humble/share/rviz2/cmake)
[1.115s] -- Found tf2: 0.25.18 (/opt/ros/humble/share/tf2/cmake)
[1.239s] -- Found rosidl_generator_c: 3.1.8 (/opt/ros/humble/share/rosidl_generator_c/cmake)
[1.254s] -- Found rosidl_adapter: 3.1.8 (/opt/ros/humble/share/rosidl_adapter/cmake)
[1.285s] -- Found rosidl_generator_cpp: 3.1.8 (/opt/ros/humble/share/rosidl_generator_cpp/cmake)
[1.313s] -- Using all available rosidl_typesupport_c: rosidl_typesupport_fastrtps_c;rosidl_typesupport_introspection_c
[1.357s] -- Using all available rosidl_typesupport_cpp: rosidl_typesupport_fastrtps_cpp;rosidl_typesupport_introspection_cpp
[1.532s] -- Found ros_gz_sim: 0.244.20 (/opt/ros/humble/share/ros_gz_sim/cmake)
[1.656s] -- Found rmw_implementation_cmake: 6.1.2 (/opt/ros/humble/share/rmw_implementation_cmake/cmake)
[1.669s] -- Found rmw_fastrtps_cpp: 6.2.9 (/opt/ros/humble/share/rmw_fastrtps_cpp/cmake)
[1.844s] -- Found OpenSSL: /usr/lib/x86_64-linux-gnu/libcrypto.so (found version "3.0.2")  
[1.895s] -- Found FastRTPS: /opt/ros/humble/include  
[1.987s] -- Using RMW implementation 'rmw_fastrtps_cpp' as default
[2.006s] -- Looking for pthread.h
[2.185s] -- Looking for pthread.h - found
[2.185s] -- Performing Test CMAKE_HAVE_LIBC_PTHREAD
[2.318s] -- Performing Test CMAKE_HAVE_LIBC_PTHREAD - Success
[2.318s] -- Found Threads: TRUE  
[2.451s] -- Found ros_gz_bridge: 0.244.20 (/opt/ros/humble/share/ros_gz_bridge/cmake)
[2.623s] -- Found Protobuf: /usr/lib/x86_64-linux-gnu/libprotobuf.so (found suitable version "3.12.4", minimum required is "3") 
[2.796s] -- Found Protobuf: /usr/lib/x86_64-linux-gnu/libprotobuf.so (found version "3.12.4") 
[3.497s] -- Found ament_lint_auto: 0.12.14 (/opt/ros/humble/share/ament_lint_auto/cmake)
[3.632s] -- Added test 'flake8' to check Python code syntax and style conventions
[3.634s] -- Added test 'lint_cmake' to check CMake code style
[3.635s] -- Added test 'pep257' to check Python code against some of the docstring style conventions in PEP 257
[3.638s] -- Added test 'xmllint' to check XML markup files
[3.642s] -- Configuring done
[3.648s] -- Generating done
[3.651s] -- Build files have been written to: /home/ferradar/ros2_ws/build/robot_description
[3.675s] Invoked command in '/home/ferradar/ros2_ws/build/robot_description' returned '0': CMAKE_PREFIX_PATH=${CMAKE_PREFIX_PATH}:/opt/ros/humble /usr/bin/cmake /home/ferradar/ros2_ws/src/nomeer_robot_ros2/src/robot_description -DCMAKE_INSTALL_PREFIX=/home/ferradar/ros2_ws/install/robot_description
[3.677s] Invoking command in '/home/ferradar/ros2_ws/build/robot_description': CMAKE_PREFIX_PATH=${CMAKE_PREFIX_PATH}:/opt/ros/humble /usr/bin/cmake --build /home/ferradar/ros2_ws/build/robot_description -- -j6 -l6
[3.751s] Invoked command in '/home/ferradar/ros2_ws/build/robot_description' returned '0': CMAKE_PREFIX_PATH=${CMAKE_PREFIX_PATH}:/opt/ros/humble /usr/bin/cmake --build /home/ferradar/ros2_ws/build/robot_description -- -j6 -l6
[3.751s] Invoking command in '/home/ferradar/ros2_ws/build/robot_description': CMAKE_PREFIX_PATH=${CMAKE_PREFIX_PATH}:/opt/ros/humble /usr/bin/cmake --install /home/ferradar/ros2_ws/build/robot_description
[3.760s] -- Install configuration: ""
[3.760s] -- Installing: /home/ferradar/ros2_ws/install/robot_description/share/robot_description//config
[3.761s] -- Installing: /home/ferradar/ros2_ws/install/robot_description/share/robot_description//config/ros_gz_bridge.yaml
[3.761s] -- Installing: /home/ferradar/ros2_ws/install/robot_description/share/robot_description//launch
[3.761s] -- Installing: /home/ferradar/ros2_ws/install/robot_description/share/robot_description//launch/robot.launch.py
[3.762s] -- Installing: /home/ferradar/ros2_ws/install/robot_description/share/robot_description//models
[3.762s] -- Installing: /home/ferradar/ros2_ws/install/robot_description/share/robot_description//models/nomeer_robot
[3.762s] -- Installing: /home/ferradar/ros2_ws/install/robot_description/share/robot_description//models/nomeer_robot/robot.config
[3.764s] -- Installing: /home/ferradar/ros2_ws/install/robot_description/share/robot_description//models/nomeer_robot/robot.sdf
[3.765s] -- Installing: /home/ferradar/ros2_ws/install/robot_description/share/robot_description//worlds
[3.765s] -- Installing: /home/ferradar/ros2_ws/install/robot_description/share/robot_description//worlds/industrial-warehouse.sdf
[3.765s] -- Installing: /home/ferradar/ros2_ws/install/robot_description/share/robot_description//worlds/empty.sdf
[3.766s] -- Installing: /home/ferradar/ros2_ws/install/robot_description/share/ament_index/resource_index/package_run_dependencies/robot_description
[3.766s] -- Installing: /home/ferradar/ros2_ws/install/robot_description/share/ament_index/resource_index/parent_prefix_path/robot_description
[3.767s] -- Installing: /home/ferradar/ros2_ws/install/robot_description/share/robot_description/environment/ament_prefix_path.sh
[3.767s] -- Installing: /home/ferradar/ros2_ws/install/robot_description/share/robot_description/environment/ament_prefix_path.dsv
[3.767s] -- Installing: /home/ferradar/ros2_ws/install/robot_description/share/robot_description/environment/path.sh
[3.768s] -- Installing: /home/ferradar/ros2_ws/install/robot_description/share/robot_description/environment/path.dsv
[3.768s] -- Installing: /home/ferradar/ros2_ws/install/robot_description/share/robot_description/local_setup.bash
[3.768s] -- Installing: /home/ferradar/ros2_ws/install/robot_description/share/robot_description/local_setup.sh
[3.769s] -- Installing: /home/ferradar/ros2_ws/install/robot_description/share/robot_description/local_setup.zsh
[3.769s] -- Installing: /home/ferradar/ros2_ws/install/robot_description/share/robot_description/local_setup.dsv
[3.769s] -- Installing: /home/ferradar/ros2_ws/install/robot_description/share/robot_description/package.dsv
[3.770s] -- Installing: /home/ferradar/ros2_ws/install/robot_description/share/ament_index/resource_index/packages/robot_description
[3.770s] -- Installing: /home/ferradar/ros2_ws/install/robot_description/share/robot_description/cmake/robot_descriptionConfig.cmake
[3.771s] -- Installing: /home/ferradar/ros2_ws/install/robot_description/share/robot_description/cmake/robot_descriptionConfig-version.cmake
[3.771s] -- Installing: /home/ferradar/ros2_ws/install/robot_description/share/robot_description/package.xml
[3.776s] Invoked command in '/home/ferradar/ros2_ws/build/robot_description' returned '0': CMAKE_PREFIX_PATH=${CMAKE_PREFIX_PATH}:/opt/ros/humble /usr/bin/cmake --install /home/ferradar/ros2_ws/build/robot_description
