[0.202s] [34mcolcon[0m [1;30mDEBUG[0m [32mCommand line arguments: ['/usr/bin/colcon', 'build', '--packages-select', 'mono_depth_onnx'][0m
[0.203s] [34mcolcon[0m [1;30mDEBUG[0m [32mParsed command line arguments: Namespace(log_base=None, log_level=None, verb_name='build', build_base='build', install_base='install', merge_install=False, symlink_install=False, test_result_base=None, continue_on_error=False, executor='parallel', parallel_workers=6, event_handlers=None, ignore_user_meta=False, metas=['./colcon.meta'], base_paths=['.'], packages_ignore=None, packages_ignore_regex=None, paths=None, packages_up_to=None, packages_up_to_regex=None, packages_above=None, packages_above_and_dependencies=None, packages_above_depth=None, packages_select_by_dep=None, packages_skip_by_dep=None, packages_skip_up_to=None, packages_select_build_failed=False, packages_skip_build_finished=False, packages_select_test_failures=False, packages_skip_test_passed=False, packages_select=['mono_depth_onnx'], packages_skip=None, packages_select_regex=None, packages_skip_regex=None, packages_start=None, packages_end=None, allow_overriding=[], cmake_args=None, cmake_target=None, cmake_target_skip_unavailable=False, cmake_clean_cache=False, cmake_clean_first=False, cmake_force_configure=False, ament_cmake_args=None, catkin_cmake_args=None, catkin_skip_building_tests=False, verb_parser=<colcon_defaults.argument_parser.defaults.DefaultArgumentsDecorator object at 0x7cd85b4134c0>, verb_extension=<colcon_core.verb.build.BuildVerb object at 0x7cd85b412fb0>, main=<bound method BuildVerb.main of <colcon_core.verb.build.BuildVerb object at 0x7cd85b412fb0>>)[0m
[0.525s] [34mcolcon.colcon_core.package_discovery[0m [1;30mLevel 1[0m discover_packages(colcon_meta) check parameters
[0.525s] [34mcolcon.colcon_core.package_discovery[0m [1;30mLevel 1[0m discover_packages(recursive) check parameters
[0.525s] [34mcolcon.colcon_core.package_discovery[0m [1;30mLevel 1[0m discover_packages(ignore) check parameters
[0.525s] [34mcolcon.colcon_core.package_discovery[0m [1;30mLevel 1[0m discover_packages(path) check parameters
[0.525s] [34mcolcon.colcon_core.package_discovery[0m [1;30mLevel 1[0m discover_packages(colcon_meta) discover
[0.525s] [34mcolcon.colcon_core.package_discovery[0m [1;30mLevel 1[0m discover_packages(recursive) discover
[0.525s] [34mcolcon.colcon_core.package_discovery[0m [1;30mINFO[0m Crawling recursively for packages in '/home/ferradar/ros2_ws'
[0.525s] [34mcolcon.colcon_core.package_identification[0m [1;30mLevel 1[0m _identify(.) by extensions ['ignore', 'ignore_ament_install']
[0.525s] [34mcolcon.colcon_core.package_identification[0m [1;30mLevel 1[0m _identify(.) by extension 'ignore'
[0.525s] [34mcolcon.colcon_core.package_identification[0m [1;30mLevel 1[0m _identify(.) by extension 'ignore_ament_install'
[0.525s] [34mcolcon.colcon_core.package_identification[0m [1;30mLevel 1[0m _identify(.) by extensions ['colcon_pkg']
[0.525s] [34mcolcon.colcon_core.package_identification[0m [1;30mLevel 1[0m _identify(.) by extension 'colcon_pkg'
[0.526s] [34mcolcon.colcon_core.package_identification[0m [1;30mLevel 1[0m _identify(.) by extensions ['colcon_meta']
[0.526s] [34mcolcon.colcon_core.package_identification[0m [1;30mLevel 1[0m _identify(.) by extension 'colcon_meta'
[0.526s] [34mcolcon.colcon_core.package_identification[0m [1;30mLevel 1[0m _identify(.) by extensions ['ros']
[0.526s] [34mcolcon.colcon_core.package_identification[0m [1;30mLevel 1[0m _identify(.) by extension 'ros'
[0.549s] [34mcolcon.colcon_core.package_identification[0m [1;30mLevel 1[0m _identify(.) by extensions ['cmake', 'python']
[0.550s] [34mcolcon.colcon_core.package_identification[0m [1;30mLevel 1[0m _identify(.) by extension 'cmake'
[0.550s] [34mcolcon.colcon_core.package_identification[0m [1;30mLevel 1[0m _identify(.) by extension 'python'
[0.550s] [34mcolcon.colcon_core.package_identification[0m [1;30mLevel 1[0m _identify(.) by extensions ['python_setup_py']
[0.550s] [34mcolcon.colcon_core.package_identification[0m [1;30mLevel 1[0m _identify(.) by extension 'python_setup_py'
[0.551s] [34mcolcon.colcon_core.package_identification[0m [1;30mLevel 1[0m _identify(build) by extensions ['ignore', 'ignore_ament_install']
[0.551s] [34mcolcon.colcon_core.package_identification[0m [1;30mLevel 1[0m _identify(build) by extension 'ignore'
[0.551s] [34mcolcon.colcon_core.package_identification[0m [1;30mLevel 1[0m _identify(build) ignored
[0.551s] [34mcolcon.colcon_core.package_identification[0m [1;30mLevel 1[0m _identify(data) by extensions ['ignore', 'ignore_ament_install']
[0.551s] [34mcolcon.colcon_core.package_identification[0m [1;30mLevel 1[0m _identify(data) by extension 'ignore'
[0.552s] [34mcolcon.colcon_core.package_identification[0m [1;30mLevel 1[0m _identify(data) by extension 'ignore_ament_install'
[0.552s] [34mcolcon.colcon_core.package_identification[0m [1;30mLevel 1[0m _identify(data) by extensions ['colcon_pkg']
[0.552s] [34mcolcon.colcon_core.package_identification[0m [1;30mLevel 1[0m _identify(data) by extension 'colcon_pkg'
[0.552s] [34mcolcon.colcon_core.package_identification[0m [1;30mLevel 1[0m _identify(data) by extensions ['colcon_meta']
[0.552s] [34mcolcon.colcon_core.package_identification[0m [1;30mLevel 1[0m _identify(data) by extension 'colcon_meta'
[0.553s] [34mcolcon.colcon_core.package_identification[0m [1;30mLevel 1[0m _identify(data) by extensions ['ros']
[0.553s] [34mcolcon.colcon_core.package_identification[0m [1;30mLevel 1[0m _identify(data) by extension 'ros'
[0.553s] [34mcolcon.colcon_core.package_identification[0m [1;30mLevel 1[0m _identify(data) by extensions ['cmake', 'python']
[0.553s] [34mcolcon.colcon_core.package_identification[0m [1;30mLevel 1[0m _identify(data) by extension 'cmake'
[0.553s] [34mcolcon.colcon_core.package_identification[0m [1;30mLevel 1[0m _identify(data) by extension 'python'
[0.553s] [34mcolcon.colcon_core.package_identification[0m [1;30mLevel 1[0m _identify(data) by extensions ['python_setup_py']
[0.553s] [34mcolcon.colcon_core.package_identification[0m [1;30mLevel 1[0m _identify(data) by extension 'python_setup_py'
[0.553s] [34mcolcon.colcon_core.package_identification[0m [1;30mLevel 1[0m _identify(install) by extensions ['ignore', 'ignore_ament_install']
[0.553s] [34mcolcon.colcon_core.package_identification[0m [1;30mLevel 1[0m _identify(install) by extension 'ignore'
[0.553s] [34mcolcon.colcon_core.package_identification[0m [1;30mLevel 1[0m _identify(install) ignored
[0.553s] [34mcolcon.colcon_core.package_identification[0m [1;30mLevel 1[0m _identify(log) by extensions ['ignore', 'ignore_ament_install']
[0.554s] [34mcolcon.colcon_core.package_identification[0m [1;30mLevel 1[0m _identify(log) by extension 'ignore'
[0.554s] [34mcolcon.colcon_core.package_identification[0m [1;30mLevel 1[0m _identify(log) ignored
[0.554s] [34mcolcon.colcon_core.package_identification[0m [1;30mLevel 1[0m _identify(results) by extensions ['ignore', 'ignore_ament_install']
[0.554s] [34mcolcon.colcon_core.package_identification[0m [1;30mLevel 1[0m _identify(results) by extension 'ignore'
[0.554s] [34mcolcon.colcon_core.package_identification[0m [1;30mLevel 1[0m _identify(results) by extension 'ignore_ament_install'
[0.554s] [34mcolcon.colcon_core.package_identification[0m [1;30mLevel 1[0m _identify(results) by extensions ['colcon_pkg']
[0.554s] [34mcolcon.colcon_core.package_identification[0m [1;30mLevel 1[0m _identify(results) by extension 'colcon_pkg'
[0.554s] [34mcolcon.colcon_core.package_identification[0m [1;30mLevel 1[0m _identify(results) by extensions ['colcon_meta']
[0.554s] [34mcolcon.colcon_core.package_identification[0m [1;30mLevel 1[0m _identify(results) by extension 'colcon_meta'
[0.554s] [34mcolcon.colcon_core.package_identification[0m [1;30mLevel 1[0m _identify(results) by extensions ['ros']
[0.554s] [34mcolcon.colcon_core.package_identification[0m [1;30mLevel 1[0m _identify(results) by extension 'ros'
[0.554s] [34mcolcon.colcon_core.package_identification[0m [1;30mLevel 1[0m _identify(results) by extensions ['cmake', 'python']
[0.554s] [34mcolcon.colcon_core.package_identification[0m [1;30mLevel 1[0m _identify(results) by extension 'cmake'
[0.554s] [34mcolcon.colcon_core.package_identification[0m [1;30mLevel 1[0m _identify(results) by extension 'python'
[0.554s] [34mcolcon.colcon_core.package_identification[0m [1;30mLevel 1[0m _identify(results) by extensions ['python_setup_py']
[0.555s] [34mcolcon.colcon_core.package_identification[0m [1;30mLevel 1[0m _identify(results) by extension 'python_setup_py'
[0.555s] [34mcolcon.colcon_core.package_identification[0m [1;30mLevel 1[0m _identify(src) by extensions ['ignore', 'ignore_ament_install']
[0.555s] [34mcolcon.colcon_core.package_identification[0m [1;30mLevel 1[0m _identify(src) by extension 'ignore'
[0.555s] [34mcolcon.colcon_core.package_identification[0m [1;30mLevel 1[0m _identify(src) by extension 'ignore_ament_install'
[0.555s] [34mcolcon.colcon_core.package_identification[0m [1;30mLevel 1[0m _identify(src) by extensions ['colcon_pkg']
[0.555s] [34mcolcon.colcon_core.package_identification[0m [1;30mLevel 1[0m _identify(src) by extension 'colcon_pkg'
[0.555s] [34mcolcon.colcon_core.package_identification[0m [1;30mLevel 1[0m _identify(src) by extensions ['colcon_meta']
[0.555s] [34mcolcon.colcon_core.package_identification[0m [1;30mLevel 1[0m _identify(src) by extension 'colcon_meta'
[0.556s] [34mcolcon.colcon_core.package_identification[0m [1;30mLevel 1[0m _identify(src) by extensions ['ros']
[0.558s] [34mcolcon.colcon_core.package_identification[0m [1;30mLevel 1[0m _identify(src) by extension 'ros'
[0.558s] [34mcolcon.colcon_core.package_identification[0m [1;30mLevel 1[0m _identify(src) by extensions ['cmake', 'python']
[0.558s] [34mcolcon.colcon_core.package_identification[0m [1;30mLevel 1[0m _identify(src) by extension 'cmake'
[0.558s] [34mcolcon.colcon_core.package_identification[0m [1;30mLevel 1[0m _identify(src) by extension 'python'
[0.558s] [34mcolcon.colcon_core.package_identification[0m [1;30mLevel 1[0m _identify(src) by extensions ['python_setup_py']
[0.558s] [34mcolcon.colcon_core.package_identification[0m [1;30mLevel 1[0m _identify(src) by extension 'python_setup_py'
[0.559s] [34mcolcon.colcon_core.package_identification[0m [1;30mLevel 1[0m _identify(src/nomeer_robot_ros2) by extensions ['ignore', 'ignore_ament_install']
[0.559s] [34mcolcon.colcon_core.package_identification[0m [1;30mLevel 1[0m _identify(src/nomeer_robot_ros2) by extension 'ignore'
[0.559s] [34mcolcon.colcon_core.package_identification[0m [1;30mLevel 1[0m _identify(src/nomeer_robot_ros2) by extension 'ignore_ament_install'
[0.559s] [34mcolcon.colcon_core.package_identification[0m [1;30mLevel 1[0m _identify(src/nomeer_robot_ros2) by extensions ['colcon_pkg']
[0.559s] [34mcolcon.colcon_core.package_identification[0m [1;30mLevel 1[0m _identify(src/nomeer_robot_ros2) by extension 'colcon_pkg'
[0.559s] [34mcolcon.colcon_core.package_identification[0m [1;30mLevel 1[0m _identify(src/nomeer_robot_ros2) by extensions ['colcon_meta']
[0.559s] [34mcolcon.colcon_core.package_identification[0m [1;30mLevel 1[0m _identify(src/nomeer_robot_ros2) by extension 'colcon_meta'
[0.559s] [34mcolcon.colcon_core.package_identification[0m [1;30mLevel 1[0m _identify(src/nomeer_robot_ros2) by extensions ['ros']
[0.559s] [34mcolcon.colcon_core.package_identification[0m [1;30mLevel 1[0m _identify(src/nomeer_robot_ros2) by extension 'ros'
[0.559s] [34mcolcon.colcon_core.package_identification[0m [1;30mLevel 1[0m _identify(src/nomeer_robot_ros2) by extensions ['cmake', 'python']
[0.559s] [34mcolcon.colcon_core.package_identification[0m [1;30mLevel 1[0m _identify(src/nomeer_robot_ros2) by extension 'cmake'
[0.559s] [34mcolcon.colcon_core.package_identification[0m [1;30mLevel 1[0m _identify(src/nomeer_robot_ros2) by extension 'python'
[0.559s] [34mcolcon.colcon_core.package_identification[0m [1;30mLevel 1[0m _identify(src/nomeer_robot_ros2) by extensions ['python_setup_py']
[0.559s] [34mcolcon.colcon_core.package_identification[0m [1;30mLevel 1[0m _identify(src/nomeer_robot_ros2) by extension 'python_setup_py'
[0.559s] [34mcolcon.colcon_core.package_identification[0m [1;30mLevel 1[0m _identify(src/nomeer_robot_ros2/Docs) by extensions ['ignore', 'ignore_ament_install']
[0.560s] [34mcolcon.colcon_core.package_identification[0m [1;30mLevel 1[0m _identify(src/nomeer_robot_ros2/Docs) by extension 'ignore'
[0.560s] [34mcolcon.colcon_core.package_identification[0m [1;30mLevel 1[0m _identify(src/nomeer_robot_ros2/Docs) by extension 'ignore_ament_install'
[0.560s] [34mcolcon.colcon_core.package_identification[0m [1;30mLevel 1[0m _identify(src/nomeer_robot_ros2/Docs) by extensions ['colcon_pkg']
[0.560s] [34mcolcon.colcon_core.package_identification[0m [1;30mLevel 1[0m _identify(src/nomeer_robot_ros2/Docs) by extension 'colcon_pkg'
[0.560s] [34mcolcon.colcon_core.package_identification[0m [1;30mLevel 1[0m _identify(src/nomeer_robot_ros2/Docs) by extensions ['colcon_meta']
[0.560s] [34mcolcon.colcon_core.package_identification[0m [1;30mLevel 1[0m _identify(src/nomeer_robot_ros2/Docs) by extension 'colcon_meta'
[0.560s] [34mcolcon.colcon_core.package_identification[0m [1;30mLevel 1[0m _identify(src/nomeer_robot_ros2/Docs) by extensions ['ros']
[0.561s] [34mcolcon.colcon_core.package_identification[0m [1;30mLevel 1[0m _identify(src/nomeer_robot_ros2/Docs) by extension 'ros'
[0.561s] [34mcolcon.colcon_core.package_identification[0m [1;30mLevel 1[0m _identify(src/nomeer_robot_ros2/Docs) by extensions ['cmake', 'python']
[0.561s] [34mcolcon.colcon_core.package_identification[0m [1;30mLevel 1[0m _identify(src/nomeer_robot_ros2/Docs) by extension 'cmake'
[0.561s] [34mcolcon.colcon_core.package_identification[0m [1;30mLevel 1[0m _identify(src/nomeer_robot_ros2/Docs) by extension 'python'
[0.561s] [34mcolcon.colcon_core.package_identification[0m [1;30mLevel 1[0m _identify(src/nomeer_robot_ros2/Docs) by extensions ['python_setup_py']
[0.561s] [34mcolcon.colcon_core.package_identification[0m [1;30mLevel 1[0m _identify(src/nomeer_robot_ros2/Docs) by extension 'python_setup_py'
[0.561s] [34mcolcon.colcon_core.package_identification[0m [1;30mLevel 1[0m _identify(src/nomeer_robot_ros2/src) by extensions ['ignore', 'ignore_ament_install']
[0.561s] [34mcolcon.colcon_core.package_identification[0m [1;30mLevel 1[0m _identify(src/nomeer_robot_ros2/src) by extension 'ignore'
[0.561s] [34mcolcon.colcon_core.package_identification[0m [1;30mLevel 1[0m _identify(src/nomeer_robot_ros2/src) by extension 'ignore_ament_install'
[0.562s] [34mcolcon.colcon_core.package_identification[0m [1;30mLevel 1[0m _identify(src/nomeer_robot_ros2/src) by extensions ['colcon_pkg']
[0.562s] [34mcolcon.colcon_core.package_identification[0m [1;30mLevel 1[0m _identify(src/nomeer_robot_ros2/src) by extension 'colcon_pkg'
[0.562s] [34mcolcon.colcon_core.package_identification[0m [1;30mLevel 1[0m _identify(src/nomeer_robot_ros2/src) by extensions ['colcon_meta']
[0.562s] [34mcolcon.colcon_core.package_identification[0m [1;30mLevel 1[0m _identify(src/nomeer_robot_ros2/src) by extension 'colcon_meta'
[0.562s] [34mcolcon.colcon_core.package_identification[0m [1;30mLevel 1[0m _identify(src/nomeer_robot_ros2/src) by extensions ['ros']
[0.562s] [34mcolcon.colcon_core.package_identification[0m [1;30mLevel 1[0m _identify(src/nomeer_robot_ros2/src) by extension 'ros'
[0.562s] [34mcolcon.colcon_core.package_identification[0m [1;30mLevel 1[0m _identify(src/nomeer_robot_ros2/src) by extensions ['cmake', 'python']
[0.562s] [34mcolcon.colcon_core.package_identification[0m [1;30mLevel 1[0m _identify(src/nomeer_robot_ros2/src) by extension 'cmake'
[0.562s] [34mcolcon.colcon_core.package_identification[0m [1;30mLevel 1[0m _identify(src/nomeer_robot_ros2/src) by extension 'python'
[0.562s] [34mcolcon.colcon_core.package_identification[0m [1;30mLevel 1[0m _identify(src/nomeer_robot_ros2/src) by extensions ['python_setup_py']
[0.562s] [34mcolcon.colcon_core.package_identification[0m [1;30mLevel 1[0m _identify(src/nomeer_robot_ros2/src) by extension 'python_setup_py'
[0.562s] [34mcolcon.colcon_core.package_identification[0m [1;30mLevel 1[0m _identify(src/nomeer_robot_ros2/src/autonomous_patrol) by extensions ['ignore', 'ignore_ament_install']
[0.562s] [34mcolcon.colcon_core.package_identification[0m [1;30mLevel 1[0m _identify(src/nomeer_robot_ros2/src/autonomous_patrol) by extension 'ignore'
[0.562s] [34mcolcon.colcon_core.package_identification[0m [1;30mLevel 1[0m _identify(src/nomeer_robot_ros2/src/autonomous_patrol) by extension 'ignore_ament_install'
[0.563s] [34mcolcon.colcon_core.package_identification[0m [1;30mLevel 1[0m _identify(src/nomeer_robot_ros2/src/autonomous_patrol) by extensions ['colcon_pkg']
[0.563s] [34mcolcon.colcon_core.package_identification[0m [1;30mLevel 1[0m _identify(src/nomeer_robot_ros2/src/autonomous_patrol) by extension 'colcon_pkg'
[0.563s] [34mcolcon.colcon_core.package_identification[0m [1;30mLevel 1[0m _identify(src/nomeer_robot_ros2/src/autonomous_patrol) by extensions ['colcon_meta']
[0.563s] [34mcolcon.colcon_core.package_identification[0m [1;30mLevel 1[0m _identify(src/nomeer_robot_ros2/src/autonomous_patrol) by extension 'colcon_meta'
[0.563s] [34mcolcon.colcon_core.package_identification[0m [1;30mLevel 1[0m _identify(src/nomeer_robot_ros2/src/autonomous_patrol) by extensions ['ros']
[0.563s] [34mcolcon.colcon_core.package_identification[0m [1;30mLevel 1[0m _identify(src/nomeer_robot_ros2/src/autonomous_patrol) by extension 'ros'
[0.568s] [34mcolcon.colcon_core.package_identification[0m [1;30mDEBUG[0m [32mPackage 'src/nomeer_robot_ros2/src/autonomous_patrol' with type 'ros.ament_cmake' and name 'autonomous_patrol'[0m
[0.568s] [34mcolcon.colcon_core.package_identification[0m [1;30mLevel 1[0m _identify(src/nomeer_robot_ros2/src/mono_depth_onnx) by extensions ['ignore', 'ignore_ament_install']
[0.568s] [34mcolcon.colcon_core.package_identification[0m [1;30mLevel 1[0m _identify(src/nomeer_robot_ros2/src/mono_depth_onnx) by extension 'ignore'
[0.568s] [34mcolcon.colcon_core.package_identification[0m [1;30mLevel 1[0m _identify(src/nomeer_robot_ros2/src/mono_depth_onnx) by extension 'ignore_ament_install'
[0.568s] [34mcolcon.colcon_core.package_identification[0m [1;30mLevel 1[0m _identify(src/nomeer_robot_ros2/src/mono_depth_onnx) by extensions ['colcon_pkg']
[0.568s] [34mcolcon.colcon_core.package_identification[0m [1;30mLevel 1[0m _identify(src/nomeer_robot_ros2/src/mono_depth_onnx) by extension 'colcon_pkg'
[0.568s] [34mcolcon.colcon_core.package_identification[0m [1;30mLevel 1[0m _identify(src/nomeer_robot_ros2/src/mono_depth_onnx) by extensions ['colcon_meta']
[0.569s] [34mcolcon.colcon_core.package_identification[0m [1;30mLevel 1[0m _identify(src/nomeer_robot_ros2/src/mono_depth_onnx) by extension 'colcon_meta'
[0.569s] [34mcolcon.colcon_core.package_identification[0m [1;30mLevel 1[0m _identify(src/nomeer_robot_ros2/src/mono_depth_onnx) by extensions ['ros']
[0.569s] [34mcolcon.colcon_core.package_identification[0m [1;30mLevel 1[0m _identify(src/nomeer_robot_ros2/src/mono_depth_onnx) by extension 'ros'
[0.573s] [34mcolcon.colcon_core.package_identification[0m [1;30mDEBUG[0m [32mPackage 'src/nomeer_robot_ros2/src/mono_depth_onnx' with type 'ros.ament_cmake' and name 'mono_depth_onnx'[0m
[0.575s] [34mcolcon.colcon_core.package_identification[0m [1;30mLevel 1[0m _identify(src/nomeer_robot_ros2/src/robot_description) by extensions ['ignore', 'ignore_ament_install']
[0.575s] [34mcolcon.colcon_core.package_identification[0m [1;30mLevel 1[0m _identify(src/nomeer_robot_ros2/src/robot_description) by extension 'ignore'
[0.575s] [34mcolcon.colcon_core.package_identification[0m [1;30mLevel 1[0m _identify(src/nomeer_robot_ros2/src/robot_description) by extension 'ignore_ament_install'
[0.575s] [34mcolcon.colcon_core.package_identification[0m [1;30mLevel 1[0m _identify(src/nomeer_robot_ros2/src/robot_description) by extensions ['colcon_pkg']
[0.576s] [34mcolcon.colcon_core.package_identification[0m [1;30mLevel 1[0m _identify(src/nomeer_robot_ros2/src/robot_description) by extension 'colcon_pkg'
[0.576s] [34mcolcon.colcon_core.package_identification[0m [1;30mLevel 1[0m _identify(src/nomeer_robot_ros2/src/robot_description) by extensions ['colcon_meta']
[0.576s] [34mcolcon.colcon_core.package_identification[0m [1;30mLevel 1[0m _identify(src/nomeer_robot_ros2/src/robot_description) by extension 'colcon_meta'
[0.576s] [34mcolcon.colcon_core.package_identification[0m [1;30mLevel 1[0m _identify(src/nomeer_robot_ros2/src/robot_description) by extensions ['ros']
[0.576s] [34mcolcon.colcon_core.package_identification[0m [1;30mLevel 1[0m _identify(src/nomeer_robot_ros2/src/robot_description) by extension 'ros'
[0.578s] [34mcolcon.colcon_core.package_identification[0m [1;30mDEBUG[0m [32mPackage 'src/nomeer_robot_ros2/src/robot_description' with type 'ros.ament_cmake' and name 'robot_description'[0m
[0.582s] [34mcolcon.colcon_core.package_identification[0m [1;30mLevel 1[0m _identify(src/nomeer_robot_ros2/src/teleop_twist_keyboard) by extensions ['ignore', 'ignore_ament_install']
[0.582s] [34mcolcon.colcon_core.package_identification[0m [1;30mLevel 1[0m _identify(src/nomeer_robot_ros2/src/teleop_twist_keyboard) by extension 'ignore'
[0.582s] [34mcolcon.colcon_core.package_identification[0m [1;30mLevel 1[0m _identify(src/nomeer_robot_ros2/src/teleop_twist_keyboard) by extension 'ignore_ament_install'
[0.582s] [34mcolcon.colcon_core.package_identification[0m [1;30mLevel 1[0m _identify(src/nomeer_robot_ros2/src/teleop_twist_keyboard) by extensions ['colcon_pkg']
[0.582s] [34mcolcon.colcon_core.package_identification[0m [1;30mLevel 1[0m _identify(src/nomeer_robot_ros2/src/teleop_twist_keyboard) by extension 'colcon_pkg'
[0.582s] [34mcolcon.colcon_core.package_identification[0m [1;30mLevel 1[0m _identify(src/nomeer_robot_ros2/src/teleop_twist_keyboard) by extensions ['colcon_meta']
[0.582s] [34mcolcon.colcon_core.package_identification[0m [1;30mLevel 1[0m _identify(src/nomeer_robot_ros2/src/teleop_twist_keyboard) by extension 'colcon_meta'
[0.582s] [34mcolcon.colcon_core.package_identification[0m [1;30mLevel 1[0m _identify(src/nomeer_robot_ros2/src/teleop_twist_keyboard) by extensions ['ros']
[0.582s] [34mcolcon.colcon_core.package_identification[0m [1;30mLevel 1[0m _identify(src/nomeer_robot_ros2/src/teleop_twist_keyboard) by extension 'ros'
[0.583s] [34mcolcon.colcon_core.package_identification[0m [1;30mLevel 1[0m _identify(src/nomeer_robot_ros2/src/teleop_twist_keyboard) by extensions ['cmake', 'python']
[0.583s] [34mcolcon.colcon_core.package_identification[0m [1;30mLevel 1[0m _identify(src/nomeer_robot_ros2/src/teleop_twist_keyboard) by extension 'cmake'
[0.583s] [34mcolcon.colcon_core.package_identification[0m [1;30mLevel 1[0m _identify(src/nomeer_robot_ros2/src/teleop_twist_keyboard) by extension 'python'
[0.583s] [34mcolcon.colcon_core.package_identification[0m [1;30mLevel 1[0m _identify(src/nomeer_robot_ros2/src/teleop_twist_keyboard) by extensions ['python_setup_py']
[0.583s] [34mcolcon.colcon_core.package_identification[0m [1;30mLevel 1[0m _identify(src/nomeer_robot_ros2/src/teleop_twist_keyboard) by extension 'python_setup_py'
[0.583s] [34mcolcon.colcon_core.package_discovery[0m [1;30mLevel 1[0m discover_packages(recursive) using defaults
[0.583s] [34mcolcon.colcon_core.package_discovery[0m [1;30mLevel 1[0m discover_packages(ignore) discover
[0.583s] [34mcolcon.colcon_core.package_discovery[0m [1;30mLevel 1[0m discover_packages(ignore) using defaults
[0.583s] [34mcolcon.colcon_core.package_discovery[0m [1;30mLevel 1[0m discover_packages(path) discover
[0.583s] [34mcolcon.colcon_core.package_discovery[0m [1;30mLevel 1[0m discover_packages(path) using defaults
[0.635s] [34mcolcon.colcon_core.package_selection[0m [1;30mINFO[0m Skipping not selected package 'autonomous_patrol' in 'src/nomeer_robot_ros2/src/autonomous_patrol'
[0.635s] [34mcolcon.colcon_core.package_selection[0m [1;30mINFO[0m Skipping not selected package 'robot_description' in 'src/nomeer_robot_ros2/src/robot_description'
[0.636s] [34mcolcon.colcon_core.package_discovery[0m [1;30mLevel 1[0m discover_packages(prefix_path) check parameters
[0.636s] [34mcolcon.colcon_core.package_discovery[0m [1;30mLevel 1[0m discover_packages(prefix_path) discover
[0.638s] [34mcolcon.colcon_installed_package_information.package_discovery[0m [1;30mDEBUG[0m [32mFound 3 installed packages in /home/ferradar/ros2_ws/install[0m
[0.640s] [34mcolcon.colcon_installed_package_information.package_discovery[0m [1;30mDEBUG[0m [32mFound 289 installed packages in /opt/ros/humble[0m
[0.642s] [34mcolcon.colcon_core.package_discovery[0m [1;30mLevel 1[0m discover_packages(prefix_path) using defaults
[0.707s] [34mcolcon.colcon_core.verb[0m [1;30mLevel 5[0m set package 'mono_depth_onnx' build argument 'cmake_args' from command line to 'None'
[0.707s] [34mcolcon.colcon_core.verb[0m [1;30mLevel 5[0m set package 'mono_depth_onnx' build argument 'cmake_target' from command line to 'None'
[0.708s] [34mcolcon.colcon_core.verb[0m [1;30mLevel 5[0m set package 'mono_depth_onnx' build argument 'cmake_target_skip_unavailable' from command line to 'False'
[0.708s] [34mcolcon.colcon_core.verb[0m [1;30mLevel 5[0m set package 'mono_depth_onnx' build argument 'cmake_clean_cache' from command line to 'False'
[0.708s] [34mcolcon.colcon_core.verb[0m [1;30mLevel 5[0m set package 'mono_depth_onnx' build argument 'cmake_clean_first' from command line to 'False'
[0.708s] [34mcolcon.colcon_core.verb[0m [1;30mLevel 5[0m set package 'mono_depth_onnx' build argument 'cmake_force_configure' from command line to 'False'
[0.708s] [34mcolcon.colcon_core.verb[0m [1;30mLevel 5[0m set package 'mono_depth_onnx' build argument 'ament_cmake_args' from command line to 'None'
[0.708s] [34mcolcon.colcon_core.verb[0m [1;30mLevel 5[0m set package 'mono_depth_onnx' build argument 'catkin_cmake_args' from command line to 'None'
[0.708s] [34mcolcon.colcon_core.verb[0m [1;30mLevel 5[0m set package 'mono_depth_onnx' build argument 'catkin_skip_building_tests' from command line to 'False'
[0.708s] [34mcolcon.colcon_core.verb[0m [1;30mDEBUG[0m [32mBuilding package 'mono_depth_onnx' with the following arguments: {'ament_cmake_args': None, 'build_base': '/home/ferradar/ros2_ws/build/mono_depth_onnx', 'catkin_cmake_args': None, 'catkin_skip_building_tests': False, 'cmake_args': None, 'cmake_clean_cache': False, 'cmake_clean_first': False, 'cmake_force_configure': False, 'cmake_target': None, 'cmake_target_skip_unavailable': False, 'install_base': '/home/ferradar/ros2_ws/install/mono_depth_onnx', 'merge_install': False, 'path': '/home/ferradar/ros2_ws/src/nomeer_robot_ros2/src/mono_depth_onnx', 'symlink_install': False, 'test_result_base': None}[0m
[0.709s] [34mcolcon.colcon_core.executor[0m [1;30mINFO[0m Executing jobs using 'parallel' executor
[0.712s] [34mcolcon.colcon_parallel_executor.executor.parallel[0m [1;30mDEBUG[0m [32mrun_until_complete[0m
[0.713s] [34mcolcon.colcon_ros.task.ament_cmake.build[0m [1;30mINFO[0m Building ROS package in '/home/ferradar/ros2_ws/src/nomeer_robot_ros2/src/mono_depth_onnx' with build type 'ament_cmake'
[0.714s] [34mcolcon.colcon_cmake.task.cmake.build[0m [1;30mINFO[0m Building CMake package in '/home/ferradar/ros2_ws/src/nomeer_robot_ros2/src/mono_depth_onnx'
[0.716s] [34mcolcon.colcon_core.plugin_system[0m [1;30mINFO[0m Skipping extension 'colcon_core.shell.bat': Not used on non-Windows systems
[0.716s] [34mcolcon.colcon_core.shell[0m [1;30mINFO[0m Skip shell extension 'powershell' for command environment: Not usable outside of PowerShell
[0.716s] [34mcolcon.colcon_core.shell[0m [1;30mDEBUG[0m [32mSkip shell extension 'dsv' for command environment[0m
[0.730s] [34mcolcon.colcon_core.event_handler.log_command[0m [1;30mDEBUG[0m [32mInvoking command in '/home/ferradar/ros2_ws/build/mono_depth_onnx': CMAKE_PREFIX_PATH=${CMAKE_PREFIX_PATH}:/opt/ros/humble /usr/bin/cmake --build /home/ferradar/ros2_ws/build/mono_depth_onnx -- -j6 -l6[0m
[1.378s] [34mcolcon.colcon_core.event_handler.log_command[0m [1;30mDEBUG[0m [32mInvoked command in '/home/ferradar/ros2_ws/build/mono_depth_onnx' returned '0': CMAKE_PREFIX_PATH=${CMAKE_PREFIX_PATH}:/opt/ros/humble /usr/bin/cmake --build /home/ferradar/ros2_ws/build/mono_depth_onnx -- -j6 -l6[0m
[1.392s] [34mcolcon.colcon_core.event_handler.log_command[0m [1;30mDEBUG[0m [32mInvoking command in '/home/ferradar/ros2_ws/build/mono_depth_onnx': CMAKE_PREFIX_PATH=${CMAKE_PREFIX_PATH}:/opt/ros/humble /usr/bin/cmake --install /home/ferradar/ros2_ws/build/mono_depth_onnx[0m
[1.512s] [34mcolcon.colcon_core.environment[0m [1;30mLevel 1[0m create_environment_scripts_only(mono_depth_onnx)
[1.515s] [34mcolcon.colcon_core.environment[0m [1;30mLevel 1[0m checking '/home/ferradar/ros2_ws/install/mono_depth_onnx' for CMake module files
[1.519s] [34mcolcon.colcon_core.environment[0m [1;30mLevel 1[0m checking '/home/ferradar/ros2_ws/install/mono_depth_onnx' for CMake config files
[1.519s] [34mcolcon.colcon_core.shell[0m [1;30mLevel 1[0m create_environment_hook('mono_depth_onnx', 'cmake_prefix_path')
[1.520s] [34mcolcon.colcon_core.shell[0m [1;30mINFO[0m Creating environment hook '/home/ferradar/ros2_ws/install/mono_depth_onnx/share/mono_depth_onnx/hook/cmake_prefix_path.ps1'
[1.520s] [34mcolcon.colcon_core.shell[0m [1;30mINFO[0m Creating environment descriptor '/home/ferradar/ros2_ws/install/mono_depth_onnx/share/mono_depth_onnx/hook/cmake_prefix_path.dsv'
[1.521s] [34mcolcon.colcon_core.event_handler.log_command[0m [1;30mDEBUG[0m [32mInvoked command in '/home/ferradar/ros2_ws/build/mono_depth_onnx' returned '0': CMAKE_PREFIX_PATH=${CMAKE_PREFIX_PATH}:/opt/ros/humble /usr/bin/cmake --install /home/ferradar/ros2_ws/build/mono_depth_onnx[0m
[1.524s] [34mcolcon.colcon_core.shell[0m [1;30mINFO[0m Creating environment hook '/home/ferradar/ros2_ws/install/mono_depth_onnx/share/mono_depth_onnx/hook/cmake_prefix_path.sh'
[1.525s] [34mcolcon.colcon_core.environment[0m [1;30mLevel 1[0m checking '/home/ferradar/ros2_ws/install/mono_depth_onnx/lib'
[1.525s] [34mcolcon.colcon_core.environment[0m [1;30mLevel 1[0m checking '/home/ferradar/ros2_ws/install/mono_depth_onnx/bin'
[1.525s] [34mcolcon.colcon_core.environment[0m [1;30mLevel 1[0m checking '/home/ferradar/ros2_ws/install/mono_depth_onnx/lib/pkgconfig/mono_depth_onnx.pc'
[1.526s] [34mcolcon.colcon_core.environment[0m [1;30mLevel 1[0m checking '/home/ferradar/ros2_ws/install/mono_depth_onnx/lib/python3.10/site-packages'
[1.526s] [34mcolcon.colcon_core.environment[0m [1;30mLevel 1[0m checking '/home/ferradar/ros2_ws/install/mono_depth_onnx/bin'
[1.526s] [34mcolcon.colcon_core.shell[0m [1;30mINFO[0m Creating package script '/home/ferradar/ros2_ws/install/mono_depth_onnx/share/mono_depth_onnx/package.ps1'
[1.532s] [34mcolcon.colcon_core.shell[0m [1;30mINFO[0m Creating package descriptor '/home/ferradar/ros2_ws/install/mono_depth_onnx/share/mono_depth_onnx/package.dsv'
[1.533s] [34mcolcon.colcon_core.shell[0m [1;30mINFO[0m Creating package script '/home/ferradar/ros2_ws/install/mono_depth_onnx/share/mono_depth_onnx/package.sh'
[1.533s] [34mcolcon.colcon_core.shell[0m [1;30mINFO[0m Creating package script '/home/ferradar/ros2_ws/install/mono_depth_onnx/share/mono_depth_onnx/package.bash'
[1.535s] [34mcolcon.colcon_core.shell[0m [1;30mINFO[0m Creating package script '/home/ferradar/ros2_ws/install/mono_depth_onnx/share/mono_depth_onnx/package.zsh'
[1.536s] [34mcolcon.colcon_core.environment[0m [1;30mLevel 1[0m create_file_with_runtime_dependencies(/home/ferradar/ros2_ws/install/mono_depth_onnx/share/colcon-core/packages/mono_depth_onnx)
[1.538s] [34mcolcon.colcon_core.environment[0m [1;30mLevel 1[0m create_environment_scripts_only(mono_depth_onnx)
[1.539s] [34mcolcon.colcon_core.environment[0m [1;30mLevel 1[0m checking '/home/ferradar/ros2_ws/install/mono_depth_onnx' for CMake module files
[1.539s] [34mcolcon.colcon_core.environment[0m [1;30mLevel 1[0m checking '/home/ferradar/ros2_ws/install/mono_depth_onnx' for CMake config files
[1.540s] [34mcolcon.colcon_core.shell[0m [1;30mLevel 1[0m create_environment_hook('mono_depth_onnx', 'cmake_prefix_path')
[1.540s] [34mcolcon.colcon_core.shell[0m [1;30mINFO[0m Creating environment hook '/home/ferradar/ros2_ws/install/mono_depth_onnx/share/mono_depth_onnx/hook/cmake_prefix_path.ps1'
[1.540s] [34mcolcon.colcon_core.shell[0m [1;30mINFO[0m Creating environment descriptor '/home/ferradar/ros2_ws/install/mono_depth_onnx/share/mono_depth_onnx/hook/cmake_prefix_path.dsv'
[1.541s] [34mcolcon.colcon_core.shell[0m [1;30mINFO[0m Creating environment hook '/home/ferradar/ros2_ws/install/mono_depth_onnx/share/mono_depth_onnx/hook/cmake_prefix_path.sh'
[1.543s] [34mcolcon.colcon_core.environment[0m [1;30mLevel 1[0m checking '/home/ferradar/ros2_ws/install/mono_depth_onnx/lib'
[1.543s] [34mcolcon.colcon_core.environment[0m [1;30mLevel 1[0m checking '/home/ferradar/ros2_ws/install/mono_depth_onnx/bin'
[1.543s] [34mcolcon.colcon_core.environment[0m [1;30mLevel 1[0m checking '/home/ferradar/ros2_ws/install/mono_depth_onnx/lib/pkgconfig/mono_depth_onnx.pc'
[1.543s] [34mcolcon.colcon_core.environment[0m [1;30mLevel 1[0m checking '/home/ferradar/ros2_ws/install/mono_depth_onnx/lib/python3.10/site-packages'
[1.544s] [34mcolcon.colcon_core.environment[0m [1;30mLevel 1[0m checking '/home/ferradar/ros2_ws/install/mono_depth_onnx/bin'
[1.544s] [34mcolcon.colcon_core.shell[0m [1;30mINFO[0m Creating package script '/home/ferradar/ros2_ws/install/mono_depth_onnx/share/mono_depth_onnx/package.ps1'
[1.546s] [34mcolcon.colcon_core.shell[0m [1;30mINFO[0m Creating package descriptor '/home/ferradar/ros2_ws/install/mono_depth_onnx/share/mono_depth_onnx/package.dsv'
[1.547s] [34mcolcon.colcon_core.shell[0m [1;30mINFO[0m Creating package script '/home/ferradar/ros2_ws/install/mono_depth_onnx/share/mono_depth_onnx/package.sh'
[1.547s] [34mcolcon.colcon_core.shell[0m [1;30mINFO[0m Creating package script '/home/ferradar/ros2_ws/install/mono_depth_onnx/share/mono_depth_onnx/package.bash'
[1.547s] [34mcolcon.colcon_core.shell[0m [1;30mINFO[0m Creating package script '/home/ferradar/ros2_ws/install/mono_depth_onnx/share/mono_depth_onnx/package.zsh'
[1.548s] [34mcolcon.colcon_core.environment[0m [1;30mLevel 1[0m create_file_with_runtime_dependencies(/home/ferradar/ros2_ws/install/mono_depth_onnx/share/colcon-core/packages/mono_depth_onnx)
[1.548s] [34mcolcon.colcon_parallel_executor.executor.parallel[0m [1;30mDEBUG[0m [32mclosing loop[0m
[1.551s] [34mcolcon.colcon_parallel_executor.executor.parallel[0m [1;30mDEBUG[0m [32mloop closed[0m
[1.551s] [34mcolcon.colcon_parallel_executor.executor.parallel[0m [1;30mDEBUG[0m [32mrun_until_complete finished with '0'[0m
[1.551s] [34mcolcon.colcon_core.event_reactor[0m [1;30mDEBUG[0m [32mjoining thread[0m
[1.561s] [34mcolcon.colcon_core.plugin_system[0m [1;30mINFO[0m Skipping extension 'colcon_notification.desktop_notification.terminal_notifier': Not used on non-Darwin systems
[1.561s] [34mcolcon.colcon_core.plugin_system[0m [1;30mINFO[0m Skipping extension 'colcon_notification.desktop_notification.win32': Not used on non-Windows systems
[1.561s] [34mcolcon.colcon_notification.desktop_notification[0m [1;30mINFO[0m Sending desktop notification using 'notify2'
[1.586s] [34mcolcon.colcon_core.event_reactor[0m [1;30mDEBUG[0m [32mjoined thread[0m
[1.586s] [34mcolcon.colcon_core.shell[0m [1;30mINFO[0m Creating prefix script '/home/ferradar/ros2_ws/install/local_setup.ps1'
[1.588s] [34mcolcon.colcon_core.shell[0m [1;30mINFO[0m Creating prefix util module '/home/ferradar/ros2_ws/install/_local_setup_util_ps1.py'
[1.595s] [34mcolcon.colcon_core.shell[0m [1;30mINFO[0m Creating prefix chain script '/home/ferradar/ros2_ws/install/setup.ps1'
[1.596s] [34mcolcon.colcon_core.shell[0m [1;30mINFO[0m Creating prefix script '/home/ferradar/ros2_ws/install/local_setup.sh'
[1.598s] [34mcolcon.colcon_core.shell[0m [1;30mINFO[0m Creating prefix util module '/home/ferradar/ros2_ws/install/_local_setup_util_sh.py'
[1.599s] [34mcolcon.colcon_core.shell[0m [1;30mINFO[0m Creating prefix chain script '/home/ferradar/ros2_ws/install/setup.sh'
[1.600s] [34mcolcon.colcon_core.shell[0m [1;30mINFO[0m Creating prefix script '/home/ferradar/ros2_ws/install/local_setup.bash'
[1.601s] [34mcolcon.colcon_core.shell[0m [1;30mINFO[0m Creating prefix chain script '/home/ferradar/ros2_ws/install/setup.bash'
[1.613s] [34mcolcon.colcon_core.shell[0m [1;30mINFO[0m Creating prefix script '/home/ferradar/ros2_ws/install/local_setup.zsh'
[1.614s] [34mcolcon.colcon_core.shell[0m [1;30mINFO[0m Creating prefix chain script '/home/ferradar/ros2_ws/install/setup.zsh'
