[0.022s] Invoking command in '/home/ferradar/ros2_ws/build/autonomous_patrol': CMAKE_PREFIX_PATH=${CMAKE_PREFIX_PATH}:/opt/ros/humble /usr/bin/cmake --build /home/ferradar/ros2_ws/build/autonomous_patrol -- -j6 -l6
[0.102s] Built target ament_cmake_python_copy_autonomous_patrol
[0.476s] running egg_info
[0.476s] writing autonomous_patrol.egg-info/PKG-INFO
[0.476s] writing dependency_links to autonomous_patrol.egg-info/dependency_links.txt
[0.476s] writing top-level names to autonomous_patrol.egg-info/top_level.txt
[0.482s] reading manifest file 'autonomous_patrol.egg-info/SOURCES.txt'
[0.482s] writing manifest file 'autonomous_patrol.egg-info/SOURCES.txt'
[0.517s] Built target ament_cmake_python_build_autonomous_patrol_egg
[0.534s] Invoked command in '/home/ferradar/ros2_ws/build/autonomous_patrol' returned '0': CMAKE_PREFIX_PATH=${CMAKE_PREFIX_PATH}:/opt/ros/humble /usr/bin/cmake --build /home/ferradar/ros2_ws/build/autonomous_patrol -- -j6 -l6
[0.554s] Invoking command in '/home/ferradar/ros2_ws/build/autonomous_patrol': CMAKE_PREFIX_PATH=${CMAKE_PREFIX_PATH}:/opt/ros/humble /usr/bin/cmake --install /home/ferradar/ros2_ws/build/autonomous_patrol
[0.558s] -- Install configuration: ""
[0.558s] -- Up-to-date: /home/ferradar/ros2_ws/install/autonomous_patrol/share/autonomous_patrol/environment/pythonpath.sh
[0.559s] -- Up-to-date: /home/ferradar/ros2_ws/install/autonomous_patrol/share/autonomous_patrol/environment/pythonpath.dsv
[0.559s] -- Up-to-date: /home/ferradar/ros2_ws/install/autonomous_patrol/local/lib/python3.10/dist-packages/autonomous_patrol-0.0.1-py3.10.egg-info
[0.561s] -- Installing: /home/ferradar/ros2_ws/install/autonomous_patrol/local/lib/python3.10/dist-packages/autonomous_patrol-0.0.1-py3.10.egg-info/top_level.txt
[0.561s] -- Installing: /home/ferradar/ros2_ws/install/autonomous_patrol/local/lib/python3.10/dist-packages/autonomous_patrol-0.0.1-py3.10.egg-info/SOURCES.txt
[0.561s] -- Installing: /home/ferradar/ros2_ws/install/autonomous_patrol/local/lib/python3.10/dist-packages/autonomous_patrol-0.0.1-py3.10.egg-info/PKG-INFO
[0.562s] -- Installing: /home/ferradar/ros2_ws/install/autonomous_patrol/local/lib/python3.10/dist-packages/autonomous_patrol-0.0.1-py3.10.egg-info/dependency_links.txt
[0.562s] -- Up-to-date: /home/ferradar/ros2_ws/install/autonomous_patrol/local/lib/python3.10/dist-packages/autonomous_patrol
[0.562s] -- Up-to-date: /home/ferradar/ros2_ws/install/autonomous_patrol/local/lib/python3.10/dist-packages/autonomous_patrol/record_waypoints_node.py
[0.562s] -- Up-to-date: /home/ferradar/ros2_ws/install/autonomous_patrol/local/lib/python3.10/dist-packages/autonomous_patrol/gazebo_odometry_corrector.py
[0.562s] -- Up-to-date: /home/ferradar/ros2_ws/install/autonomous_patrol/local/lib/python3.10/dist-packages/autonomous_patrol/follow_waypoints_node.py
[0.562s] -- Up-to-date: /home/ferradar/ros2_ws/install/autonomous_patrol/local/lib/python3.10/dist-packages/autonomous_patrol/__init__.py
[0.562s] -- Up-to-date: /home/ferradar/ros2_ws/install/autonomous_patrol/local/lib/python3.10/dist-packages/autonomous_patrol/odom_verifier.py
[0.562s] -- Up-to-date: /home/ferradar/ros2_ws/install/autonomous_patrol/local/lib/python3.10/dist-packages/autonomous_patrol/visualizer_node.py
[0.598s] Listing '/home/ferradar/ros2_ws/install/autonomous_patrol/local/lib/python3.10/dist-packages/autonomous_patrol'...
[0.604s] -- Up-to-date: /home/ferradar/ros2_ws/install/autonomous_patrol/lib/autonomous_patrol/record_waypoints_node.py
[0.604s] -- Up-to-date: /home/ferradar/ros2_ws/install/autonomous_patrol/lib/autonomous_patrol/follow_waypoints_node.py
[0.604s] -- Up-to-date: /home/ferradar/ros2_ws/install/autonomous_patrol/lib/autonomous_patrol/visualizer_node.py
[0.607s] -- Up-to-date: /home/ferradar/ros2_ws/install/autonomous_patrol/lib/autonomous_patrol/gazebo_odometry_corrector.py
[0.607s] -- Up-to-date: /home/ferradar/ros2_ws/install/autonomous_patrol/lib/autonomous_patrol/odom_verifier.py
[0.607s] -- Up-to-date: /home/ferradar/ros2_ws/install/autonomous_patrol/share/autonomous_patrol/launch
[0.607s] -- Up-to-date: /home/ferradar/ros2_ws/install/autonomous_patrol/share/autonomous_patrol/launch/follow_waypoints.launch.py
[0.607s] -- Up-to-date: /home/ferradar/ros2_ws/install/autonomous_patrol/share/autonomous_patrol/launch/record_waypoints.launch.py
[0.607s] -- Up-to-date: /home/ferradar/ros2_ws/install/autonomous_patrol/share/autonomous_patrol/launch/visualize_waypoints.launch.py
[0.607s] -- Up-to-date: /home/ferradar/ros2_ws/install/autonomous_patrol/share/autonomous_patrol/config
[0.607s] -- Up-to-date: /home/ferradar/ros2_ws/install/autonomous_patrol/share/autonomous_patrol/config/autonomous_patrol_config.yaml
[0.610s] -- Up-to-date: /home/ferradar/ros2_ws/install/autonomous_patrol/share/autonomous_patrol/config/test_config.yaml
[0.610s] -- Up-to-date: /home/ferradar/ros2_ws/install/autonomous_patrol/share/ament_index/resource_index/package_run_dependencies/autonomous_patrol
[0.610s] -- Up-to-date: /home/ferradar/ros2_ws/install/autonomous_patrol/share/ament_index/resource_index/parent_prefix_path/autonomous_patrol
[0.611s] -- Up-to-date: /home/ferradar/ros2_ws/install/autonomous_patrol/share/autonomous_patrol/environment/ament_prefix_path.sh
[0.611s] -- Up-to-date: /home/ferradar/ros2_ws/install/autonomous_patrol/share/autonomous_patrol/environment/ament_prefix_path.dsv
[0.611s] -- Up-to-date: /home/ferradar/ros2_ws/install/autonomous_patrol/share/autonomous_patrol/environment/path.sh
[0.611s] -- Up-to-date: /home/ferradar/ros2_ws/install/autonomous_patrol/share/autonomous_patrol/environment/path.dsv
[0.611s] -- Up-to-date: /home/ferradar/ros2_ws/install/autonomous_patrol/share/autonomous_patrol/local_setup.bash
[0.611s] -- Up-to-date: /home/ferradar/ros2_ws/install/autonomous_patrol/share/autonomous_patrol/local_setup.sh
[0.611s] -- Up-to-date: /home/ferradar/ros2_ws/install/autonomous_patrol/share/autonomous_patrol/local_setup.zsh
[0.611s] -- Up-to-date: /home/ferradar/ros2_ws/install/autonomous_patrol/share/autonomous_patrol/local_setup.dsv
[0.611s] -- Up-to-date: /home/ferradar/ros2_ws/install/autonomous_patrol/share/autonomous_patrol/package.dsv
[0.611s] -- Up-to-date: /home/ferradar/ros2_ws/install/autonomous_patrol/share/ament_index/resource_index/packages/autonomous_patrol
[0.611s] -- Up-to-date: /home/ferradar/ros2_ws/install/autonomous_patrol/share/autonomous_patrol/cmake/autonomous_patrolConfig.cmake
[0.611s] -- Up-to-date: /home/ferradar/ros2_ws/install/autonomous_patrol/share/autonomous_patrol/cmake/autonomous_patrolConfig-version.cmake
[0.611s] -- Up-to-date: /home/ferradar/ros2_ws/install/autonomous_patrol/share/autonomous_patrol/package.xml
[0.612s] Invoked command in '/home/ferradar/ros2_ws/build/autonomous_patrol' returned '0': CMAKE_PREFIX_PATH=${CMAKE_PREFIX_PATH}:/opt/ros/humble /usr/bin/cmake --install /home/ferradar/ros2_ws/build/autonomous_patrol
