[0.020s] Invoking command in '/home/ferradar/ros2_ws/build/autonomous_patrol': CMAKE_PREFIX_PATH=${CMAKE_PREFIX_PATH}:/opt/ros/humble /usr/bin/cmake --build /home/ferradar/ros2_ws/build/autonomous_patrol -- -j6 -l6
[0.100s] Built target ament_cmake_python_symlink_autonomous_patrol
[0.562s] running egg_info
[0.564s] writing autonomous_patrol.egg-info/PKG-INFO
[0.564s] writing dependency_links to autonomous_patrol.egg-info/dependency_links.txt
[0.564s] writing top-level names to autonomous_patrol.egg-info/top_level.txt
[0.569s] reading manifest file 'autonomous_patrol.egg-info/SOURCES.txt'
[0.569s] writing manifest file 'autonomous_patrol.egg-info/SOURCES.txt'
[0.603s] Built target ament_cmake_python_build_autonomous_patrol_egg
[0.622s] Invoked command in '/home/ferradar/ros2_ws/build/autonomous_patrol' returned '0': CMAKE_PREFIX_PATH=${CMAKE_PREFIX_PATH}:/opt/ros/humble /usr/bin/cmake --build /home/ferradar/ros2_ws/build/autonomous_patrol -- -j6 -l6
[0.648s] Invoking command in '/home/ferradar/ros2_ws/build/autonomous_patrol': CMAKE_PREFIX_PATH=${CMAKE_PREFIX_PATH}:/opt/ros/humble /usr/bin/cmake --install /home/ferradar/ros2_ws/build/autonomous_patrol
[0.659s] -- Install configuration: ""
[0.661s] -- Execute custom install script
[0.661s] -- Up-to-date symlink: /home/ferradar/ros2_ws/install/autonomous_patrol/share/autonomous_patrol/environment/pythonpath.sh
[0.664s] -- Up-to-date symlink: /home/ferradar/ros2_ws/install/autonomous_patrol/share/autonomous_patrol/environment/pythonpath.dsv
[0.664s] -- Up-to-date symlink: /home/ferradar/ros2_ws/install/autonomous_patrol/local/lib/python3.10/dist-packages/autonomous_patrol-0.0.1-py3.10.egg-info/PKG-INFO
[0.664s] -- Up-to-date symlink: /home/ferradar/ros2_ws/install/autonomous_patrol/local/lib/python3.10/dist-packages/autonomous_patrol-0.0.1-py3.10.egg-info/SOURCES.txt
[0.664s] -- Up-to-date symlink: /home/ferradar/ros2_ws/install/autonomous_patrol/local/lib/python3.10/dist-packages/autonomous_patrol-0.0.1-py3.10.egg-info/dependency_links.txt
[0.664s] -- Up-to-date symlink: /home/ferradar/ros2_ws/install/autonomous_patrol/local/lib/python3.10/dist-packages/autonomous_patrol-0.0.1-py3.10.egg-info/top_level.txt
[0.664s] -- Up-to-date symlink: /home/ferradar/ros2_ws/install/autonomous_patrol/local/lib/python3.10/dist-packages/autonomous_patrol/__init__.py
[0.664s] -- Up-to-date symlink: /home/ferradar/ros2_ws/install/autonomous_patrol/local/lib/python3.10/dist-packages/autonomous_patrol/follow_waypoints_node.py
[0.664s] -- Up-to-date symlink: /home/ferradar/ros2_ws/install/autonomous_patrol/local/lib/python3.10/dist-packages/autonomous_patrol/record_waypoints_node.py
[0.664s] -- Up-to-date symlink: /home/ferradar/ros2_ws/install/autonomous_patrol/local/lib/python3.10/dist-packages/autonomous_patrol/save_map.py
[0.665s] -- Up-to-date symlink: /home/ferradar/ros2_ws/install/autonomous_patrol/local/lib/python3.10/dist-packages/autonomous_patrol/slam
[0.667s] -- Up-to-date symlink: /home/ferradar/ros2_ws/install/autonomous_patrol/local/lib/python3.10/dist-packages/autonomous_patrol/slam_auto_save.py
[0.667s] -- Up-to-date symlink: /home/ferradar/ros2_ws/install/autonomous_patrol/local/lib/python3.10/dist-packages/autonomous_patrol/visualizer_node.py
[0.667s] -- Up-to-date symlink: /home/ferradar/ros2_ws/install/autonomous_patrol/lib/autonomous_patrol/record_waypoints_node.py
[0.667s] -- Up-to-date symlink: /home/ferradar/ros2_ws/install/autonomous_patrol/lib/autonomous_patrol/follow_waypoints_node.py
[0.667s] -- Up-to-date symlink: /home/ferradar/ros2_ws/install/autonomous_patrol/lib/autonomous_patrol/visualizer_node.py
[0.667s] -- Up-to-date symlink: /home/ferradar/ros2_ws/install/autonomous_patrol/lib/autonomous_patrol/save_map.py
[0.667s] -- Up-to-date symlink: /home/ferradar/ros2_ws/install/autonomous_patrol/lib/autonomous_patrol/slam
[0.667s] -- Up-to-date symlink: /home/ferradar/ros2_ws/install/autonomous_patrol/share/autonomous_patrol/launch/follow_waypoints.launch.py
[0.667s] -- Up-to-date symlink: /home/ferradar/ros2_ws/install/autonomous_patrol/share/autonomous_patrol/launch/record_waypoints.launch.py
[0.667s] -- Up-to-date symlink: /home/ferradar/ros2_ws/install/autonomous_patrol/share/autonomous_patrol/launch/slam.launch.py
[0.667s] -- Up-to-date symlink: /home/ferradar/ros2_ws/install/autonomous_patrol/share/autonomous_patrol/launch/visualize_waypoints.launch.py
[0.667s] -- Up-to-date symlink: /home/ferradar/ros2_ws/install/autonomous_patrol/share/autonomous_patrol/config/autonomous_patrol_config.yaml
[0.668s] -- Up-to-date symlink: /home/ferradar/ros2_ws/install/autonomous_patrol/share/autonomous_patrol/config/slam_toolbox_params.yaml
[0.669s] -- Up-to-date symlink: /home/ferradar/ros2_ws/install/autonomous_patrol/share/autonomous_patrol/config/test_config.yaml
[0.669s] -- Up-to-date symlink: /home/ferradar/ros2_ws/install/autonomous_patrol/share/autonomous_patrol/rviz/slam.rviz
[0.669s] -- Up-to-date symlink: /home/ferradar/ros2_ws/install/autonomous_patrol/share/autonomous_patrol/rviz/waypoints.rviz
[0.670s] -- Up-to-date symlink: /home/ferradar/ros2_ws/install/autonomous_patrol/share/ament_index/resource_index/package_run_dependencies/autonomous_patrol
[0.670s] -- Up-to-date symlink: /home/ferradar/ros2_ws/install/autonomous_patrol/share/ament_index/resource_index/parent_prefix_path/autonomous_patrol
[0.671s] -- Up-to-date symlink: /home/ferradar/ros2_ws/install/autonomous_patrol/share/autonomous_patrol/environment/ament_prefix_path.sh
[0.671s] -- Up-to-date symlink: /home/ferradar/ros2_ws/install/autonomous_patrol/share/autonomous_patrol/environment/ament_prefix_path.dsv
[0.672s] -- Up-to-date symlink: /home/ferradar/ros2_ws/install/autonomous_patrol/share/autonomous_patrol/environment/path.sh
[0.674s] -- Up-to-date symlink: /home/ferradar/ros2_ws/install/autonomous_patrol/share/autonomous_patrol/environment/path.dsv
[0.674s] -- Up-to-date symlink: /home/ferradar/ros2_ws/install/autonomous_patrol/share/autonomous_patrol/local_setup.bash
[0.674s] -- Up-to-date symlink: /home/ferradar/ros2_ws/install/autonomous_patrol/share/autonomous_patrol/local_setup.sh
[0.674s] -- Up-to-date symlink: /home/ferradar/ros2_ws/install/autonomous_patrol/share/autonomous_patrol/local_setup.zsh
[0.674s] -- Up-to-date symlink: /home/ferradar/ros2_ws/install/autonomous_patrol/share/autonomous_patrol/local_setup.dsv
[0.674s] -- Symlinking: /home/ferradar/ros2_ws/install/autonomous_patrol/share/autonomous_patrol/package.dsv
[0.693s] -- Up-to-date symlink: /home/ferradar/ros2_ws/install/autonomous_patrol/share/ament_index/resource_index/packages/autonomous_patrol
[0.694s] -- Up-to-date symlink: /home/ferradar/ros2_ws/install/autonomous_patrol/share/autonomous_patrol/cmake/autonomous_patrolConfig.cmake
[0.695s] -- Up-to-date symlink: /home/ferradar/ros2_ws/install/autonomous_patrol/share/autonomous_patrol/cmake/autonomous_patrolConfig-version.cmake
[0.695s] -- Up-to-date symlink: /home/ferradar/ros2_ws/install/autonomous_patrol/share/autonomous_patrol/package.xml
[0.738s] Listing '/home/ferradar/ros2_ws/install/autonomous_patrol/local/lib/python3.10/dist-packages/autonomous_patrol'...
[0.758s] Invoked command in '/home/ferradar/ros2_ws/build/autonomous_patrol' returned '0': CMAKE_PREFIX_PATH=${CMAKE_PREFIX_PATH}:/opt/ros/humble /usr/bin/cmake --install /home/ferradar/ros2_ws/build/autonomous_patrol
