[0.157s] colcon DEBUG Command line arguments: ['/usr/bin/colcon', 'build', '--packages-select', 'autonomous_patrol']
[0.158s] colcon DEBUG Parsed command line arguments: Namespace(log_base=None, log_level=None, verb_name='build', build_base='build', install_base='install', merge_install=False, symlink_install=False, test_result_base=None, continue_on_error=False, executor='parallel', parallel_workers=6, event_handlers=None, ignore_user_meta=False, metas=['./colcon.meta'], base_paths=['.'], packages_ignore=None, packages_ignore_regex=None, paths=None, packages_up_to=None, packages_up_to_regex=None, packages_above=None, packages_above_and_dependencies=None, packages_above_depth=None, packages_select_by_dep=None, packages_skip_by_dep=None, packages_skip_up_to=None, packages_select_build_failed=False, packages_skip_build_finished=False, packages_select_test_failures=False, packages_skip_test_passed=False, packages_select=['autonomous_patrol'], packages_skip=None, packages_select_regex=None, packages_skip_regex=None, packages_start=None, packages_end=None, allow_overriding=[], cmake_args=None, cmake_target=None, cmake_target_skip_unavailable=False, cmake_clean_cache=False, cmake_clean_first=False, cmake_force_configure=False, ament_cmake_args=None, catkin_cmake_args=None, catkin_skip_building_tests=False, verb_parser=<colcon_defaults.argument_parser.defaults.DefaultArgumentsDecorator object at 0x7479378f25c0>, verb_extension=<colcon_core.verb.build.BuildVerb object at 0x7479378f20b0>, main=<bound method BuildVerb.main of <colcon_core.verb.build.BuildVerb object at 0x7479378f20b0>>)
[0.354s] colcon.colcon_core.package_discovery Level 1 discover_packages(colcon_meta) check parameters
[0.354s] colcon.colcon_core.package_discovery Level 1 discover_packages(recursive) check parameters
[0.354s] colcon.colcon_core.package_discovery Level 1 discover_packages(ignore) check parameters
[0.354s] colcon.colcon_core.package_discovery Level 1 discover_packages(path) check parameters
[0.354s] colcon.colcon_core.package_discovery Level 1 discover_packages(colcon_meta) discover
[0.354s] colcon.colcon_core.package_discovery Level 1 discover_packages(recursive) discover
[0.354s] colcon.colcon_core.package_discovery INFO Crawling recursively for packages in '/home/ferradar/ros2_ws'
[0.354s] colcon.colcon_core.package_identification Level 1 _identify(.) by extensions ['ignore', 'ignore_ament_install']
[0.354s] colcon.colcon_core.package_identification Level 1 _identify(.) by extension 'ignore'
[0.354s] colcon.colcon_core.package_identification Level 1 _identify(.) by extension 'ignore_ament_install'
[0.354s] colcon.colcon_core.package_identification Level 1 _identify(.) by extensions ['colcon_pkg']
[0.354s] colcon.colcon_core.package_identification Level 1 _identify(.) by extension 'colcon_pkg'
[0.354s] colcon.colcon_core.package_identification Level 1 _identify(.) by extensions ['colcon_meta']
[0.354s] colcon.colcon_core.package_identification Level 1 _identify(.) by extension 'colcon_meta'
[0.354s] colcon.colcon_core.package_identification Level 1 _identify(.) by extensions ['ros']
[0.355s] colcon.colcon_core.package_identification Level 1 _identify(.) by extension 'ros'
[0.366s] colcon.colcon_core.package_identification Level 1 _identify(.) by extensions ['cmake', 'python']
[0.366s] colcon.colcon_core.package_identification Level 1 _identify(.) by extension 'cmake'
[0.366s] colcon.colcon_core.package_identification Level 1 _identify(.) by extension 'python'
[0.367s] colcon.colcon_core.package_identification Level 1 _identify(.) by extensions ['python_setup_py']
[0.367s] colcon.colcon_core.package_identification Level 1 _identify(.) by extension 'python_setup_py'
[0.367s] colcon.colcon_core.package_identification Level 1 _identify(build) by extensions ['ignore', 'ignore_ament_install']
[0.367s] colcon.colcon_core.package_identification Level 1 _identify(build) by extension 'ignore'
[0.367s] colcon.colcon_core.package_identification Level 1 _identify(build) ignored
[0.367s] colcon.colcon_core.package_identification Level 1 _identify(data) by extensions ['ignore', 'ignore_ament_install']
[0.367s] colcon.colcon_core.package_identification Level 1 _identify(data) by extension 'ignore'
[0.367s] colcon.colcon_core.package_identification Level 1 _identify(data) by extension 'ignore_ament_install'
[0.367s] colcon.colcon_core.package_identification Level 1 _identify(data) by extensions ['colcon_pkg']
[0.367s] colcon.colcon_core.package_identification Level 1 _identify(data) by extension 'colcon_pkg'
[0.367s] colcon.colcon_core.package_identification Level 1 _identify(data) by extensions ['colcon_meta']
[0.367s] colcon.colcon_core.package_identification Level 1 _identify(data) by extension 'colcon_meta'
[0.367s] colcon.colcon_core.package_identification Level 1 _identify(data) by extensions ['ros']
[0.367s] colcon.colcon_core.package_identification Level 1 _identify(data) by extension 'ros'
[0.367s] colcon.colcon_core.package_identification Level 1 _identify(data) by extensions ['cmake', 'python']
[0.367s] colcon.colcon_core.package_identification Level 1 _identify(data) by extension 'cmake'
[0.367s] colcon.colcon_core.package_identification Level 1 _identify(data) by extension 'python'
[0.367s] colcon.colcon_core.package_identification Level 1 _identify(data) by extensions ['python_setup_py']
[0.367s] colcon.colcon_core.package_identification Level 1 _identify(data) by extension 'python_setup_py'
[0.368s] colcon.colcon_core.package_identification Level 1 _identify(install) by extensions ['ignore', 'ignore_ament_install']
[0.368s] colcon.colcon_core.package_identification Level 1 _identify(install) by extension 'ignore'
[0.368s] colcon.colcon_core.package_identification Level 1 _identify(install) ignored
[0.368s] colcon.colcon_core.package_identification Level 1 _identify(log) by extensions ['ignore', 'ignore_ament_install']
[0.368s] colcon.colcon_core.package_identification Level 1 _identify(log) by extension 'ignore'
[0.368s] colcon.colcon_core.package_identification Level 1 _identify(log) ignored
[0.368s] colcon.colcon_core.package_identification Level 1 _identify(results) by extensions ['ignore', 'ignore_ament_install']
[0.368s] colcon.colcon_core.package_identification Level 1 _identify(results) by extension 'ignore'
[0.368s] colcon.colcon_core.package_identification Level 1 _identify(results) by extension 'ignore_ament_install'
[0.368s] colcon.colcon_core.package_identification Level 1 _identify(results) by extensions ['colcon_pkg']
[0.368s] colcon.colcon_core.package_identification Level 1 _identify(results) by extension 'colcon_pkg'
[0.368s] colcon.colcon_core.package_identification Level 1 _identify(results) by extensions ['colcon_meta']
[0.368s] colcon.colcon_core.package_identification Level 1 _identify(results) by extension 'colcon_meta'
[0.369s] colcon.colcon_core.package_identification Level 1 _identify(results) by extensions ['ros']
[0.369s] colcon.colcon_core.package_identification Level 1 _identify(results) by extension 'ros'
[0.369s] colcon.colcon_core.package_identification Level 1 _identify(results) by extensions ['cmake', 'python']
[0.369s] colcon.colcon_core.package_identification Level 1 _identify(results) by extension 'cmake'
[0.369s] colcon.colcon_core.package_identification Level 1 _identify(results) by extension 'python'
[0.369s] colcon.colcon_core.package_identification Level 1 _identify(results) by extensions ['python_setup_py']
[0.369s] colcon.colcon_core.package_identification Level 1 _identify(results) by extension 'python_setup_py'
[0.369s] colcon.colcon_core.package_identification Level 1 _identify(src) by extensions ['ignore', 'ignore_ament_install']
[0.369s] colcon.colcon_core.package_identification Level 1 _identify(src) by extension 'ignore'
[0.369s] colcon.colcon_core.package_identification Level 1 _identify(src) by extension 'ignore_ament_install'
[0.369s] colcon.colcon_core.package_identification Level 1 _identify(src) by extensions ['colcon_pkg']
[0.369s] colcon.colcon_core.package_identification Level 1 _identify(src) by extension 'colcon_pkg'
[0.369s] colcon.colcon_core.package_identification Level 1 _identify(src) by extensions ['colcon_meta']
[0.369s] colcon.colcon_core.package_identification Level 1 _identify(src) by extension 'colcon_meta'
[0.369s] colcon.colcon_core.package_identification Level 1 _identify(src) by extensions ['ros']
[0.369s] colcon.colcon_core.package_identification Level 1 _identify(src) by extension 'ros'
[0.369s] colcon.colcon_core.package_identification Level 1 _identify(src) by extensions ['cmake', 'python']
[0.369s] colcon.colcon_core.package_identification Level 1 _identify(src) by extension 'cmake'
[0.369s] colcon.colcon_core.package_identification Level 1 _identify(src) by extension 'python'
[0.369s] colcon.colcon_core.package_identification Level 1 _identify(src) by extensions ['python_setup_py']
[0.369s] colcon.colcon_core.package_identification Level 1 _identify(src) by extension 'python_setup_py'
[0.369s] colcon.colcon_core.package_identification Level 1 _identify(src/nomeer_robot_ros2) by extensions ['ignore', 'ignore_ament_install']
[0.370s] colcon.colcon_core.package_identification Level 1 _identify(src/nomeer_robot_ros2) by extension 'ignore'
[0.370s] colcon.colcon_core.package_identification Level 1 _identify(src/nomeer_robot_ros2) by extension 'ignore_ament_install'
[0.370s] colcon.colcon_core.package_identification Level 1 _identify(src/nomeer_robot_ros2) by extensions ['colcon_pkg']
[0.370s] colcon.colcon_core.package_identification Level 1 _identify(src/nomeer_robot_ros2) by extension 'colcon_pkg'
[0.370s] colcon.colcon_core.package_identification Level 1 _identify(src/nomeer_robot_ros2) by extensions ['colcon_meta']
[0.370s] colcon.colcon_core.package_identification Level 1 _identify(src/nomeer_robot_ros2) by extension 'colcon_meta'
[0.370s] colcon.colcon_core.package_identification Level 1 _identify(src/nomeer_robot_ros2) by extensions ['ros']
[0.370s] colcon.colcon_core.package_identification Level 1 _identify(src/nomeer_robot_ros2) by extension 'ros'
[0.370s] colcon.colcon_core.package_identification Level 1 _identify(src/nomeer_robot_ros2) by extensions ['cmake', 'python']
[0.370s] colcon.colcon_core.package_identification Level 1 _identify(src/nomeer_robot_ros2) by extension 'cmake'
[0.370s] colcon.colcon_core.package_identification Level 1 _identify(src/nomeer_robot_ros2) by extension 'python'
[0.370s] colcon.colcon_core.package_identification Level 1 _identify(src/nomeer_robot_ros2) by extensions ['python_setup_py']
[0.370s] colcon.colcon_core.package_identification Level 1 _identify(src/nomeer_robot_ros2) by extension 'python_setup_py'
[0.370s] colcon.colcon_core.package_identification Level 1 _identify(src/nomeer_robot_ros2/Docs) by extensions ['ignore', 'ignore_ament_install']
[0.370s] colcon.colcon_core.package_identification Level 1 _identify(src/nomeer_robot_ros2/Docs) by extension 'ignore'
[0.370s] colcon.colcon_core.package_identification Level 1 _identify(src/nomeer_robot_ros2/Docs) by extension 'ignore_ament_install'
[0.370s] colcon.colcon_core.package_identification Level 1 _identify(src/nomeer_robot_ros2/Docs) by extensions ['colcon_pkg']
[0.370s] colcon.colcon_core.package_identification Level 1 _identify(src/nomeer_robot_ros2/Docs) by extension 'colcon_pkg'
[0.371s] colcon.colcon_core.package_identification Level 1 _identify(src/nomeer_robot_ros2/Docs) by extensions ['colcon_meta']
[0.371s] colcon.colcon_core.package_identification Level 1 _identify(src/nomeer_robot_ros2/Docs) by extension 'colcon_meta'
[0.371s] colcon.colcon_core.package_identification Level 1 _identify(src/nomeer_robot_ros2/Docs) by extensions ['ros']
[0.371s] colcon.colcon_core.package_identification Level 1 _identify(src/nomeer_robot_ros2/Docs) by extension 'ros'
[0.371s] colcon.colcon_core.package_identification Level 1 _identify(src/nomeer_robot_ros2/Docs) by extensions ['cmake', 'python']
[0.371s] colcon.colcon_core.package_identification Level 1 _identify(src/nomeer_robot_ros2/Docs) by extension 'cmake'
[0.371s] colcon.colcon_core.package_identification Level 1 _identify(src/nomeer_robot_ros2/Docs) by extension 'python'
[0.371s] colcon.colcon_core.package_identification Level 1 _identify(src/nomeer_robot_ros2/Docs) by extensions ['python_setup_py']
[0.371s] colcon.colcon_core.package_identification Level 1 _identify(src/nomeer_robot_ros2/Docs) by extension 'python_setup_py'
[0.371s] colcon.colcon_core.package_identification Level 1 _identify(src/nomeer_robot_ros2/src) by extensions ['ignore', 'ignore_ament_install']
[0.371s] colcon.colcon_core.package_identification Level 1 _identify(src/nomeer_robot_ros2/src) by extension 'ignore'
[0.371s] colcon.colcon_core.package_identification Level 1 _identify(src/nomeer_robot_ros2/src) by extension 'ignore_ament_install'
[0.371s] colcon.colcon_core.package_identification Level 1 _identify(src/nomeer_robot_ros2/src) by extensions ['colcon_pkg']
[0.371s] colcon.colcon_core.package_identification Level 1 _identify(src/nomeer_robot_ros2/src) by extension 'colcon_pkg'
[0.371s] colcon.colcon_core.package_identification Level 1 _identify(src/nomeer_robot_ros2/src) by extensions ['colcon_meta']
[0.371s] colcon.colcon_core.package_identification Level 1 _identify(src/nomeer_robot_ros2/src) by extension 'colcon_meta'
[0.371s] colcon.colcon_core.package_identification Level 1 _identify(src/nomeer_robot_ros2/src) by extensions ['ros']
[0.371s] colcon.colcon_core.package_identification Level 1 _identify(src/nomeer_robot_ros2/src) by extension 'ros'
[0.372s] colcon.colcon_core.package_identification Level 1 _identify(src/nomeer_robot_ros2/src) by extensions ['cmake', 'python']
[0.372s] colcon.colcon_core.package_identification Level 1 _identify(src/nomeer_robot_ros2/src) by extension 'cmake'
[0.372s] colcon.colcon_core.package_identification Level 1 _identify(src/nomeer_robot_ros2/src) by extension 'python'
[0.372s] colcon.colcon_core.package_identification Level 1 _identify(src/nomeer_robot_ros2/src) by extensions ['python_setup_py']
[0.372s] colcon.colcon_core.package_identification Level 1 _identify(src/nomeer_robot_ros2/src) by extension 'python_setup_py'
[0.372s] colcon.colcon_core.package_identification Level 1 _identify(src/nomeer_robot_ros2/src/autonomous_patrol) by extensions ['ignore', 'ignore_ament_install']
[0.372s] colcon.colcon_core.package_identification Level 1 _identify(src/nomeer_robot_ros2/src/autonomous_patrol) by extension 'ignore'
[0.372s] colcon.colcon_core.package_identification Level 1 _identify(src/nomeer_robot_ros2/src/autonomous_patrol) by extension 'ignore_ament_install'
[0.372s] colcon.colcon_core.package_identification Level 1 _identify(src/nomeer_robot_ros2/src/autonomous_patrol) by extensions ['colcon_pkg']
[0.372s] colcon.colcon_core.package_identification Level 1 _identify(src/nomeer_robot_ros2/src/autonomous_patrol) by extension 'colcon_pkg'
[0.372s] colcon.colcon_core.package_identification Level 1 _identify(src/nomeer_robot_ros2/src/autonomous_patrol) by extensions ['colcon_meta']
[0.372s] colcon.colcon_core.package_identification Level 1 _identify(src/nomeer_robot_ros2/src/autonomous_patrol) by extension 'colcon_meta'
[0.372s] colcon.colcon_core.package_identification Level 1 _identify(src/nomeer_robot_ros2/src/autonomous_patrol) by extensions ['ros']
[0.372s] colcon.colcon_core.package_identification Level 1 _identify(src/nomeer_robot_ros2/src/autonomous_patrol) by extension 'ros'
[0.376s] colcon.colcon_core.package_identification DEBUG Package 'src/nomeer_robot_ros2/src/autonomous_patrol' with type 'ros.ament_cmake' and name 'autonomous_patrol'
[0.376s] colcon.colcon_core.package_identification Level 1 _identify(src/nomeer_robot_ros2/src/mono_depth_onnx) by extensions ['ignore', 'ignore_ament_install']
[0.376s] colcon.colcon_core.package_identification Level 1 _identify(src/nomeer_robot_ros2/src/mono_depth_onnx) by extension 'ignore'
[0.376s] colcon.colcon_core.package_identification Level 1 _identify(src/nomeer_robot_ros2/src/mono_depth_onnx) by extension 'ignore_ament_install'
[0.376s] colcon.colcon_core.package_identification Level 1 _identify(src/nomeer_robot_ros2/src/mono_depth_onnx) by extensions ['colcon_pkg']
[0.376s] colcon.colcon_core.package_identification Level 1 _identify(src/nomeer_robot_ros2/src/mono_depth_onnx) by extension 'colcon_pkg'
[0.376s] colcon.colcon_core.package_identification Level 1 _identify(src/nomeer_robot_ros2/src/mono_depth_onnx) by extensions ['colcon_meta']
[0.376s] colcon.colcon_core.package_identification Level 1 _identify(src/nomeer_robot_ros2/src/mono_depth_onnx) by extension 'colcon_meta'
[0.376s] colcon.colcon_core.package_identification Level 1 _identify(src/nomeer_robot_ros2/src/mono_depth_onnx) by extensions ['ros']
[0.376s] colcon.colcon_core.package_identification Level 1 _identify(src/nomeer_robot_ros2/src/mono_depth_onnx) by extension 'ros'
[0.378s] colcon.colcon_core.package_identification DEBUG Package 'src/nomeer_robot_ros2/src/mono_depth_onnx' with type 'ros.ament_cmake' and name 'mono_depth_onnx'
[0.378s] colcon.colcon_core.package_identification Level 1 _identify(src/nomeer_robot_ros2/src/robot_description) by extensions ['ignore', 'ignore_ament_install']
[0.378s] colcon.colcon_core.package_identification Level 1 _identify(src/nomeer_robot_ros2/src/robot_description) by extension 'ignore'
[0.378s] colcon.colcon_core.package_identification Level 1 _identify(src/nomeer_robot_ros2/src/robot_description) by extension 'ignore_ament_install'
[0.379s] colcon.colcon_core.package_identification Level 1 _identify(src/nomeer_robot_ros2/src/robot_description) by extensions ['colcon_pkg']
[0.379s] colcon.colcon_core.package_identification Level 1 _identify(src/nomeer_robot_ros2/src/robot_description) by extension 'colcon_pkg'
[0.379s] colcon.colcon_core.package_identification Level 1 _identify(src/nomeer_robot_ros2/src/robot_description) by extensions ['colcon_meta']
[0.379s] colcon.colcon_core.package_identification Level 1 _identify(src/nomeer_robot_ros2/src/robot_description) by extension 'colcon_meta'
[0.379s] colcon.colcon_core.package_identification Level 1 _identify(src/nomeer_robot_ros2/src/robot_description) by extensions ['ros']
[0.379s] colcon.colcon_core.package_identification Level 1 _identify(src/nomeer_robot_ros2/src/robot_description) by extension 'ros'
[0.380s] colcon.colcon_core.package_identification DEBUG Package 'src/nomeer_robot_ros2/src/robot_description' with type 'ros.ament_cmake' and name 'robot_description'
[0.380s] colcon.colcon_core.package_identification Level 1 _identify(src/nomeer_robot_ros2/src/teleop_twist_keyboard) by extensions ['ignore', 'ignore_ament_install']
[0.380s] colcon.colcon_core.package_identification Level 1 _identify(src/nomeer_robot_ros2/src/teleop_twist_keyboard) by extension 'ignore'
[0.380s] colcon.colcon_core.package_identification Level 1 _identify(src/nomeer_robot_ros2/src/teleop_twist_keyboard) by extension 'ignore_ament_install'
[0.380s] colcon.colcon_core.package_identification Level 1 _identify(src/nomeer_robot_ros2/src/teleop_twist_keyboard) by extensions ['colcon_pkg']
[0.380s] colcon.colcon_core.package_identification Level 1 _identify(src/nomeer_robot_ros2/src/teleop_twist_keyboard) by extension 'colcon_pkg'
[0.380s] colcon.colcon_core.package_identification Level 1 _identify(src/nomeer_robot_ros2/src/teleop_twist_keyboard) by extensions ['colcon_meta']
[0.380s] colcon.colcon_core.package_identification Level 1 _identify(src/nomeer_robot_ros2/src/teleop_twist_keyboard) by extension 'colcon_meta'
[0.380s] colcon.colcon_core.package_identification Level 1 _identify(src/nomeer_robot_ros2/src/teleop_twist_keyboard) by extensions ['ros']
[0.380s] colcon.colcon_core.package_identification Level 1 _identify(src/nomeer_robot_ros2/src/teleop_twist_keyboard) by extension 'ros'
[0.380s] colcon.colcon_core.package_identification Level 1 _identify(src/nomeer_robot_ros2/src/teleop_twist_keyboard) by extensions ['cmake', 'python']
[0.380s] colcon.colcon_core.package_identification Level 1 _identify(src/nomeer_robot_ros2/src/teleop_twist_keyboard) by extension 'cmake'
[0.380s] colcon.colcon_core.package_identification Level 1 _identify(src/nomeer_robot_ros2/src/teleop_twist_keyboard) by extension 'python'
[0.381s] colcon.colcon_core.package_identification Level 1 _identify(src/nomeer_robot_ros2/src/teleop_twist_keyboard) by extensions ['python_setup_py']
[0.381s] colcon.colcon_core.package_identification Level 1 _identify(src/nomeer_robot_ros2/src/teleop_twist_keyboard) by extension 'python_setup_py'
[0.381s] colcon.colcon_core.package_discovery Level 1 discover_packages(recursive) using defaults
[0.381s] colcon.colcon_core.package_discovery Level 1 discover_packages(ignore) discover
[0.381s] colcon.colcon_core.package_discovery Level 1 discover_packages(ignore) using defaults
[0.381s] colcon.colcon_core.package_discovery Level 1 discover_packages(path) discover
[0.381s] colcon.colcon_core.package_discovery Level 1 discover_packages(path) using defaults
[0.409s] colcon.colcon_core.package_selection INFO Skipping not selected package 'mono_depth_onnx' in 'src/nomeer_robot_ros2/src/mono_depth_onnx'
[0.410s] colcon.colcon_core.package_selection INFO Skipping not selected package 'robot_description' in 'src/nomeer_robot_ros2/src/robot_description'
[0.410s] colcon.colcon_core.package_discovery Level 1 discover_packages(prefix_path) check parameters
[0.410s] colcon.colcon_core.package_discovery Level 1 discover_packages(prefix_path) discover
[0.411s] colcon.colcon_ros.prefix_path.ament WARNING The path '/home/ferradar/ros2_ws/install/robot_description' in the environment variable AMENT_PREFIX_PATH doesn't exist
[0.411s] colcon.colcon_ros.prefix_path.ament WARNING The path '/home/ferradar/ros2_ws/install/mono_depth_onnx' in the environment variable AMENT_PREFIX_PATH doesn't exist
[0.411s] colcon.colcon_ros.prefix_path.ament WARNING The path '/home/ferradar/ros2_ws/install/autonomous_patrol' in the environment variable AMENT_PREFIX_PATH doesn't exist
[0.411s] colcon.colcon_ros.prefix_path.catkin WARNING The path '/home/ferradar/ros2_ws/install/robot_description' in the environment variable CMAKE_PREFIX_PATH doesn't exist
[0.411s] colcon.colcon_ros.prefix_path.catkin WARNING The path '/home/ferradar/ros2_ws/install/mono_depth_onnx' in the environment variable CMAKE_PREFIX_PATH doesn't exist
[0.411s] colcon.colcon_ros.prefix_path.catkin WARNING The path '/home/ferradar/ros2_ws/install/autonomous_patrol' in the environment variable CMAKE_PREFIX_PATH doesn't exist
[0.412s] colcon.colcon_installed_package_information.package_discovery DEBUG Found 0 installed packages in /home/ferradar/ros2_ws/install
[0.414s] colcon.colcon_installed_package_information.package_discovery DEBUG Found 289 installed packages in /opt/ros/humble
[0.416s] colcon.colcon_core.package_discovery Level 1 discover_packages(prefix_path) using defaults
[0.468s] colcon.colcon_core.verb Level 5 set package 'autonomous_patrol' build argument 'cmake_args' from command line to 'None'
[0.468s] colcon.colcon_core.verb Level 5 set package 'autonomous_patrol' build argument 'cmake_target' from command line to 'None'
[0.468s] colcon.colcon_core.verb Level 5 set package 'autonomous_patrol' build argument 'cmake_target_skip_unavailable' from command line to 'False'
[0.468s] colcon.colcon_core.verb Level 5 set package 'autonomous_patrol' build argument 'cmake_clean_cache' from command line to 'False'
[0.468s] colcon.colcon_core.verb Level 5 set package 'autonomous_patrol' build argument 'cmake_clean_first' from command line to 'False'
[0.468s] colcon.colcon_core.verb Level 5 set package 'autonomous_patrol' build argument 'cmake_force_configure' from command line to 'False'
[0.468s] colcon.colcon_core.verb Level 5 set package 'autonomous_patrol' build argument 'ament_cmake_args' from command line to 'None'
[0.471s] colcon.colcon_core.verb Level 5 set package 'autonomous_patrol' build argument 'catkin_cmake_args' from command line to 'None'
[0.471s] colcon.colcon_core.verb Level 5 set package 'autonomous_patrol' build argument 'catkin_skip_building_tests' from command line to 'False'
[0.471s] colcon.colcon_core.verb DEBUG Building package 'autonomous_patrol' with the following arguments: {'ament_cmake_args': None, 'build_base': '/home/ferradar/ros2_ws/build/autonomous_patrol', 'catkin_cmake_args': None, 'catkin_skip_building_tests': False, 'cmake_args': None, 'cmake_clean_cache': False, 'cmake_clean_first': False, 'cmake_force_configure': False, 'cmake_target': None, 'cmake_target_skip_unavailable': False, 'install_base': '/home/ferradar/ros2_ws/install/autonomous_patrol', 'merge_install': False, 'path': '/home/ferradar/ros2_ws/src/nomeer_robot_ros2/src/autonomous_patrol', 'symlink_install': False, 'test_result_base': None}
[0.471s] colcon.colcon_core.executor INFO Executing jobs using 'parallel' executor
[0.475s] colcon.colcon_parallel_executor.executor.parallel DEBUG run_until_complete
[0.475s] colcon.colcon_ros.task.ament_cmake.build INFO Building ROS package in '/home/ferradar/ros2_ws/src/nomeer_robot_ros2/src/autonomous_patrol' with build type 'ament_cmake'
[0.475s] colcon.colcon_cmake.task.cmake.build INFO Building CMake package in '/home/ferradar/ros2_ws/src/nomeer_robot_ros2/src/autonomous_patrol'
[0.477s] colcon.colcon_core.plugin_system INFO Skipping extension 'colcon_core.shell.bat': Not used on non-Windows systems
[0.477s] colcon.colcon_core.shell INFO Skip shell extension 'powershell' for command environment: Not usable outside of PowerShell
[0.477s] colcon.colcon_core.shell DEBUG Skip shell extension 'dsv' for command environment
[0.491s] colcon.colcon_core.event_handler.log_command DEBUG Invoking command in '/home/ferradar/ros2_ws/build/autonomous_patrol': CMAKE_PREFIX_PATH=${CMAKE_PREFIX_PATH}:/opt/ros/humble /usr/bin/cmake /home/ferradar/ros2_ws/src/nomeer_robot_ros2/src/autonomous_patrol -DCMAKE_INSTALL_PREFIX=/home/ferradar/ros2_ws/install/autonomous_patrol
[1.731s] colcon.colcon_core.event_handler.log_command DEBUG Invoked command in '/home/ferradar/ros2_ws/build/autonomous_patrol' returned '0': CMAKE_PREFIX_PATH=${CMAKE_PREFIX_PATH}:/opt/ros/humble /usr/bin/cmake /home/ferradar/ros2_ws/src/nomeer_robot_ros2/src/autonomous_patrol -DCMAKE_INSTALL_PREFIX=/home/ferradar/ros2_ws/install/autonomous_patrol
[1.736s] colcon.colcon_core.event_handler.log_command DEBUG Invoking command in '/home/ferradar/ros2_ws/build/autonomous_patrol': CMAKE_PREFIX_PATH=${CMAKE_PREFIX_PATH}:/opt/ros/humble /usr/bin/cmake --build /home/ferradar/ros2_ws/build/autonomous_patrol -- -j6 -l6
[2.176s] colcon.colcon_core.event_handler.log_command DEBUG Invoked command in '/home/ferradar/ros2_ws/build/autonomous_patrol' returned '0': CMAKE_PREFIX_PATH=${CMAKE_PREFIX_PATH}:/opt/ros/humble /usr/bin/cmake --build /home/ferradar/ros2_ws/build/autonomous_patrol -- -j6 -l6
[2.191s] colcon.colcon_core.event_handler.log_command DEBUG Invoking command in '/home/ferradar/ros2_ws/build/autonomous_patrol': CMAKE_PREFIX_PATH=${CMAKE_PREFIX_PATH}:/opt/ros/humble /usr/bin/cmake --install /home/ferradar/ros2_ws/build/autonomous_patrol
[2.262s] colcon.colcon_core.environment Level 1 create_environment_scripts_only(autonomous_patrol)
[2.262s] colcon.colcon_core.event_handler.log_command DEBUG Invoked command in '/home/ferradar/ros2_ws/build/autonomous_patrol' returned '0': CMAKE_PREFIX_PATH=${CMAKE_PREFIX_PATH}:/opt/ros/humble /usr/bin/cmake --install /home/ferradar/ros2_ws/build/autonomous_patrol
[2.265s] colcon.colcon_core.environment Level 1 checking '/home/ferradar/ros2_ws/install/autonomous_patrol' for CMake module files
[2.265s] colcon.colcon_core.environment Level 1 checking '/home/ferradar/ros2_ws/install/autonomous_patrol' for CMake config files
[2.266s] colcon.colcon_core.shell Level 1 create_environment_hook('autonomous_patrol', 'cmake_prefix_path')
[2.266s] colcon.colcon_core.shell INFO Creating environment hook '/home/ferradar/ros2_ws/install/autonomous_patrol/share/autonomous_patrol/hook/cmake_prefix_path.ps1'
[2.267s] colcon.colcon_core.shell INFO Creating environment descriptor '/home/ferradar/ros2_ws/install/autonomous_patrol/share/autonomous_patrol/hook/cmake_prefix_path.dsv'
[2.267s] colcon.colcon_core.shell INFO Creating environment hook '/home/ferradar/ros2_ws/install/autonomous_patrol/share/autonomous_patrol/hook/cmake_prefix_path.sh'
[2.268s] colcon.colcon_core.environment Level 1 checking '/home/ferradar/ros2_ws/install/autonomous_patrol/lib'
[2.268s] colcon.colcon_core.environment Level 1 checking '/home/ferradar/ros2_ws/install/autonomous_patrol/bin'
[2.269s] colcon.colcon_core.environment Level 1 checking '/home/ferradar/ros2_ws/install/autonomous_patrol/lib/pkgconfig/autonomous_patrol.pc'
[2.269s] colcon.colcon_core.environment Level 1 checking '/home/ferradar/ros2_ws/install/autonomous_patrol/lib/python3.10/site-packages'
[2.269s] colcon.colcon_core.environment Level 1 checking '/home/ferradar/ros2_ws/install/autonomous_patrol/bin'
[2.270s] colcon.colcon_core.shell INFO Creating package script '/home/ferradar/ros2_ws/install/autonomous_patrol/share/autonomous_patrol/package.ps1'
[2.271s] colcon.colcon_core.shell INFO Creating package descriptor '/home/ferradar/ros2_ws/install/autonomous_patrol/share/autonomous_patrol/package.dsv'
[2.271s] colcon.colcon_core.shell INFO Creating package script '/home/ferradar/ros2_ws/install/autonomous_patrol/share/autonomous_patrol/package.sh'
[2.272s] colcon.colcon_core.shell INFO Creating package script '/home/ferradar/ros2_ws/install/autonomous_patrol/share/autonomous_patrol/package.bash'
[2.273s] colcon.colcon_core.shell INFO Creating package script '/home/ferradar/ros2_ws/install/autonomous_patrol/share/autonomous_patrol/package.zsh'
[2.274s] colcon.colcon_core.environment Level 1 create_file_with_runtime_dependencies(/home/ferradar/ros2_ws/install/autonomous_patrol/share/colcon-core/packages/autonomous_patrol)
[2.274s] colcon.colcon_core.environment Level 1 create_environment_scripts_only(autonomous_patrol)
[2.275s] colcon.colcon_core.environment Level 1 checking '/home/ferradar/ros2_ws/install/autonomous_patrol' for CMake module files
[2.275s] colcon.colcon_core.environment Level 1 checking '/home/ferradar/ros2_ws/install/autonomous_patrol' for CMake config files
[2.276s] colcon.colcon_core.shell Level 1 create_environment_hook('autonomous_patrol', 'cmake_prefix_path')
[2.276s] colcon.colcon_core.shell INFO Creating environment hook '/home/ferradar/ros2_ws/install/autonomous_patrol/share/autonomous_patrol/hook/cmake_prefix_path.ps1'
[2.276s] colcon.colcon_core.shell INFO Creating environment descriptor '/home/ferradar/ros2_ws/install/autonomous_patrol/share/autonomous_patrol/hook/cmake_prefix_path.dsv'
[2.277s] colcon.colcon_core.shell INFO Creating environment hook '/home/ferradar/ros2_ws/install/autonomous_patrol/share/autonomous_patrol/hook/cmake_prefix_path.sh'
[2.277s] colcon.colcon_core.environment Level 1 checking '/home/ferradar/ros2_ws/install/autonomous_patrol/lib'
[2.277s] colcon.colcon_core.environment Level 1 checking '/home/ferradar/ros2_ws/install/autonomous_patrol/bin'
[2.277s] colcon.colcon_core.environment Level 1 checking '/home/ferradar/ros2_ws/install/autonomous_patrol/lib/pkgconfig/autonomous_patrol.pc'
[2.278s] colcon.colcon_core.environment Level 1 checking '/home/ferradar/ros2_ws/install/autonomous_patrol/lib/python3.10/site-packages'
[2.278s] colcon.colcon_core.environment Level 1 checking '/home/ferradar/ros2_ws/install/autonomous_patrol/bin'
[2.278s] colcon.colcon_core.shell INFO Creating package script '/home/ferradar/ros2_ws/install/autonomous_patrol/share/autonomous_patrol/package.ps1'
[2.279s] colcon.colcon_core.shell INFO Creating package descriptor '/home/ferradar/ros2_ws/install/autonomous_patrol/share/autonomous_patrol/package.dsv'
[2.279s] colcon.colcon_core.shell INFO Creating package script '/home/ferradar/ros2_ws/install/autonomous_patrol/share/autonomous_patrol/package.sh'
[2.280s] colcon.colcon_core.shell INFO Creating package script '/home/ferradar/ros2_ws/install/autonomous_patrol/share/autonomous_patrol/package.bash'
[2.280s] colcon.colcon_core.shell INFO Creating package script '/home/ferradar/ros2_ws/install/autonomous_patrol/share/autonomous_patrol/package.zsh'
[2.281s] colcon.colcon_core.environment Level 1 create_file_with_runtime_dependencies(/home/ferradar/ros2_ws/install/autonomous_patrol/share/colcon-core/packages/autonomous_patrol)
[2.281s] colcon.colcon_parallel_executor.executor.parallel DEBUG closing loop
[2.281s] colcon.colcon_parallel_executor.executor.parallel DEBUG loop closed
[2.281s] colcon.colcon_parallel_executor.executor.parallel DEBUG run_until_complete finished with '0'
[2.282s] colcon.colcon_core.event_reactor DEBUG joining thread
[2.287s] colcon.colcon_core.plugin_system INFO Skipping extension 'colcon_notification.desktop_notification.terminal_notifier': Not used on non-Darwin systems
[2.287s] colcon.colcon_core.plugin_system INFO Skipping extension 'colcon_notification.desktop_notification.win32': Not used on non-Windows systems
[2.287s] colcon.colcon_notification.desktop_notification INFO Sending desktop notification using 'notify2'
[2.306s] colcon.colcon_core.event_reactor DEBUG joined thread
[2.307s] colcon.colcon_core.shell INFO Creating prefix script '/home/ferradar/ros2_ws/install/local_setup.ps1'
[2.308s] colcon.colcon_core.shell INFO Creating prefix util module '/home/ferradar/ros2_ws/install/_local_setup_util_ps1.py'
[2.310s] colcon.colcon_core.shell INFO Creating prefix chain script '/home/ferradar/ros2_ws/install/setup.ps1'
[2.311s] colcon.colcon_core.shell INFO Creating prefix script '/home/ferradar/ros2_ws/install/local_setup.sh'
[2.312s] colcon.colcon_core.shell INFO Creating prefix util module '/home/ferradar/ros2_ws/install/_local_setup_util_sh.py'
[2.312s] colcon.colcon_core.shell INFO Creating prefix chain script '/home/ferradar/ros2_ws/install/setup.sh'
[2.314s] colcon.colcon_core.shell INFO Creating prefix script '/home/ferradar/ros2_ws/install/local_setup.bash'
[2.314s] colcon.colcon_core.shell INFO Creating prefix chain script '/home/ferradar/ros2_ws/install/setup.bash'
[2.315s] colcon.colcon_core.shell INFO Creating prefix script '/home/ferradar/ros2_ws/install/local_setup.zsh'
[2.316s] colcon.colcon_core.shell INFO Creating prefix chain script '/home/ferradar/ros2_ws/install/setup.zsh'
