[0.170s] colcon DEBUG Command line arguments: ['/usr/bin/colcon', 'build', '--packages-select', 'autonomous_patrol', '--symlink-install']
[0.170s] colcon DEBUG Parsed command line arguments: Namespace(log_base=None, log_level=None, verb_name='build', build_base='build', install_base='install', merge_install=False, symlink_install=True, test_result_base=None, continue_on_error=False, executor='parallel', parallel_workers=6, event_handlers=None, ignore_user_meta=False, metas=['./colcon.meta'], base_paths=['.'], packages_ignore=None, packages_ignore_regex=None, paths=None, packages_up_to=None, packages_up_to_regex=None, packages_above=None, packages_above_and_dependencies=None, packages_above_depth=None, packages_select_by_dep=None, packages_skip_by_dep=None, packages_skip_up_to=None, packages_select_build_failed=False, packages_skip_build_finished=False, packages_select_test_failures=False, packages_skip_test_passed=False, packages_select=['autonomous_patrol'], packages_skip=None, packages_select_regex=None, packages_skip_regex=None, packages_start=None, packages_end=None, allow_overriding=[], cmake_args=None, cmake_target=None, cmake_target_skip_unavailable=False, cmake_clean_cache=False, cmake_clean_first=False, cmake_force_configure=False, ament_cmake_args=None, catkin_cmake_args=None, catkin_skip_building_tests=False, verb_parser=<colcon_defaults.argument_parser.defaults.DefaultArgumentsDecorator object at 0x7ddbc89eb490>, verb_extension=<colcon_core.verb.build.BuildVerb object at 0x7ddbc89eaf80>, main=<bound method BuildVerb.main of <colcon_core.verb.build.BuildVerb object at 0x7ddbc89eaf80>>)
[0.425s] colcon.colcon_core.package_discovery Level 1 discover_packages(colcon_meta) check parameters
[0.425s] colcon.colcon_core.package_discovery Level 1 discover_packages(recursive) check parameters
[0.425s] colcon.colcon_core.package_discovery Level 1 discover_packages(ignore) check parameters
[0.425s] colcon.colcon_core.package_discovery Level 1 discover_packages(path) check parameters
[0.426s] colcon.colcon_core.package_discovery Level 1 discover_packages(colcon_meta) discover
[0.426s] colcon.colcon_core.package_discovery Level 1 discover_packages(recursive) discover
[0.426s] colcon.colcon_core.package_discovery INFO Crawling recursively for packages in '/home/ferradar/ros2_ws'
[0.426s] colcon.colcon_core.package_identification Level 1 _identify(.) by extensions ['ignore', 'ignore_ament_install']
[0.427s] colcon.colcon_core.package_identification Level 1 _identify(.) by extension 'ignore'
[0.427s] colcon.colcon_core.package_identification Level 1 _identify(.) by extension 'ignore_ament_install'
[0.427s] colcon.colcon_core.package_identification Level 1 _identify(.) by extensions ['colcon_pkg']
[0.427s] colcon.colcon_core.package_identification Level 1 _identify(.) by extension 'colcon_pkg'
[0.427s] colcon.colcon_core.package_identification Level 1 _identify(.) by extensions ['colcon_meta']
[0.427s] colcon.colcon_core.package_identification Level 1 _identify(.) by extension 'colcon_meta'
[0.427s] colcon.colcon_core.package_identification Level 1 _identify(.) by extensions ['ros']
[0.427s] colcon.colcon_core.package_identification Level 1 _identify(.) by extension 'ros'
[0.441s] colcon.colcon_core.package_identification Level 1 _identify(.) by extensions ['cmake', 'python']
[0.441s] colcon.colcon_core.package_identification Level 1 _identify(.) by extension 'cmake'
[0.441s] colcon.colcon_core.package_identification Level 1 _identify(.) by extension 'python'
[0.441s] colcon.colcon_core.package_identification Level 1 _identify(.) by extensions ['python_setup_py']
[0.441s] colcon.colcon_core.package_identification Level 1 _identify(.) by extension 'python_setup_py'
[0.442s] colcon.colcon_core.package_identification Level 1 _identify(build) by extensions ['ignore', 'ignore_ament_install']
[0.442s] colcon.colcon_core.package_identification Level 1 _identify(build) by extension 'ignore'
[0.442s] colcon.colcon_core.package_identification Level 1 _identify(build) ignored
[0.442s] colcon.colcon_core.package_identification Level 1 _identify(data) by extensions ['ignore', 'ignore_ament_install']
[0.442s] colcon.colcon_core.package_identification Level 1 _identify(data) by extension 'ignore'
[0.442s] colcon.colcon_core.package_identification Level 1 _identify(data) by extension 'ignore_ament_install'
[0.442s] colcon.colcon_core.package_identification Level 1 _identify(data) by extensions ['colcon_pkg']
[0.442s] colcon.colcon_core.package_identification Level 1 _identify(data) by extension 'colcon_pkg'
[0.442s] colcon.colcon_core.package_identification Level 1 _identify(data) by extensions ['colcon_meta']
[0.442s] colcon.colcon_core.package_identification Level 1 _identify(data) by extension 'colcon_meta'
[0.442s] colcon.colcon_core.package_identification Level 1 _identify(data) by extensions ['ros']
[0.442s] colcon.colcon_core.package_identification Level 1 _identify(data) by extension 'ros'
[0.443s] colcon.colcon_core.package_identification Level 1 _identify(data) by extensions ['cmake', 'python']
[0.443s] colcon.colcon_core.package_identification Level 1 _identify(data) by extension 'cmake'
[0.443s] colcon.colcon_core.package_identification Level 1 _identify(data) by extension 'python'
[0.443s] colcon.colcon_core.package_identification Level 1 _identify(data) by extensions ['python_setup_py']
[0.443s] colcon.colcon_core.package_identification Level 1 _identify(data) by extension 'python_setup_py'
[0.443s] colcon.colcon_core.package_identification Level 1 _identify(install) by extensions ['ignore', 'ignore_ament_install']
[0.444s] colcon.colcon_core.package_identification Level 1 _identify(install) by extension 'ignore'
[0.444s] colcon.colcon_core.package_identification Level 1 _identify(install) ignored
[0.444s] colcon.colcon_core.package_identification Level 1 _identify(log) by extensions ['ignore', 'ignore_ament_install']
[0.444s] colcon.colcon_core.package_identification Level 1 _identify(log) by extension 'ignore'
[0.444s] colcon.colcon_core.package_identification Level 1 _identify(log) ignored
[0.444s] colcon.colcon_core.package_identification Level 1 _identify(results) by extensions ['ignore', 'ignore_ament_install']
[0.444s] colcon.colcon_core.package_identification Level 1 _identify(results) by extension 'ignore'
[0.444s] colcon.colcon_core.package_identification Level 1 _identify(results) by extension 'ignore_ament_install'
[0.444s] colcon.colcon_core.package_identification Level 1 _identify(results) by extensions ['colcon_pkg']
[0.444s] colcon.colcon_core.package_identification Level 1 _identify(results) by extension 'colcon_pkg'
[0.444s] colcon.colcon_core.package_identification Level 1 _identify(results) by extensions ['colcon_meta']
[0.444s] colcon.colcon_core.package_identification Level 1 _identify(results) by extension 'colcon_meta'
[0.444s] colcon.colcon_core.package_identification Level 1 _identify(results) by extensions ['ros']
[0.445s] colcon.colcon_core.package_identification Level 1 _identify(results) by extension 'ros'
[0.445s] colcon.colcon_core.package_identification Level 1 _identify(results) by extensions ['cmake', 'python']
[0.445s] colcon.colcon_core.package_identification Level 1 _identify(results) by extension 'cmake'
[0.445s] colcon.colcon_core.package_identification Level 1 _identify(results) by extension 'python'
[0.445s] colcon.colcon_core.package_identification Level 1 _identify(results) by extensions ['python_setup_py']
[0.445s] colcon.colcon_core.package_identification Level 1 _identify(results) by extension 'python_setup_py'
[0.445s] colcon.colcon_core.package_identification Level 1 _identify(results/visual_evidence) by extensions ['ignore', 'ignore_ament_install']
[0.445s] colcon.colcon_core.package_identification Level 1 _identify(results/visual_evidence) by extension 'ignore'
[0.445s] colcon.colcon_core.package_identification Level 1 _identify(results/visual_evidence) by extension 'ignore_ament_install'
[0.445s] colcon.colcon_core.package_identification Level 1 _identify(results/visual_evidence) by extensions ['colcon_pkg']
[0.445s] colcon.colcon_core.package_identification Level 1 _identify(results/visual_evidence) by extension 'colcon_pkg'
[0.445s] colcon.colcon_core.package_identification Level 1 _identify(results/visual_evidence) by extensions ['colcon_meta']
[0.445s] colcon.colcon_core.package_identification Level 1 _identify(results/visual_evidence) by extension 'colcon_meta'
[0.445s] colcon.colcon_core.package_identification Level 1 _identify(results/visual_evidence) by extensions ['ros']
[0.445s] colcon.colcon_core.package_identification Level 1 _identify(results/visual_evidence) by extension 'ros'
[0.445s] colcon.colcon_core.package_identification Level 1 _identify(results/visual_evidence) by extensions ['cmake', 'python']
[0.445s] colcon.colcon_core.package_identification Level 1 _identify(results/visual_evidence) by extension 'cmake'
[0.446s] colcon.colcon_core.package_identification Level 1 _identify(results/visual_evidence) by extension 'python'
[0.446s] colcon.colcon_core.package_identification Level 1 _identify(results/visual_evidence) by extensions ['python_setup_py']
[0.446s] colcon.colcon_core.package_identification Level 1 _identify(results/visual_evidence) by extension 'python_setup_py'
[0.446s] colcon.colcon_core.package_identification Level 1 _identify(src) by extensions ['ignore', 'ignore_ament_install']
[0.446s] colcon.colcon_core.package_identification Level 1 _identify(src) by extension 'ignore'
[0.446s] colcon.colcon_core.package_identification Level 1 _identify(src) by extension 'ignore_ament_install'
[0.446s] colcon.colcon_core.package_identification Level 1 _identify(src) by extensions ['colcon_pkg']
[0.447s] colcon.colcon_core.package_identification Level 1 _identify(src) by extension 'colcon_pkg'
[0.447s] colcon.colcon_core.package_identification Level 1 _identify(src) by extensions ['colcon_meta']
[0.447s] colcon.colcon_core.package_identification Level 1 _identify(src) by extension 'colcon_meta'
[0.447s] colcon.colcon_core.package_identification Level 1 _identify(src) by extensions ['ros']
[0.447s] colcon.colcon_core.package_identification Level 1 _identify(src) by extension 'ros'
[0.447s] colcon.colcon_core.package_identification Level 1 _identify(src) by extensions ['cmake', 'python']
[0.447s] colcon.colcon_core.package_identification Level 1 _identify(src) by extension 'cmake'
[0.447s] colcon.colcon_core.package_identification Level 1 _identify(src) by extension 'python'
[0.447s] colcon.colcon_core.package_identification Level 1 _identify(src) by extensions ['python_setup_py']
[0.447s] colcon.colcon_core.package_identification Level 1 _identify(src) by extension 'python_setup_py'
[0.447s] colcon.colcon_core.package_identification Level 1 _identify(src/nomeer_robot_ros2) by extensions ['ignore', 'ignore_ament_install']
[0.447s] colcon.colcon_core.package_identification Level 1 _identify(src/nomeer_robot_ros2) by extension 'ignore'
[0.448s] colcon.colcon_core.package_identification Level 1 _identify(src/nomeer_robot_ros2) by extension 'ignore_ament_install'
[0.448s] colcon.colcon_core.package_identification Level 1 _identify(src/nomeer_robot_ros2) by extensions ['colcon_pkg']
[0.448s] colcon.colcon_core.package_identification Level 1 _identify(src/nomeer_robot_ros2) by extension 'colcon_pkg'
[0.448s] colcon.colcon_core.package_identification Level 1 _identify(src/nomeer_robot_ros2) by extensions ['colcon_meta']
[0.448s] colcon.colcon_core.package_identification Level 1 _identify(src/nomeer_robot_ros2) by extension 'colcon_meta'
[0.448s] colcon.colcon_core.package_identification Level 1 _identify(src/nomeer_robot_ros2) by extensions ['ros']
[0.448s] colcon.colcon_core.package_identification Level 1 _identify(src/nomeer_robot_ros2) by extension 'ros'
[0.448s] colcon.colcon_core.package_identification Level 1 _identify(src/nomeer_robot_ros2) by extensions ['cmake', 'python']
[0.448s] colcon.colcon_core.package_identification Level 1 _identify(src/nomeer_robot_ros2) by extension 'cmake'
[0.448s] colcon.colcon_core.package_identification Level 1 _identify(src/nomeer_robot_ros2) by extension 'python'
[0.448s] colcon.colcon_core.package_identification Level 1 _identify(src/nomeer_robot_ros2) by extensions ['python_setup_py']
[0.448s] colcon.colcon_core.package_identification Level 1 _identify(src/nomeer_robot_ros2) by extension 'python_setup_py'
[0.448s] colcon.colcon_core.package_identification Level 1 _identify(src/nomeer_robot_ros2/Docs) by extensions ['ignore', 'ignore_ament_install']
[0.449s] colcon.colcon_core.package_identification Level 1 _identify(src/nomeer_robot_ros2/Docs) by extension 'ignore'
[0.449s] colcon.colcon_core.package_identification Level 1 _identify(src/nomeer_robot_ros2/Docs) by extension 'ignore_ament_install'
[0.450s] colcon.colcon_core.package_identification Level 1 _identify(src/nomeer_robot_ros2/Docs) by extensions ['colcon_pkg']
[0.450s] colcon.colcon_core.package_identification Level 1 _identify(src/nomeer_robot_ros2/Docs) by extension 'colcon_pkg'
[0.450s] colcon.colcon_core.package_identification Level 1 _identify(src/nomeer_robot_ros2/Docs) by extensions ['colcon_meta']
[0.450s] colcon.colcon_core.package_identification Level 1 _identify(src/nomeer_robot_ros2/Docs) by extension 'colcon_meta'
[0.450s] colcon.colcon_core.package_identification Level 1 _identify(src/nomeer_robot_ros2/Docs) by extensions ['ros']
[0.450s] colcon.colcon_core.package_identification Level 1 _identify(src/nomeer_robot_ros2/Docs) by extension 'ros'
[0.451s] colcon.colcon_core.package_identification Level 1 _identify(src/nomeer_robot_ros2/Docs) by extensions ['cmake', 'python']
[0.451s] colcon.colcon_core.package_identification Level 1 _identify(src/nomeer_robot_ros2/Docs) by extension 'cmake'
[0.451s] colcon.colcon_core.package_identification Level 1 _identify(src/nomeer_robot_ros2/Docs) by extension 'python'
[0.451s] colcon.colcon_core.package_identification Level 1 _identify(src/nomeer_robot_ros2/Docs) by extensions ['python_setup_py']
[0.451s] colcon.colcon_core.package_identification Level 1 _identify(src/nomeer_robot_ros2/Docs) by extension 'python_setup_py'
[0.451s] colcon.colcon_core.package_identification Level 1 _identify(src/nomeer_robot_ros2/src) by extensions ['ignore', 'ignore_ament_install']
[0.451s] colcon.colcon_core.package_identification Level 1 _identify(src/nomeer_robot_ros2/src) by extension 'ignore'
[0.451s] colcon.colcon_core.package_identification Level 1 _identify(src/nomeer_robot_ros2/src) by extension 'ignore_ament_install'
[0.451s] colcon.colcon_core.package_identification Level 1 _identify(src/nomeer_robot_ros2/src) by extensions ['colcon_pkg']
[0.451s] colcon.colcon_core.package_identification Level 1 _identify(src/nomeer_robot_ros2/src) by extension 'colcon_pkg'
[0.451s] colcon.colcon_core.package_identification Level 1 _identify(src/nomeer_robot_ros2/src) by extensions ['colcon_meta']
[0.452s] colcon.colcon_core.package_identification Level 1 _identify(src/nomeer_robot_ros2/src) by extension 'colcon_meta'
[0.452s] colcon.colcon_core.package_identification Level 1 _identify(src/nomeer_robot_ros2/src) by extensions ['ros']
[0.452s] colcon.colcon_core.package_identification Level 1 _identify(src/nomeer_robot_ros2/src) by extension 'ros'
[0.452s] colcon.colcon_core.package_identification Level 1 _identify(src/nomeer_robot_ros2/src) by extensions ['cmake', 'python']
[0.452s] colcon.colcon_core.package_identification Level 1 _identify(src/nomeer_robot_ros2/src) by extension 'cmake'
[0.452s] colcon.colcon_core.package_identification Level 1 _identify(src/nomeer_robot_ros2/src) by extension 'python'
[0.452s] colcon.colcon_core.package_identification Level 1 _identify(src/nomeer_robot_ros2/src) by extensions ['python_setup_py']
[0.452s] colcon.colcon_core.package_identification Level 1 _identify(src/nomeer_robot_ros2/src) by extension 'python_setup_py'
[0.452s] colcon.colcon_core.package_identification Level 1 _identify(src/nomeer_robot_ros2/src/autonomous_patrol) by extensions ['ignore', 'ignore_ament_install']
[0.453s] colcon.colcon_core.package_identification Level 1 _identify(src/nomeer_robot_ros2/src/autonomous_patrol) by extension 'ignore'
[0.453s] colcon.colcon_core.package_identification Level 1 _identify(src/nomeer_robot_ros2/src/autonomous_patrol) by extension 'ignore_ament_install'
[0.454s] colcon.colcon_core.package_identification Level 1 _identify(src/nomeer_robot_ros2/src/autonomous_patrol) by extensions ['colcon_pkg']
[0.454s] colcon.colcon_core.package_identification Level 1 _identify(src/nomeer_robot_ros2/src/autonomous_patrol) by extension 'colcon_pkg'
[0.454s] colcon.colcon_core.package_identification Level 1 _identify(src/nomeer_robot_ros2/src/autonomous_patrol) by extensions ['colcon_meta']
[0.454s] colcon.colcon_core.package_identification Level 1 _identify(src/nomeer_robot_ros2/src/autonomous_patrol) by extension 'colcon_meta'
[0.454s] colcon.colcon_core.package_identification Level 1 _identify(src/nomeer_robot_ros2/src/autonomous_patrol) by extensions ['ros']
[0.454s] colcon.colcon_core.package_identification Level 1 _identify(src/nomeer_robot_ros2/src/autonomous_patrol) by extension 'ros'
[0.460s] colcon.colcon_core.package_identification DEBUG Package 'src/nomeer_robot_ros2/src/autonomous_patrol' with type 'ros.ament_cmake' and name 'autonomous_patrol'
[0.460s] colcon.colcon_core.package_identification Level 1 _identify(src/nomeer_robot_ros2/src/mono_depth_onnx) by extensions ['ignore', 'ignore_ament_install']
[0.460s] colcon.colcon_core.package_identification Level 1 _identify(src/nomeer_robot_ros2/src/mono_depth_onnx) by extension 'ignore'
[0.460s] colcon.colcon_core.package_identification Level 1 _identify(src/nomeer_robot_ros2/src/mono_depth_onnx) by extension 'ignore_ament_install'
[0.461s] colcon.colcon_core.package_identification Level 1 _identify(src/nomeer_robot_ros2/src/mono_depth_onnx) by extensions ['colcon_pkg']
[0.461s] colcon.colcon_core.package_identification Level 1 _identify(src/nomeer_robot_ros2/src/mono_depth_onnx) by extension 'colcon_pkg'
[0.461s] colcon.colcon_core.package_identification Level 1 _identify(src/nomeer_robot_ros2/src/mono_depth_onnx) by extensions ['colcon_meta']
[0.461s] colcon.colcon_core.package_identification Level 1 _identify(src/nomeer_robot_ros2/src/mono_depth_onnx) by extension 'colcon_meta'
[0.461s] colcon.colcon_core.package_identification Level 1 _identify(src/nomeer_robot_ros2/src/mono_depth_onnx) by extensions ['ros']
[0.461s] colcon.colcon_core.package_identification Level 1 _identify(src/nomeer_robot_ros2/src/mono_depth_onnx) by extension 'ros'
[0.464s] colcon.colcon_core.package_identification DEBUG Package 'src/nomeer_robot_ros2/src/mono_depth_onnx' with type 'ros.ament_cmake' and name 'mono_depth_onnx'
[0.464s] colcon.colcon_core.package_identification Level 1 _identify(src/nomeer_robot_ros2/src/robot_description) by extensions ['ignore', 'ignore_ament_install']
[0.464s] colcon.colcon_core.package_identification Level 1 _identify(src/nomeer_robot_ros2/src/robot_description) by extension 'ignore'
[0.465s] colcon.colcon_core.package_identification Level 1 _identify(src/nomeer_robot_ros2/src/robot_description) by extension 'ignore_ament_install'
[0.465s] colcon.colcon_core.package_identification Level 1 _identify(src/nomeer_robot_ros2/src/robot_description) by extensions ['colcon_pkg']
[0.465s] colcon.colcon_core.package_identification Level 1 _identify(src/nomeer_robot_ros2/src/robot_description) by extension 'colcon_pkg'
[0.465s] colcon.colcon_core.package_identification Level 1 _identify(src/nomeer_robot_ros2/src/robot_description) by extensions ['colcon_meta']
[0.466s] colcon.colcon_core.package_identification Level 1 _identify(src/nomeer_robot_ros2/src/robot_description) by extension 'colcon_meta'
[0.466s] colcon.colcon_core.package_identification Level 1 _identify(src/nomeer_robot_ros2/src/robot_description) by extensions ['ros']
[0.466s] colcon.colcon_core.package_identification Level 1 _identify(src/nomeer_robot_ros2/src/robot_description) by extension 'ros'
[0.468s] colcon.colcon_core.package_identification DEBUG Package 'src/nomeer_robot_ros2/src/robot_description' with type 'ros.ament_cmake' and name 'robot_description'
[0.468s] colcon.colcon_core.package_identification Level 1 _identify(src/nomeer_robot_ros2/src/teleop_twist_keyboard) by extensions ['ignore', 'ignore_ament_install']
[0.468s] colcon.colcon_core.package_identification Level 1 _identify(src/nomeer_robot_ros2/src/teleop_twist_keyboard) by extension 'ignore'
[0.468s] colcon.colcon_core.package_identification Level 1 _identify(src/nomeer_robot_ros2/src/teleop_twist_keyboard) by extension 'ignore_ament_install'
[0.468s] colcon.colcon_core.package_identification Level 1 _identify(src/nomeer_robot_ros2/src/teleop_twist_keyboard) by extensions ['colcon_pkg']
[0.468s] colcon.colcon_core.package_identification Level 1 _identify(src/nomeer_robot_ros2/src/teleop_twist_keyboard) by extension 'colcon_pkg'
[0.469s] colcon.colcon_core.package_identification Level 1 _identify(src/nomeer_robot_ros2/src/teleop_twist_keyboard) by extensions ['colcon_meta']
[0.469s] colcon.colcon_core.package_identification Level 1 _identify(src/nomeer_robot_ros2/src/teleop_twist_keyboard) by extension 'colcon_meta'
[0.469s] colcon.colcon_core.package_identification Level 1 _identify(src/nomeer_robot_ros2/src/teleop_twist_keyboard) by extensions ['ros']
[0.469s] colcon.colcon_core.package_identification Level 1 _identify(src/nomeer_robot_ros2/src/teleop_twist_keyboard) by extension 'ros'
[0.469s] colcon.colcon_core.package_identification Level 1 _identify(src/nomeer_robot_ros2/src/teleop_twist_keyboard) by extensions ['cmake', 'python']
[0.469s] colcon.colcon_core.package_identification Level 1 _identify(src/nomeer_robot_ros2/src/teleop_twist_keyboard) by extension 'cmake'
[0.469s] colcon.colcon_core.package_identification Level 1 _identify(src/nomeer_robot_ros2/src/teleop_twist_keyboard) by extension 'python'
[0.469s] colcon.colcon_core.package_identification Level 1 _identify(src/nomeer_robot_ros2/src/teleop_twist_keyboard) by extensions ['python_setup_py']
[0.470s] colcon.colcon_core.package_identification Level 1 _identify(src/nomeer_robot_ros2/src/teleop_twist_keyboard) by extension 'python_setup_py'
[0.470s] colcon.colcon_core.package_discovery Level 1 discover_packages(recursive) using defaults
[0.470s] colcon.colcon_core.package_discovery Level 1 discover_packages(ignore) discover
[0.470s] colcon.colcon_core.package_discovery Level 1 discover_packages(ignore) using defaults
[0.471s] colcon.colcon_core.package_discovery Level 1 discover_packages(path) discover
[0.471s] colcon.colcon_core.package_discovery Level 1 discover_packages(path) using defaults
[0.506s] colcon.colcon_core.package_selection INFO Skipping not selected package 'mono_depth_onnx' in 'src/nomeer_robot_ros2/src/mono_depth_onnx'
[0.506s] colcon.colcon_core.package_selection INFO Skipping not selected package 'robot_description' in 'src/nomeer_robot_ros2/src/robot_description'
[0.507s] colcon.colcon_core.package_discovery Level 1 discover_packages(prefix_path) check parameters
[0.507s] colcon.colcon_core.package_discovery Level 1 discover_packages(prefix_path) discover
[0.510s] colcon.colcon_installed_package_information.package_discovery DEBUG Found 3 installed packages in /home/ferradar/ros2_ws/install
[0.512s] colcon.colcon_installed_package_information.package_discovery DEBUG Found 297 installed packages in /opt/ros/humble
[0.514s] colcon.colcon_core.package_discovery Level 1 discover_packages(prefix_path) using defaults
[0.612s] colcon.colcon_core.verb Level 5 set package 'autonomous_patrol' build argument 'cmake_args' from command line to 'None'
[0.612s] colcon.colcon_core.verb Level 5 set package 'autonomous_patrol' build argument 'cmake_target' from command line to 'None'
[0.612s] colcon.colcon_core.verb Level 5 set package 'autonomous_patrol' build argument 'cmake_target_skip_unavailable' from command line to 'False'
[0.612s] colcon.colcon_core.verb Level 5 set package 'autonomous_patrol' build argument 'cmake_clean_cache' from command line to 'False'
[0.612s] colcon.colcon_core.verb Level 5 set package 'autonomous_patrol' build argument 'cmake_clean_first' from command line to 'False'
[0.612s] colcon.colcon_core.verb Level 5 set package 'autonomous_patrol' build argument 'cmake_force_configure' from command line to 'False'
[0.612s] colcon.colcon_core.verb Level 5 set package 'autonomous_patrol' build argument 'ament_cmake_args' from command line to 'None'
[0.612s] colcon.colcon_core.verb Level 5 set package 'autonomous_patrol' build argument 'catkin_cmake_args' from command line to 'None'
[0.612s] colcon.colcon_core.verb Level 5 set package 'autonomous_patrol' build argument 'catkin_skip_building_tests' from command line to 'False'
[0.612s] colcon.colcon_core.verb DEBUG Building package 'autonomous_patrol' with the following arguments: {'ament_cmake_args': None, 'build_base': '/home/ferradar/ros2_ws/build/autonomous_patrol', 'catkin_cmake_args': None, 'catkin_skip_building_tests': False, 'cmake_args': None, 'cmake_clean_cache': False, 'cmake_clean_first': False, 'cmake_force_configure': False, 'cmake_target': None, 'cmake_target_skip_unavailable': False, 'install_base': '/home/ferradar/ros2_ws/install/autonomous_patrol', 'merge_install': False, 'path': '/home/ferradar/ros2_ws/src/nomeer_robot_ros2/src/autonomous_patrol', 'symlink_install': True, 'test_result_base': None}
[0.612s] colcon.colcon_core.executor INFO Executing jobs using 'parallel' executor
[0.614s] colcon.colcon_parallel_executor.executor.parallel DEBUG run_until_complete
[0.615s] colcon.colcon_ros.task.ament_cmake.build INFO Building ROS package in '/home/ferradar/ros2_ws/src/nomeer_robot_ros2/src/autonomous_patrol' with build type 'ament_cmake'
[0.615s] colcon.colcon_cmake.task.cmake.build INFO Building CMake package in '/home/ferradar/ros2_ws/src/nomeer_robot_ros2/src/autonomous_patrol'
[0.617s] colcon.colcon_core.plugin_system INFO Skipping extension 'colcon_core.shell.bat': Not used on non-Windows systems
[0.617s] colcon.colcon_core.shell INFO Skip shell extension 'powershell' for command environment: Not usable outside of PowerShell
[0.617s] colcon.colcon_core.shell DEBUG Skip shell extension 'dsv' for command environment
[0.632s] colcon.colcon_core.event_handler.log_command DEBUG Invoking command in '/home/ferradar/ros2_ws/build/autonomous_patrol': CMAKE_PREFIX_PATH=${CMAKE_PREFIX_PATH}:/opt/ros/humble /usr/bin/cmake --build /home/ferradar/ros2_ws/build/autonomous_patrol -- -j6 -l6
[1.811s] colcon.colcon_core.event_handler.log_command DEBUG Invoked command in '/home/ferradar/ros2_ws/build/autonomous_patrol' returned '0': CMAKE_PREFIX_PATH=${CMAKE_PREFIX_PATH}:/opt/ros/humble /usr/bin/cmake --build /home/ferradar/ros2_ws/build/autonomous_patrol -- -j6 -l6
[1.828s] colcon.colcon_core.event_handler.log_command DEBUG Invoking command in '/home/ferradar/ros2_ws/build/autonomous_patrol': CMAKE_PREFIX_PATH=${CMAKE_PREFIX_PATH}:/opt/ros/humble /usr/bin/cmake --install /home/ferradar/ros2_ws/build/autonomous_patrol
[1.965s] colcon.colcon_core.environment Level 1 create_environment_scripts_only(autonomous_patrol)
[1.967s] colcon.colcon_core.event_handler.log_command DEBUG Invoked command in '/home/ferradar/ros2_ws/build/autonomous_patrol' returned '0': CMAKE_PREFIX_PATH=${CMAKE_PREFIX_PATH}:/opt/ros/humble /usr/bin/cmake --install /home/ferradar/ros2_ws/build/autonomous_patrol
[1.969s] colcon.colcon_core.environment Level 1 checking '/home/ferradar/ros2_ws/install/autonomous_patrol' for CMake module files
[1.970s] colcon.colcon_core.environment Level 1 checking '/home/ferradar/ros2_ws/install/autonomous_patrol' for CMake config files
[1.971s] colcon.colcon_core.shell Level 1 create_environment_hook('autonomous_patrol', 'cmake_prefix_path')
[1.971s] colcon.colcon_core.shell INFO Creating environment hook '/home/ferradar/ros2_ws/install/autonomous_patrol/share/autonomous_patrol/hook/cmake_prefix_path.ps1'
[1.972s] colcon.colcon_core.shell INFO Creating environment descriptor '/home/ferradar/ros2_ws/install/autonomous_patrol/share/autonomous_patrol/hook/cmake_prefix_path.dsv'
[1.973s] colcon.colcon_core.shell INFO Creating environment hook '/home/ferradar/ros2_ws/install/autonomous_patrol/share/autonomous_patrol/hook/cmake_prefix_path.sh'
[1.974s] colcon.colcon_core.environment Level 1 checking '/home/ferradar/ros2_ws/install/autonomous_patrol/lib'
[1.976s] colcon.colcon_core.environment Level 1 checking '/home/ferradar/ros2_ws/install/autonomous_patrol/bin'
[1.976s] colcon.colcon_core.environment Level 1 checking '/home/ferradar/ros2_ws/install/autonomous_patrol/lib/pkgconfig/autonomous_patrol.pc'
[1.977s] colcon.colcon_core.environment Level 1 checking '/home/ferradar/ros2_ws/install/autonomous_patrol/lib/python3.10/site-packages'
[1.977s] colcon.colcon_core.environment Level 1 checking '/home/ferradar/ros2_ws/install/autonomous_patrol/bin'
[1.977s] colcon.colcon_core.shell INFO Creating package script '/home/ferradar/ros2_ws/install/autonomous_patrol/share/autonomous_patrol/package.ps1'
[1.981s] colcon.colcon_core.shell INFO Creating package descriptor '/home/ferradar/ros2_ws/install/autonomous_patrol/share/autonomous_patrol/package.dsv'
[1.982s] colcon.colcon_core.shell INFO Creating package script '/home/ferradar/ros2_ws/install/autonomous_patrol/share/autonomous_patrol/package.sh'
[1.986s] colcon.colcon_core.shell INFO Creating package script '/home/ferradar/ros2_ws/install/autonomous_patrol/share/autonomous_patrol/package.bash'
[1.990s] colcon.colcon_core.shell INFO Creating package script '/home/ferradar/ros2_ws/install/autonomous_patrol/share/autonomous_patrol/package.zsh'
[1.992s] colcon.colcon_core.environment Level 1 create_file_with_runtime_dependencies(/home/ferradar/ros2_ws/install/autonomous_patrol/share/colcon-core/packages/autonomous_patrol)
[1.993s] colcon.colcon_core.environment Level 1 create_environment_scripts_only(autonomous_patrol)
[1.993s] colcon.colcon_core.environment Level 1 checking '/home/ferradar/ros2_ws/install/autonomous_patrol' for CMake module files
[1.994s] colcon.colcon_core.environment Level 1 checking '/home/ferradar/ros2_ws/install/autonomous_patrol' for CMake config files
[1.994s] colcon.colcon_core.shell Level 1 create_environment_hook('autonomous_patrol', 'cmake_prefix_path')
[1.995s] colcon.colcon_core.shell INFO Creating environment hook '/home/ferradar/ros2_ws/install/autonomous_patrol/share/autonomous_patrol/hook/cmake_prefix_path.ps1'
[1.996s] colcon.colcon_core.shell INFO Creating environment descriptor '/home/ferradar/ros2_ws/install/autonomous_patrol/share/autonomous_patrol/hook/cmake_prefix_path.dsv'
[1.997s] colcon.colcon_core.shell INFO Creating environment hook '/home/ferradar/ros2_ws/install/autonomous_patrol/share/autonomous_patrol/hook/cmake_prefix_path.sh'
[1.998s] colcon.colcon_core.environment Level 1 checking '/home/ferradar/ros2_ws/install/autonomous_patrol/lib'
[1.998s] colcon.colcon_core.environment Level 1 checking '/home/ferradar/ros2_ws/install/autonomous_patrol/bin'
[1.998s] colcon.colcon_core.environment Level 1 checking '/home/ferradar/ros2_ws/install/autonomous_patrol/lib/pkgconfig/autonomous_patrol.pc'
[1.998s] colcon.colcon_core.environment Level 1 checking '/home/ferradar/ros2_ws/install/autonomous_patrol/lib/python3.10/site-packages'
[1.999s] colcon.colcon_core.environment Level 1 checking '/home/ferradar/ros2_ws/install/autonomous_patrol/bin'
[1.999s] colcon.colcon_core.shell INFO Creating package script '/home/ferradar/ros2_ws/install/autonomous_patrol/share/autonomous_patrol/package.ps1'
[2.000s] colcon.colcon_core.shell INFO Creating package descriptor '/home/ferradar/ros2_ws/install/autonomous_patrol/share/autonomous_patrol/package.dsv'
[2.001s] colcon.colcon_core.shell INFO Creating package script '/home/ferradar/ros2_ws/install/autonomous_patrol/share/autonomous_patrol/package.sh'
[2.002s] colcon.colcon_core.shell INFO Creating package script '/home/ferradar/ros2_ws/install/autonomous_patrol/share/autonomous_patrol/package.bash'
[2.003s] colcon.colcon_core.shell INFO Creating package script '/home/ferradar/ros2_ws/install/autonomous_patrol/share/autonomous_patrol/package.zsh'
[2.004s] colcon.colcon_core.environment Level 1 create_file_with_runtime_dependencies(/home/ferradar/ros2_ws/install/autonomous_patrol/share/colcon-core/packages/autonomous_patrol)
[2.005s] colcon.colcon_parallel_executor.executor.parallel DEBUG closing loop
[2.005s] colcon.colcon_parallel_executor.executor.parallel DEBUG loop closed
[2.005s] colcon.colcon_parallel_executor.executor.parallel DEBUG run_until_complete finished with '0'
[2.005s] colcon.colcon_core.event_reactor DEBUG joining thread
[2.011s] colcon.colcon_core.plugin_system INFO Skipping extension 'colcon_notification.desktop_notification.terminal_notifier': Not used on non-Darwin systems
[2.012s] colcon.colcon_core.plugin_system INFO Skipping extension 'colcon_notification.desktop_notification.win32': Not used on non-Windows systems
[2.012s] colcon.colcon_notification.desktop_notification INFO Sending desktop notification using 'notify2'
[2.038s] colcon.colcon_core.event_reactor DEBUG joined thread
[2.039s] colcon.colcon_core.shell INFO Creating prefix script '/home/ferradar/ros2_ws/install/local_setup.ps1'
[2.040s] colcon.colcon_core.shell INFO Creating prefix util module '/home/ferradar/ros2_ws/install/_local_setup_util_ps1.py'
[2.047s] colcon.colcon_core.shell INFO Creating prefix chain script '/home/ferradar/ros2_ws/install/setup.ps1'
[2.049s] colcon.colcon_core.shell INFO Creating prefix script '/home/ferradar/ros2_ws/install/local_setup.sh'
[2.050s] colcon.colcon_core.shell INFO Creating prefix util module '/home/ferradar/ros2_ws/install/_local_setup_util_sh.py'
[2.051s] colcon.colcon_core.shell INFO Creating prefix chain script '/home/ferradar/ros2_ws/install/setup.sh'
[2.052s] colcon.colcon_core.shell INFO Creating prefix script '/home/ferradar/ros2_ws/install/local_setup.bash'
[2.053s] colcon.colcon_core.shell INFO Creating prefix chain script '/home/ferradar/ros2_ws/install/setup.bash'
[2.054s] colcon.colcon_core.shell INFO Creating prefix script '/home/ferradar/ros2_ws/install/local_setup.zsh'
[2.055s] colcon.colcon_core.shell INFO Creating prefix chain script '/home/ferradar/ros2_ws/install/setup.zsh'
