[0.016s] Invoking command in '/home/ferradar/ros2_ws/build/autonomous_patrol': CMAKE_PREFIX_PATH=${CMAKE_PREFIX_PATH}:/opt/ros/humble /usr/bin/cmake --build /home/ferradar/ros2_ws/build/autonomous_patrol -- -j6 -l6
[0.046s] -- Found ament_cmake: 1.3.12 (/opt/ros/humble/share/ament_cmake/cmake)
[0.206s] -- Found rclpy: 3.3.19 (/opt/ros/humble/share/rclpy/cmake)
[0.423s] -- Configuring done
[0.431s] -- Generating done
[0.432s] -- Build files have been written to: /home/ferradar/ros2_ws/build/autonomous_patrol
[0.485s] Built target ament_cmake_python_copy_autonomous_patrol
[0.790s] running egg_info
[0.790s] writing autonomous_patrol.egg-info/PKG-INFO
[0.790s] writing dependency_links to autonomous_patrol.egg-info/dependency_links.txt
[0.790s] writing top-level names to autonomous_patrol.egg-info/top_level.txt
[0.794s] reading manifest file 'autonomous_patrol.egg-info/SOURCES.txt'
[0.794s] writing manifest file 'autonomous_patrol.egg-info/SOURCES.txt'
[0.830s] Built target ament_cmake_python_build_autonomous_patrol_egg
[0.841s] Invoked command in '/home/ferradar/ros2_ws/build/autonomous_patrol' returned '0': CMAKE_PREFIX_PATH=${CMAKE_PREFIX_PATH}:/opt/ros/humble /usr/bin/cmake --build /home/ferradar/ros2_ws/build/autonomous_patrol -- -j6 -l6
[0.853s] Invoking command in '/home/ferradar/ros2_ws/build/autonomous_patrol': CMAKE_PREFIX_PATH=${CMAKE_PREFIX_PATH}:/opt/ros/humble /usr/bin/cmake --install /home/ferradar/ros2_ws/build/autonomous_patrol
[0.862s] -- Install configuration: ""
[0.863s] -- Up-to-date: /home/ferradar/ros2_ws/install/autonomous_patrol/share/autonomous_patrol/environment/pythonpath.sh
[0.863s] -- Installing: /home/ferradar/ros2_ws/install/autonomous_patrol/share/autonomous_patrol/environment/pythonpath.dsv
[0.863s] -- Up-to-date: /home/ferradar/ros2_ws/install/autonomous_patrol/local/lib/python3.10/dist-packages/autonomous_patrol-0.0.1-py3.10.egg-info
[0.863s] -- Installing: /home/ferradar/ros2_ws/install/autonomous_patrol/local/lib/python3.10/dist-packages/autonomous_patrol-0.0.1-py3.10.egg-info/top_level.txt
[0.863s] -- Installing: /home/ferradar/ros2_ws/install/autonomous_patrol/local/lib/python3.10/dist-packages/autonomous_patrol-0.0.1-py3.10.egg-info/SOURCES.txt
[0.864s] -- Installing: /home/ferradar/ros2_ws/install/autonomous_patrol/local/lib/python3.10/dist-packages/autonomous_patrol-0.0.1-py3.10.egg-info/PKG-INFO
[0.864s] -- Installing: /home/ferradar/ros2_ws/install/autonomous_patrol/local/lib/python3.10/dist-packages/autonomous_patrol-0.0.1-py3.10.egg-info/dependency_links.txt
[0.865s] -- Up-to-date: /home/ferradar/ros2_ws/install/autonomous_patrol/local/lib/python3.10/dist-packages/autonomous_patrol
[0.865s] -- Up-to-date: /home/ferradar/ros2_ws/install/autonomous_patrol/local/lib/python3.10/dist-packages/autonomous_patrol/record_waypoints_node.py
[0.865s] -- Installing: /home/ferradar/ros2_ws/install/autonomous_patrol/local/lib/python3.10/dist-packages/autonomous_patrol/gazebo_odometry_corrector.py
[0.865s] -- Up-to-date: /home/ferradar/ros2_ws/install/autonomous_patrol/local/lib/python3.10/dist-packages/autonomous_patrol/follow_waypoints_node.py
[0.865s] -- Up-to-date: /home/ferradar/ros2_ws/install/autonomous_patrol/local/lib/python3.10/dist-packages/autonomous_patrol/__init__.py
[0.866s] -- Up-to-date: /home/ferradar/ros2_ws/install/autonomous_patrol/local/lib/python3.10/dist-packages/autonomous_patrol/odom_verifier.py
[0.866s] -- Up-to-date: /home/ferradar/ros2_ws/install/autonomous_patrol/local/lib/python3.10/dist-packages/autonomous_patrol/visualizer_node.py
[0.904s] Listing '/home/ferradar/ros2_ws/install/autonomous_patrol/local/lib/python3.10/dist-packages/autonomous_patrol'...
[0.904s] Compiling '/home/ferradar/ros2_ws/install/autonomous_patrol/local/lib/python3.10/dist-packages/autonomous_patrol/gazebo_odometry_corrector.py'...
[0.909s] -- Up-to-date: /home/ferradar/ros2_ws/install/autonomous_patrol/lib/autonomous_patrol/record_waypoints_node.py
[0.915s] -- Up-to-date: /home/ferradar/ros2_ws/install/autonomous_patrol/lib/autonomous_patrol/follow_waypoints_node.py
[0.915s] -- Up-to-date: /home/ferradar/ros2_ws/install/autonomous_patrol/lib/autonomous_patrol/visualizer_node.py
[0.915s] -- Installing: /home/ferradar/ros2_ws/install/autonomous_patrol/lib/autonomous_patrol/gazebo_odometry_corrector.py
[0.915s] -- Up-to-date: /home/ferradar/ros2_ws/install/autonomous_patrol/lib/autonomous_patrol/odom_verifier.py
[0.915s] -- Up-to-date: /home/ferradar/ros2_ws/install/autonomous_patrol/share/autonomous_patrol/launch
[0.915s] -- Up-to-date: /home/ferradar/ros2_ws/install/autonomous_patrol/share/autonomous_patrol/launch/follow_waypoints.launch.py
[0.915s] -- Up-to-date: /home/ferradar/ros2_ws/install/autonomous_patrol/share/autonomous_patrol/launch/record_waypoints.launch.py
[0.915s] -- Up-to-date: /home/ferradar/ros2_ws/install/autonomous_patrol/share/autonomous_patrol/launch/visualize_waypoints.launch.py
[0.915s] -- Up-to-date: /home/ferradar/ros2_ws/install/autonomous_patrol/share/autonomous_patrol/config
[0.915s] -- Up-to-date: /home/ferradar/ros2_ws/install/autonomous_patrol/share/autonomous_patrol/config/autonomous_patrol_config.yaml
[0.915s] -- Up-to-date: /home/ferradar/ros2_ws/install/autonomous_patrol/share/autonomous_patrol/config/test_config.yaml
[0.915s] -- Installing: /home/ferradar/ros2_ws/install/autonomous_patrol/share/ament_index/resource_index/package_run_dependencies/autonomous_patrol
[0.915s] -- Up-to-date: /home/ferradar/ros2_ws/install/autonomous_patrol/share/ament_index/resource_index/parent_prefix_path/autonomous_patrol
[0.916s] -- Up-to-date: /home/ferradar/ros2_ws/install/autonomous_patrol/share/autonomous_patrol/environment/ament_prefix_path.sh
[0.916s] -- Installing: /home/ferradar/ros2_ws/install/autonomous_patrol/share/autonomous_patrol/environment/ament_prefix_path.dsv
[0.916s] -- Up-to-date: /home/ferradar/ros2_ws/install/autonomous_patrol/share/autonomous_patrol/environment/path.sh
[0.916s] -- Installing: /home/ferradar/ros2_ws/install/autonomous_patrol/share/autonomous_patrol/environment/path.dsv
[0.916s] -- Up-to-date: /home/ferradar/ros2_ws/install/autonomous_patrol/share/autonomous_patrol/local_setup.bash
[0.916s] -- Up-to-date: /home/ferradar/ros2_ws/install/autonomous_patrol/share/autonomous_patrol/local_setup.sh
[0.916s] -- Up-to-date: /home/ferradar/ros2_ws/install/autonomous_patrol/share/autonomous_patrol/local_setup.zsh
[0.916s] -- Installing: /home/ferradar/ros2_ws/install/autonomous_patrol/share/autonomous_patrol/local_setup.dsv
[0.916s] -- Installing: /home/ferradar/ros2_ws/install/autonomous_patrol/share/autonomous_patrol/package.dsv
[0.916s] -- Up-to-date: /home/ferradar/ros2_ws/install/autonomous_patrol/share/ament_index/resource_index/packages/autonomous_patrol
[0.916s] -- Up-to-date: /home/ferradar/ros2_ws/install/autonomous_patrol/share/autonomous_patrol/cmake/autonomous_patrolConfig.cmake
[0.916s] -- Up-to-date: /home/ferradar/ros2_ws/install/autonomous_patrol/share/autonomous_patrol/cmake/autonomous_patrolConfig-version.cmake
[0.917s] -- Installing: /home/ferradar/ros2_ws/install/autonomous_patrol/share/autonomous_patrol/package.xml
[0.923s] Invoked command in '/home/ferradar/ros2_ws/build/autonomous_patrol' returned '0': CMAKE_PREFIX_PATH=${CMAKE_PREFIX_PATH}:/opt/ros/humble /usr/bin/cmake --install /home/ferradar/ros2_ws/build/autonomous_patrol
