[0.241s] colcon DEBUG Command line arguments: ['/usr/bin/colcon', 'build', '--packages-select', 'robot_description']
[0.241s] colcon DEBUG Parsed command line arguments: Namespace(log_base=None, log_level=None, verb_name='build', build_base='build', install_base='install', merge_install=False, symlink_install=False, test_result_base=None, continue_on_error=False, executor='parallel', parallel_workers=6, event_handlers=None, ignore_user_meta=False, metas=['./colcon.meta'], base_paths=['.'], packages_ignore=None, packages_ignore_regex=None, paths=None, packages_up_to=None, packages_up_to_regex=None, packages_above=None, packages_above_and_dependencies=None, packages_above_depth=None, packages_select_by_dep=None, packages_skip_by_dep=None, packages_skip_up_to=None, packages_select_build_failed=False, packages_skip_build_finished=False, packages_select_test_failures=False, packages_skip_test_passed=False, packages_select=['robot_description'], packages_skip=None, packages_select_regex=None, packages_skip_regex=None, packages_start=None, packages_end=None, allow_overriding=[], cmake_args=None, cmake_target=None, cmake_target_skip_unavailable=False, cmake_clean_cache=False, cmake_clean_first=False, cmake_force_configure=False, ament_cmake_args=None, catkin_cmake_args=None, catkin_skip_building_tests=False, verb_parser=<colcon_defaults.argument_parser.defaults.DefaultArgumentsDecorator object at 0x7a31fa4ee410>, verb_extension=<colcon_core.verb.build.BuildVerb object at 0x7a31fa4edf00>, main=<bound method BuildVerb.main of <colcon_core.verb.build.BuildVerb object at 0x7a31fa4edf00>>)
[0.479s] colcon.colcon_core.package_discovery Level 1 discover_packages(colcon_meta) check parameters
[0.479s] colcon.colcon_core.package_discovery Level 1 discover_packages(recursive) check parameters
[0.479s] colcon.colcon_core.package_discovery Level 1 discover_packages(ignore) check parameters
[0.479s] colcon.colcon_core.package_discovery Level 1 discover_packages(path) check parameters
[0.479s] colcon.colcon_core.package_discovery Level 1 discover_packages(colcon_meta) discover
[0.479s] colcon.colcon_core.package_discovery Level 1 discover_packages(recursive) discover
[0.479s] colcon.colcon_core.package_discovery INFO Crawling recursively for packages in '/home/ferradar/ros2_ws'
[0.479s] colcon.colcon_core.package_identification Level 1 _identify(.) by extensions ['ignore', 'ignore_ament_install']
[0.480s] colcon.colcon_core.package_identification Level 1 _identify(.) by extension 'ignore'
[0.480s] colcon.colcon_core.package_identification Level 1 _identify(.) by extension 'ignore_ament_install'
[0.480s] colcon.colcon_core.package_identification Level 1 _identify(.) by extensions ['colcon_pkg']
[0.480s] colcon.colcon_core.package_identification Level 1 _identify(.) by extension 'colcon_pkg'
[0.480s] colcon.colcon_core.package_identification Level 1 _identify(.) by extensions ['colcon_meta']
[0.480s] colcon.colcon_core.package_identification Level 1 _identify(.) by extension 'colcon_meta'
[0.480s] colcon.colcon_core.package_identification Level 1 _identify(.) by extensions ['ros']
[0.480s] colcon.colcon_core.package_identification Level 1 _identify(.) by extension 'ros'
[0.505s] colcon.colcon_core.package_identification Level 1 _identify(.) by extensions ['cmake', 'python']
[0.505s] colcon.colcon_core.package_identification Level 1 _identify(.) by extension 'cmake'
[0.505s] colcon.colcon_core.package_identification Level 1 _identify(.) by extension 'python'
[0.506s] colcon.colcon_core.package_identification Level 1 _identify(.) by extensions ['python_setup_py']
[0.506s] colcon.colcon_core.package_identification Level 1 _identify(.) by extension 'python_setup_py'
[0.506s] colcon.colcon_core.package_identification Level 1 _identify(build) by extensions ['ignore', 'ignore_ament_install']
[0.506s] colcon.colcon_core.package_identification Level 1 _identify(build) by extension 'ignore'
[0.507s] colcon.colcon_core.package_identification Level 1 _identify(build) ignored
[0.507s] colcon.colcon_core.package_identification Level 1 _identify(data) by extensions ['ignore', 'ignore_ament_install']
[0.507s] colcon.colcon_core.package_identification Level 1 _identify(data) by extension 'ignore'
[0.507s] colcon.colcon_core.package_identification Level 1 _identify(data) by extension 'ignore_ament_install'
[0.507s] colcon.colcon_core.package_identification Level 1 _identify(data) by extensions ['colcon_pkg']
[0.507s] colcon.colcon_core.package_identification Level 1 _identify(data) by extension 'colcon_pkg'
[0.507s] colcon.colcon_core.package_identification Level 1 _identify(data) by extensions ['colcon_meta']
[0.508s] colcon.colcon_core.package_identification Level 1 _identify(data) by extension 'colcon_meta'
[0.508s] colcon.colcon_core.package_identification Level 1 _identify(data) by extensions ['ros']
[0.508s] colcon.colcon_core.package_identification Level 1 _identify(data) by extension 'ros'
[0.508s] colcon.colcon_core.package_identification Level 1 _identify(data) by extensions ['cmake', 'python']
[0.508s] colcon.colcon_core.package_identification Level 1 _identify(data) by extension 'cmake'
[0.508s] colcon.colcon_core.package_identification Level 1 _identify(data) by extension 'python'
[0.508s] colcon.colcon_core.package_identification Level 1 _identify(data) by extensions ['python_setup_py']
[0.509s] colcon.colcon_core.package_identification Level 1 _identify(data) by extension 'python_setup_py'
[0.509s] colcon.colcon_core.package_identification Level 1 _identify(install) by extensions ['ignore', 'ignore_ament_install']
[0.509s] colcon.colcon_core.package_identification Level 1 _identify(install) by extension 'ignore'
[0.509s] colcon.colcon_core.package_identification Level 1 _identify(install) ignored
[0.509s] colcon.colcon_core.package_identification Level 1 _identify(log) by extensions ['ignore', 'ignore_ament_install']
[0.510s] colcon.colcon_core.package_identification Level 1 _identify(log) by extension 'ignore'
[0.510s] colcon.colcon_core.package_identification Level 1 _identify(log) ignored
[0.510s] colcon.colcon_core.package_identification Level 1 _identify(results) by extensions ['ignore', 'ignore_ament_install']
[0.510s] colcon.colcon_core.package_identification Level 1 _identify(results) by extension 'ignore'
[0.510s] colcon.colcon_core.package_identification Level 1 _identify(results) by extension 'ignore_ament_install'
[0.511s] colcon.colcon_core.package_identification Level 1 _identify(results) by extensions ['colcon_pkg']
[0.511s] colcon.colcon_core.package_identification Level 1 _identify(results) by extension 'colcon_pkg'
[0.511s] colcon.colcon_core.package_identification Level 1 _identify(results) by extensions ['colcon_meta']
[0.511s] colcon.colcon_core.package_identification Level 1 _identify(results) by extension 'colcon_meta'
[0.511s] colcon.colcon_core.package_identification Level 1 _identify(results) by extensions ['ros']
[0.511s] colcon.colcon_core.package_identification Level 1 _identify(results) by extension 'ros'
[0.511s] colcon.colcon_core.package_identification Level 1 _identify(results) by extensions ['cmake', 'python']
[0.511s] colcon.colcon_core.package_identification Level 1 _identify(results) by extension 'cmake'
[0.511s] colcon.colcon_core.package_identification Level 1 _identify(results) by extension 'python'
[0.511s] colcon.colcon_core.package_identification Level 1 _identify(results) by extensions ['python_setup_py']
[0.511s] colcon.colcon_core.package_identification Level 1 _identify(results) by extension 'python_setup_py'
[0.511s] colcon.colcon_core.package_identification Level 1 _identify(src) by extensions ['ignore', 'ignore_ament_install']
[0.511s] colcon.colcon_core.package_identification Level 1 _identify(src) by extension 'ignore'
[0.512s] colcon.colcon_core.package_identification Level 1 _identify(src) by extension 'ignore_ament_install'
[0.512s] colcon.colcon_core.package_identification Level 1 _identify(src) by extensions ['colcon_pkg']
[0.512s] colcon.colcon_core.package_identification Level 1 _identify(src) by extension 'colcon_pkg'
[0.512s] colcon.colcon_core.package_identification Level 1 _identify(src) by extensions ['colcon_meta']
[0.512s] colcon.colcon_core.package_identification Level 1 _identify(src) by extension 'colcon_meta'
[0.512s] colcon.colcon_core.package_identification Level 1 _identify(src) by extensions ['ros']
[0.512s] colcon.colcon_core.package_identification Level 1 _identify(src) by extension 'ros'
[0.515s] colcon.colcon_core.package_identification Level 1 _identify(src) by extensions ['cmake', 'python']
[0.515s] colcon.colcon_core.package_identification Level 1 _identify(src) by extension 'cmake'
[0.516s] colcon.colcon_core.package_identification Level 1 _identify(src) by extension 'python'
[0.516s] colcon.colcon_core.package_identification Level 1 _identify(src) by extensions ['python_setup_py']
[0.516s] colcon.colcon_core.package_identification Level 1 _identify(src) by extension 'python_setup_py'
[0.516s] colcon.colcon_core.package_identification Level 1 _identify(src/nomeer_robot_ros2) by extensions ['ignore', 'ignore_ament_install']
[0.516s] colcon.colcon_core.package_identification Level 1 _identify(src/nomeer_robot_ros2) by extension 'ignore'
[0.517s] colcon.colcon_core.package_identification Level 1 _identify(src/nomeer_robot_ros2) by extension 'ignore_ament_install'
[0.517s] colcon.colcon_core.package_identification Level 1 _identify(src/nomeer_robot_ros2) by extensions ['colcon_pkg']
[0.517s] colcon.colcon_core.package_identification Level 1 _identify(src/nomeer_robot_ros2) by extension 'colcon_pkg'
[0.517s] colcon.colcon_core.package_identification Level 1 _identify(src/nomeer_robot_ros2) by extensions ['colcon_meta']
[0.517s] colcon.colcon_core.package_identification Level 1 _identify(src/nomeer_robot_ros2) by extension 'colcon_meta'
[0.517s] colcon.colcon_core.package_identification Level 1 _identify(src/nomeer_robot_ros2) by extensions ['ros']
[0.517s] colcon.colcon_core.package_identification Level 1 _identify(src/nomeer_robot_ros2) by extension 'ros'
[0.517s] colcon.colcon_core.package_identification Level 1 _identify(src/nomeer_robot_ros2) by extensions ['cmake', 'python']
[0.517s] colcon.colcon_core.package_identification Level 1 _identify(src/nomeer_robot_ros2) by extension 'cmake'
[0.517s] colcon.colcon_core.package_identification Level 1 _identify(src/nomeer_robot_ros2) by extension 'python'
[0.517s] colcon.colcon_core.package_identification Level 1 _identify(src/nomeer_robot_ros2) by extensions ['python_setup_py']
[0.517s] colcon.colcon_core.package_identification Level 1 _identify(src/nomeer_robot_ros2) by extension 'python_setup_py'
[0.517s] colcon.colcon_core.package_identification Level 1 _identify(src/nomeer_robot_ros2/Docs) by extensions ['ignore', 'ignore_ament_install']
[0.517s] colcon.colcon_core.package_identification Level 1 _identify(src/nomeer_robot_ros2/Docs) by extension 'ignore'
[0.517s] colcon.colcon_core.package_identification Level 1 _identify(src/nomeer_robot_ros2/Docs) by extension 'ignore_ament_install'
[0.517s] colcon.colcon_core.package_identification Level 1 _identify(src/nomeer_robot_ros2/Docs) by extensions ['colcon_pkg']
[0.517s] colcon.colcon_core.package_identification Level 1 _identify(src/nomeer_robot_ros2/Docs) by extension 'colcon_pkg'
[0.517s] colcon.colcon_core.package_identification Level 1 _identify(src/nomeer_robot_ros2/Docs) by extensions ['colcon_meta']
[0.517s] colcon.colcon_core.package_identification Level 1 _identify(src/nomeer_robot_ros2/Docs) by extension 'colcon_meta'
[0.518s] colcon.colcon_core.package_identification Level 1 _identify(src/nomeer_robot_ros2/Docs) by extensions ['ros']
[0.518s] colcon.colcon_core.package_identification Level 1 _identify(src/nomeer_robot_ros2/Docs) by extension 'ros'
[0.518s] colcon.colcon_core.package_identification Level 1 _identify(src/nomeer_robot_ros2/Docs) by extensions ['cmake', 'python']
[0.518s] colcon.colcon_core.package_identification Level 1 _identify(src/nomeer_robot_ros2/Docs) by extension 'cmake'
[0.518s] colcon.colcon_core.package_identification Level 1 _identify(src/nomeer_robot_ros2/Docs) by extension 'python'
[0.518s] colcon.colcon_core.package_identification Level 1 _identify(src/nomeer_robot_ros2/Docs) by extensions ['python_setup_py']
[0.518s] colcon.colcon_core.package_identification Level 1 _identify(src/nomeer_robot_ros2/Docs) by extension 'python_setup_py'
[0.518s] colcon.colcon_core.package_identification Level 1 _identify(src/nomeer_robot_ros2/src) by extensions ['ignore', 'ignore_ament_install']
[0.518s] colcon.colcon_core.package_identification Level 1 _identify(src/nomeer_robot_ros2/src) by extension 'ignore'
[0.519s] colcon.colcon_core.package_identification Level 1 _identify(src/nomeer_robot_ros2/src) by extension 'ignore_ament_install'
[0.519s] colcon.colcon_core.package_identification Level 1 _identify(src/nomeer_robot_ros2/src) by extensions ['colcon_pkg']
[0.519s] colcon.colcon_core.package_identification Level 1 _identify(src/nomeer_robot_ros2/src) by extension 'colcon_pkg'
[0.519s] colcon.colcon_core.package_identification Level 1 _identify(src/nomeer_robot_ros2/src) by extensions ['colcon_meta']
[0.519s] colcon.colcon_core.package_identification Level 1 _identify(src/nomeer_robot_ros2/src) by extension 'colcon_meta'
[0.520s] colcon.colcon_core.package_identification Level 1 _identify(src/nomeer_robot_ros2/src) by extensions ['ros']
[0.520s] colcon.colcon_core.package_identification Level 1 _identify(src/nomeer_robot_ros2/src) by extension 'ros'
[0.520s] colcon.colcon_core.package_identification Level 1 _identify(src/nomeer_robot_ros2/src) by extensions ['cmake', 'python']
[0.520s] colcon.colcon_core.package_identification Level 1 _identify(src/nomeer_robot_ros2/src) by extension 'cmake'
[0.520s] colcon.colcon_core.package_identification Level 1 _identify(src/nomeer_robot_ros2/src) by extension 'python'
[0.520s] colcon.colcon_core.package_identification Level 1 _identify(src/nomeer_robot_ros2/src) by extensions ['python_setup_py']
[0.520s] colcon.colcon_core.package_identification Level 1 _identify(src/nomeer_robot_ros2/src) by extension 'python_setup_py'
[0.520s] colcon.colcon_core.package_identification Level 1 _identify(src/nomeer_robot_ros2/src/autonomous_patrol) by extensions ['ignore', 'ignore_ament_install']
[0.520s] colcon.colcon_core.package_identification Level 1 _identify(src/nomeer_robot_ros2/src/autonomous_patrol) by extension 'ignore'
[0.520s] colcon.colcon_core.package_identification Level 1 _identify(src/nomeer_robot_ros2/src/autonomous_patrol) by extension 'ignore_ament_install'
[0.520s] colcon.colcon_core.package_identification Level 1 _identify(src/nomeer_robot_ros2/src/autonomous_patrol) by extensions ['colcon_pkg']
[0.520s] colcon.colcon_core.package_identification Level 1 _identify(src/nomeer_robot_ros2/src/autonomous_patrol) by extension 'colcon_pkg'
[0.520s] colcon.colcon_core.package_identification Level 1 _identify(src/nomeer_robot_ros2/src/autonomous_patrol) by extensions ['colcon_meta']
[0.520s] colcon.colcon_core.package_identification Level 1 _identify(src/nomeer_robot_ros2/src/autonomous_patrol) by extension 'colcon_meta'
[0.520s] colcon.colcon_core.package_identification Level 1 _identify(src/nomeer_robot_ros2/src/autonomous_patrol) by extensions ['ros']
[0.520s] colcon.colcon_core.package_identification Level 1 _identify(src/nomeer_robot_ros2/src/autonomous_patrol) by extension 'ros'
[0.525s] colcon.colcon_core.package_identification DEBUG Package 'src/nomeer_robot_ros2/src/autonomous_patrol' with type 'ros.ament_cmake' and name 'autonomous_patrol'
[0.525s] colcon.colcon_core.package_identification Level 1 _identify(src/nomeer_robot_ros2/src/mono_depth_onnx) by extensions ['ignore', 'ignore_ament_install']
[0.525s] colcon.colcon_core.package_identification Level 1 _identify(src/nomeer_robot_ros2/src/mono_depth_onnx) by extension 'ignore'
[0.525s] colcon.colcon_core.package_identification Level 1 _identify(src/nomeer_robot_ros2/src/mono_depth_onnx) by extension 'ignore_ament_install'
[0.526s] colcon.colcon_core.package_identification Level 1 _identify(src/nomeer_robot_ros2/src/mono_depth_onnx) by extensions ['colcon_pkg']
[0.526s] colcon.colcon_core.package_identification Level 1 _identify(src/nomeer_robot_ros2/src/mono_depth_onnx) by extension 'colcon_pkg'
[0.526s] colcon.colcon_core.package_identification Level 1 _identify(src/nomeer_robot_ros2/src/mono_depth_onnx) by extensions ['colcon_meta']
[0.526s] colcon.colcon_core.package_identification Level 1 _identify(src/nomeer_robot_ros2/src/mono_depth_onnx) by extension 'colcon_meta'
[0.526s] colcon.colcon_core.package_identification Level 1 _identify(src/nomeer_robot_ros2/src/mono_depth_onnx) by extensions ['ros']
[0.527s] colcon.colcon_core.package_identification Level 1 _identify(src/nomeer_robot_ros2/src/mono_depth_onnx) by extension 'ros'
[0.529s] colcon.colcon_core.package_identification DEBUG Package 'src/nomeer_robot_ros2/src/mono_depth_onnx' with type 'ros.ament_cmake' and name 'mono_depth_onnx'
[0.530s] colcon.colcon_core.package_identification Level 1 _identify(src/nomeer_robot_ros2/src/robot_description) by extensions ['ignore', 'ignore_ament_install']
[0.530s] colcon.colcon_core.package_identification Level 1 _identify(src/nomeer_robot_ros2/src/robot_description) by extension 'ignore'
[0.531s] colcon.colcon_core.package_identification Level 1 _identify(src/nomeer_robot_ros2/src/robot_description) by extension 'ignore_ament_install'
[0.531s] colcon.colcon_core.package_identification Level 1 _identify(src/nomeer_robot_ros2/src/robot_description) by extensions ['colcon_pkg']
[0.531s] colcon.colcon_core.package_identification Level 1 _identify(src/nomeer_robot_ros2/src/robot_description) by extension 'colcon_pkg'
[0.531s] colcon.colcon_core.package_identification Level 1 _identify(src/nomeer_robot_ros2/src/robot_description) by extensions ['colcon_meta']
[0.531s] colcon.colcon_core.package_identification Level 1 _identify(src/nomeer_robot_ros2/src/robot_description) by extension 'colcon_meta'
[0.531s] colcon.colcon_core.package_identification Level 1 _identify(src/nomeer_robot_ros2/src/robot_description) by extensions ['ros']
[0.531s] colcon.colcon_core.package_identification Level 1 _identify(src/nomeer_robot_ros2/src/robot_description) by extension 'ros'
[0.533s] colcon.colcon_core.package_identification DEBUG Package 'src/nomeer_robot_ros2/src/robot_description' with type 'ros.ament_cmake' and name 'robot_description'
[0.534s] colcon.colcon_core.package_identification Level 1 _identify(src/nomeer_robot_ros2/src/teleop_twist_keyboard) by extensions ['ignore', 'ignore_ament_install']
[0.534s] colcon.colcon_core.package_identification Level 1 _identify(src/nomeer_robot_ros2/src/teleop_twist_keyboard) by extension 'ignore'
[0.534s] colcon.colcon_core.package_identification Level 1 _identify(src/nomeer_robot_ros2/src/teleop_twist_keyboard) by extension 'ignore_ament_install'
[0.534s] colcon.colcon_core.package_identification Level 1 _identify(src/nomeer_robot_ros2/src/teleop_twist_keyboard) by extensions ['colcon_pkg']
[0.534s] colcon.colcon_core.package_identification Level 1 _identify(src/nomeer_robot_ros2/src/teleop_twist_keyboard) by extension 'colcon_pkg'
[0.534s] colcon.colcon_core.package_identification Level 1 _identify(src/nomeer_robot_ros2/src/teleop_twist_keyboard) by extensions ['colcon_meta']
[0.534s] colcon.colcon_core.package_identification Level 1 _identify(src/nomeer_robot_ros2/src/teleop_twist_keyboard) by extension 'colcon_meta'
[0.534s] colcon.colcon_core.package_identification Level 1 _identify(src/nomeer_robot_ros2/src/teleop_twist_keyboard) by extensions ['ros']
[0.534s] colcon.colcon_core.package_identification Level 1 _identify(src/nomeer_robot_ros2/src/teleop_twist_keyboard) by extension 'ros'
[0.534s] colcon.colcon_core.package_identification Level 1 _identify(src/nomeer_robot_ros2/src/teleop_twist_keyboard) by extensions ['cmake', 'python']
[0.535s] colcon.colcon_core.package_identification Level 1 _identify(src/nomeer_robot_ros2/src/teleop_twist_keyboard) by extension 'cmake'
[0.535s] colcon.colcon_core.package_identification Level 1 _identify(src/nomeer_robot_ros2/src/teleop_twist_keyboard) by extension 'python'
[0.535s] colcon.colcon_core.package_identification Level 1 _identify(src/nomeer_robot_ros2/src/teleop_twist_keyboard) by extensions ['python_setup_py']
[0.535s] colcon.colcon_core.package_identification Level 1 _identify(src/nomeer_robot_ros2/src/teleop_twist_keyboard) by extension 'python_setup_py'
[0.536s] colcon.colcon_core.package_discovery Level 1 discover_packages(recursive) using defaults
[0.536s] colcon.colcon_core.package_discovery Level 1 discover_packages(ignore) discover
[0.536s] colcon.colcon_core.package_discovery Level 1 discover_packages(ignore) using defaults
[0.536s] colcon.colcon_core.package_discovery Level 1 discover_packages(path) discover
[0.536s] colcon.colcon_core.package_discovery Level 1 discover_packages(path) using defaults
[0.567s] colcon.colcon_core.package_selection INFO Skipping not selected package 'autonomous_patrol' in 'src/nomeer_robot_ros2/src/autonomous_patrol'
[0.568s] colcon.colcon_core.package_selection INFO Skipping not selected package 'mono_depth_onnx' in 'src/nomeer_robot_ros2/src/mono_depth_onnx'
[0.568s] colcon.colcon_core.package_discovery Level 1 discover_packages(prefix_path) check parameters
[0.568s] colcon.colcon_core.package_discovery Level 1 discover_packages(prefix_path) discover
[0.570s] colcon.colcon_installed_package_information.package_discovery DEBUG Found 3 installed packages in /home/ferradar/ros2_ws/install
[0.572s] colcon.colcon_installed_package_information.package_discovery DEBUG Found 289 installed packages in /opt/ros/humble
[0.574s] colcon.colcon_core.package_discovery Level 1 discover_packages(prefix_path) using defaults
[0.626s] colcon.colcon_core.verb Level 5 set package 'robot_description' build argument 'cmake_args' from command line to 'None'
[0.626s] colcon.colcon_core.verb Level 5 set package 'robot_description' build argument 'cmake_target' from command line to 'None'
[0.626s] colcon.colcon_core.verb Level 5 set package 'robot_description' build argument 'cmake_target_skip_unavailable' from command line to 'False'
[0.626s] colcon.colcon_core.verb Level 5 set package 'robot_description' build argument 'cmake_clean_cache' from command line to 'False'
[0.626s] colcon.colcon_core.verb Level 5 set package 'robot_description' build argument 'cmake_clean_first' from command line to 'False'
[0.626s] colcon.colcon_core.verb Level 5 set package 'robot_description' build argument 'cmake_force_configure' from command line to 'False'
[0.626s] colcon.colcon_core.verb Level 5 set package 'robot_description' build argument 'ament_cmake_args' from command line to 'None'
[0.626s] colcon.colcon_core.verb Level 5 set package 'robot_description' build argument 'catkin_cmake_args' from command line to 'None'
[0.626s] colcon.colcon_core.verb Level 5 set package 'robot_description' build argument 'catkin_skip_building_tests' from command line to 'False'
[0.626s] colcon.colcon_core.verb DEBUG Building package 'robot_description' with the following arguments: {'ament_cmake_args': None, 'build_base': '/home/ferradar/ros2_ws/build/robot_description', 'catkin_cmake_args': None, 'catkin_skip_building_tests': False, 'cmake_args': None, 'cmake_clean_cache': False, 'cmake_clean_first': False, 'cmake_force_configure': False, 'cmake_target': None, 'cmake_target_skip_unavailable': False, 'install_base': '/home/ferradar/ros2_ws/install/robot_description', 'merge_install': False, 'path': '/home/ferradar/ros2_ws/src/nomeer_robot_ros2/src/robot_description', 'symlink_install': False, 'test_result_base': None}
[0.626s] colcon.colcon_core.executor INFO Executing jobs using 'parallel' executor
[0.628s] colcon.colcon_parallel_executor.executor.parallel DEBUG run_until_complete
[0.628s] colcon.colcon_ros.task.ament_cmake.build INFO Building ROS package in '/home/ferradar/ros2_ws/src/nomeer_robot_ros2/src/robot_description' with build type 'ament_cmake'
[0.629s] colcon.colcon_cmake.task.cmake.build INFO Building CMake package in '/home/ferradar/ros2_ws/src/nomeer_robot_ros2/src/robot_description'
[0.632s] colcon.colcon_core.plugin_system INFO Skipping extension 'colcon_core.shell.bat': Not used on non-Windows systems
[0.633s] colcon.colcon_core.shell INFO Skip shell extension 'powershell' for command environment: Not usable outside of PowerShell
[0.633s] colcon.colcon_core.shell DEBUG Skip shell extension 'dsv' for command environment
[0.645s] colcon.colcon_core.event_handler.log_command DEBUG Invoking command in '/home/ferradar/ros2_ws/build/robot_description': CMAKE_PREFIX_PATH=${CMAKE_PREFIX_PATH}:/opt/ros/humble /usr/bin/cmake --build /home/ferradar/ros2_ws/build/robot_description -- -j6 -l6
[0.744s] colcon.colcon_core.event_handler.log_command DEBUG Invoked command in '/home/ferradar/ros2_ws/build/robot_description' returned '0': CMAKE_PREFIX_PATH=${CMAKE_PREFIX_PATH}:/opt/ros/humble /usr/bin/cmake --build /home/ferradar/ros2_ws/build/robot_description -- -j6 -l6
[0.762s] colcon.colcon_core.event_handler.log_command DEBUG Invoking command in '/home/ferradar/ros2_ws/build/robot_description': CMAKE_PREFIX_PATH=${CMAKE_PREFIX_PATH}:/opt/ros/humble /usr/bin/cmake --install /home/ferradar/ros2_ws/build/robot_description
[0.785s] colcon.colcon_core.environment Level 1 create_environment_scripts_only(robot_description)
[0.793s] colcon.colcon_core.environment Level 1 checking '/home/ferradar/ros2_ws/install/robot_description' for CMake module files
[0.796s] colcon.colcon_core.event_handler.log_command DEBUG Invoked command in '/home/ferradar/ros2_ws/build/robot_description' returned '0': CMAKE_PREFIX_PATH=${CMAKE_PREFIX_PATH}:/opt/ros/humble /usr/bin/cmake --install /home/ferradar/ros2_ws/build/robot_description
[0.797s] colcon.colcon_core.environment Level 1 checking '/home/ferradar/ros2_ws/install/robot_description' for CMake config files
[0.797s] colcon.colcon_core.shell Level 1 create_environment_hook('robot_description', 'cmake_prefix_path')
[0.797s] colcon.colcon_core.shell INFO Creating environment hook '/home/ferradar/ros2_ws/install/robot_description/share/robot_description/hook/cmake_prefix_path.ps1'
[0.798s] colcon.colcon_core.shell INFO Creating environment descriptor '/home/ferradar/ros2_ws/install/robot_description/share/robot_description/hook/cmake_prefix_path.dsv'
[0.798s] colcon.colcon_core.shell INFO Creating environment hook '/home/ferradar/ros2_ws/install/robot_description/share/robot_description/hook/cmake_prefix_path.sh'
[0.799s] colcon.colcon_core.environment Level 1 checking '/home/ferradar/ros2_ws/install/robot_description/bin'
[0.799s] colcon.colcon_core.environment Level 1 checking '/home/ferradar/ros2_ws/install/robot_description/lib/pkgconfig/robot_description.pc'
[0.800s] colcon.colcon_core.environment Level 1 checking '/home/ferradar/ros2_ws/install/robot_description/lib/python3.10/site-packages'
[0.800s] colcon.colcon_core.environment Level 1 checking '/home/ferradar/ros2_ws/install/robot_description/bin'
[0.801s] colcon.colcon_core.shell INFO Creating package script '/home/ferradar/ros2_ws/install/robot_description/share/robot_description/package.ps1'
[0.801s] colcon.colcon_core.shell INFO Creating package descriptor '/home/ferradar/ros2_ws/install/robot_description/share/robot_description/package.dsv'
[0.802s] colcon.colcon_core.shell INFO Creating package script '/home/ferradar/ros2_ws/install/robot_description/share/robot_description/package.sh'
[0.803s] colcon.colcon_core.shell INFO Creating package script '/home/ferradar/ros2_ws/install/robot_description/share/robot_description/package.bash'
[0.804s] colcon.colcon_core.shell INFO Creating package script '/home/ferradar/ros2_ws/install/robot_description/share/robot_description/package.zsh'
[0.805s] colcon.colcon_core.environment Level 1 create_file_with_runtime_dependencies(/home/ferradar/ros2_ws/install/robot_description/share/colcon-core/packages/robot_description)
[0.806s] colcon.colcon_core.environment Level 1 create_environment_scripts_only(robot_description)
[0.806s] colcon.colcon_core.environment Level 1 checking '/home/ferradar/ros2_ws/install/robot_description' for CMake module files
[0.806s] colcon.colcon_core.environment Level 1 checking '/home/ferradar/ros2_ws/install/robot_description' for CMake config files
[0.807s] colcon.colcon_core.shell Level 1 create_environment_hook('robot_description', 'cmake_prefix_path')
[0.807s] colcon.colcon_core.shell INFO Creating environment hook '/home/ferradar/ros2_ws/install/robot_description/share/robot_description/hook/cmake_prefix_path.ps1'
[0.807s] colcon.colcon_core.shell INFO Creating environment descriptor '/home/ferradar/ros2_ws/install/robot_description/share/robot_description/hook/cmake_prefix_path.dsv'
[0.808s] colcon.colcon_core.shell INFO Creating environment hook '/home/ferradar/ros2_ws/install/robot_description/share/robot_description/hook/cmake_prefix_path.sh'
[0.808s] colcon.colcon_core.environment Level 1 checking '/home/ferradar/ros2_ws/install/robot_description/bin'
[0.808s] colcon.colcon_core.environment Level 1 checking '/home/ferradar/ros2_ws/install/robot_description/lib/pkgconfig/robot_description.pc'
[0.808s] colcon.colcon_core.environment Level 1 checking '/home/ferradar/ros2_ws/install/robot_description/lib/python3.10/site-packages'
[0.809s] colcon.colcon_core.environment Level 1 checking '/home/ferradar/ros2_ws/install/robot_description/bin'
[0.809s] colcon.colcon_core.shell INFO Creating package script '/home/ferradar/ros2_ws/install/robot_description/share/robot_description/package.ps1'
[0.810s] colcon.colcon_core.shell INFO Creating package descriptor '/home/ferradar/ros2_ws/install/robot_description/share/robot_description/package.dsv'
[0.810s] colcon.colcon_core.shell INFO Creating package script '/home/ferradar/ros2_ws/install/robot_description/share/robot_description/package.sh'
[0.811s] colcon.colcon_core.shell INFO Creating package script '/home/ferradar/ros2_ws/install/robot_description/share/robot_description/package.bash'
[0.811s] colcon.colcon_core.shell INFO Creating package script '/home/ferradar/ros2_ws/install/robot_description/share/robot_description/package.zsh'
[0.812s] colcon.colcon_core.environment Level 1 create_file_with_runtime_dependencies(/home/ferradar/ros2_ws/install/robot_description/share/colcon-core/packages/robot_description)
[0.812s] colcon.colcon_parallel_executor.executor.parallel DEBUG closing loop
[0.812s] colcon.colcon_parallel_executor.executor.parallel DEBUG loop closed
[0.812s] colcon.colcon_parallel_executor.executor.parallel DEBUG run_until_complete finished with '0'
[0.812s] colcon.colcon_core.event_reactor DEBUG joining thread
[0.819s] colcon.colcon_core.plugin_system INFO Skipping extension 'colcon_notification.desktop_notification.terminal_notifier': Not used on non-Darwin systems
[0.819s] colcon.colcon_core.plugin_system INFO Skipping extension 'colcon_notification.desktop_notification.win32': Not used on non-Windows systems
[0.819s] colcon.colcon_notification.desktop_notification INFO Sending desktop notification using 'notify2'
[0.836s] colcon.colcon_core.event_reactor DEBUG joined thread
[0.836s] colcon.colcon_core.shell INFO Creating prefix script '/home/ferradar/ros2_ws/install/local_setup.ps1'
[0.838s] colcon.colcon_core.shell INFO Creating prefix util module '/home/ferradar/ros2_ws/install/_local_setup_util_ps1.py'
[0.843s] colcon.colcon_core.shell INFO Creating prefix chain script '/home/ferradar/ros2_ws/install/setup.ps1'
[0.844s] colcon.colcon_core.shell INFO Creating prefix script '/home/ferradar/ros2_ws/install/local_setup.sh'
[0.845s] colcon.colcon_core.shell INFO Creating prefix util module '/home/ferradar/ros2_ws/install/_local_setup_util_sh.py'
[0.845s] colcon.colcon_core.shell INFO Creating prefix chain script '/home/ferradar/ros2_ws/install/setup.sh'
[0.847s] colcon.colcon_core.shell INFO Creating prefix script '/home/ferradar/ros2_ws/install/local_setup.bash'
[0.848s] colcon.colcon_core.shell INFO Creating prefix chain script '/home/ferradar/ros2_ws/install/setup.bash'
[0.850s] colcon.colcon_core.shell INFO Creating prefix script '/home/ferradar/ros2_ws/install/local_setup.zsh'
[0.850s] colcon.colcon_core.shell INFO Creating prefix chain script '/home/ferradar/ros2_ws/install/setup.zsh'
